[ 2016-07-16T20:38:19+08:00 ] 127.0.0.1 /favicon.ico
INFO: [ app_init ] --START--
INFO: Run Behavior\BuildLiteBehavior [ RunTime:0.000049s ]
INFO: [ app_init ] --END-- [ RunTime:0.001055s ]
ERR: æ— æ³•åŠ è½½æ¨¡å—:Favicon

[ 2016-07-16T20:38:19+08:00 ] 127.0.0.1 /favicon.ico
INFO: [ app_init ] --START--
INFO: Run Behavior\BuildLiteBehavior [ RunTime:0.000049s ]
INFO: [ app_init ] --END-- [ RunTime:0.000948s ]
ERR: æ— æ³•åŠ è½½æ¨¡å—:Favicon

[ 2016-07-16T21:46:07+08:00 ] 127.0.0.1 /logni
INFO: [ app_init ] --START--
INFO: Run Behavior\BuildLiteBehavior [ RunTime:0.000033s ]
INFO: [ app_init ] --END-- [ RunTime:0.000595s ]
ERR: æ— æ³•åŠ è½½æ¨¡å—:Logni

[ 2016-07-16T21:46:14+08:00 ] 127.0.0.1 /login
INFO: [ app_init ] --START--
INFO: Run Behavior\BuildLiteBehavior [ RunTime:0.000032s ]
INFO: [ app_init ] --END-- [ RunTime:0.000629s ]
ERR: æ— æ³•åŠ è½½æ¨¡å—:Login

[ 2016-07-16T21:49:34+08:00 ] 127.0.0.1 /Public/bootstrap/css/bootstrap.css
INFO: [ app_init ] --START--
INFO: Run Behavior\BuildLiteBehavior [ RunTime:0.000066s ]
INFO: [ app_init ] --END-- [ RunTime:0.000931s ]
ERR: æ— æ³•åŠ è½½æ¨¡å—:Public

[ 2016-07-16T21:49:34+08:00 ] 127.0.0.1 /Public/stylesheets/theme.css
INFO: [ app_init ] --START--
INFO: Run Behavior\BuildLiteBehavior [ RunTime:0.000067s ]
INFO: [ app_init ] --END-- [ RunTime:0.001088s ]
ERR: æ— æ³•åŠ è½½æ¨¡å—:Public

[ 2016-07-16T21:49:34+08:00 ] 127.0.0.1 /Public/layer/extend/layer.ext.js
INFO: [ app_init ] --START--
INFO: Run Behavior\BuildLiteBehavior [ RunTime:0.000063s ]
INFO: [ app_init ] --END-- [ RunTime:0.000927s ]
ERR: æ— æ³•åŠ è½½æ¨¡å—:Public

[ 2016-07-16T21:49:34+08:00 ] 127.0.0.1 /Public/Js/login.js
INFO: [ app_init ] --START--
INFO: Run Behavior\BuildLiteBehavior [ RunTime:0.000109s ]
INFO: [ app_init ] --END-- [ RunTime:0.001309s ]
ERR: æ— æ³•åŠ è½½æ¨¡å—:Public

[ 2016-07-16T21:49:34+08:00 ] 127.0.0.1 /Public/jquery-1.8.1.min.js
INFO: [ app_init ] --START--
INFO: Run Behavior\BuildLiteBehavior [ RunTime:0.000061s ]
INFO: [ app_init ] --END-- [ RunTime:0.001160s ]
ERR: æ— æ³•åŠ è½½æ¨¡å—:Public

[ 2016-07-16T21:49:34+08:00 ] 127.0.0.1 /Public/font-awesome/css/font-awesome.css
INFO: [ app_init ] --START--
INFO: Run Behavior\BuildLiteBehavior [ RunTime:0.000073s ]
INFO: [ app_init ] --END-- [ RunTime:0.001206s ]
ERR: æ— æ³•åŠ è½½æ¨¡å—:Public

[ 2016-07-16T21:49:34+08:00 ] 127.0.0.1 /Public/bootstrap/js/bootstrap.js
INFO: [ app_init ] --START--
INFO: Run Behavior\BuildLiteBehavior [ RunTime:0.000058s ]
INFO: [ app_init ] --END-- [ RunTime:0.000737s ]
ERR: æ— æ³•åŠ è½½æ¨¡å—:Public

[ 2016-07-16T21:49:34+08:00 ] 127.0.0.1 /Public/layer/layer.min.js
INFO: [ app_init ] --START--
INFO: Run Behavior\BuildLiteBehavior [ RunTime:0.000036s ]
INFO: [ app_init ] --END-- [ RunTime:0.000833s ]
ERR: æ— æ³•åŠ è½½æ¨¡å—:Public

[ 2016-07-16T21:49:34+08:00 ] 127.0.0.1 /Public/bootstrap/js/bootstrap.js
INFO: [ app_init ] --START--
INFO: Run Behavior\BuildLiteBehavior [ RunTime:0.000031s ]
INFO: [ app_init ] --END-- [ RunTime:0.000563s ]
ERR: æ— æ³•åŠ è½½æ¨¡å—:Public

[ 2016-07-16T21:49:34+08:00 ] 127.0.0.1 /Public/layer/extend/layer.ext.js
INFO: [ app_init ] --START--
INFO: Run Behavior\BuildLiteBehavior [ RunTime:0.000031s ]
INFO: [ app_init ] --END-- [ RunTime:0.000534s ]
ERR: æ— æ³•åŠ è½½æ¨¡å—:Public

[ 2016-07-16T21:49:34+08:00 ] 127.0.0.1 /Public/Js/login.js
INFO: [ app_init ] --START--
INFO: Run Behavior\BuildLiteBehavior [ RunTime:0.000034s ]
INFO: [ app_init ] --END-- [ RunTime:0.000587s ]
ERR: æ— æ³•åŠ è½½æ¨¡å—:Public

[ 2016-07-16T21:49:34+08:00 ] 127.0.0.1 /Public/assets/ico/favicon.ico
INFO: [ app_init ] --START--
INFO: Run Behavior\BuildLiteBehavior [ RunTime:0.000035s ]
INFO: [ app_init ] --END-- [ RunTime:0.000628s ]
ERR: æ— æ³•åŠ è½½æ¨¡å—:Public

[ 2016-07-16T21:49:34+08:00 ] 127.0.0.1 /Public/assets/ico/favicon.ico
INFO: [ app_init ] --START--
INFO: Run Behavior\BuildLiteBehavior [ RunTime:0.000031s ]
INFO: [ app_init ] --END-- [ RunTime:0.000551s ]
ERR: æ— æ³•åŠ è½½æ¨¡å—:Public

[ 2016-07-16T21:49:54+08:00 ] 127.0.0.1 /Public/bootstrap/css/bootstrap.css
INFO: [ app_init ] --START--
INFO: Run Behavior\BuildLiteBehavior [ RunTime:0.000060s ]
INFO: [ app_init ] --END-- [ RunTime:0.000859s ]
ERR: æ— æ³•åŠ è½½æ¨¡å—:Public

[ 2016-07-16T21:49:54+08:00 ] 127.0.0.1 /Public/font-awesome/css/font-awesome.css
INFO: [ app_init ] --START--
INFO: Run Behavior\BuildLiteBehavior [ RunTime:0.000058s ]
INFO: [ app_init ] --END-- [ RunTime:0.000911s ]
ERR: æ— æ³•åŠ è½½æ¨¡å—:Public

[ 2016-07-16T21:49:55+08:00 ] 127.0.0.1 /Public/layer/extend/layer.ext.js
INFO: [ app_init ] --START--
INFO: Run Behavior\BuildLiteBehavior [ RunTime:0.000065s ]
INFO: [ app_init ] --END-- [ RunTime:0.000881s ]
ERR: æ— æ³•åŠ è½½æ¨¡å—:Public

[ 2016-07-16T21:49:55+08:00 ] 127.0.0.1 /Public/Js/login.js
INFO: [ app_init ] --START--
INFO: Run Behavior\BuildLiteBehavior [ RunTime:0.000059s ]
INFO: [ app_init ] --END-- [ RunTime:0.000966s ]
ERR: æ— æ³•åŠ è½½æ¨¡å—:Public

[ 2016-07-16T21:49:55+08:00 ] 127.0.0.1 /Public/layer/layer.min.js
INFO: [ app_init ] --START--
INFO: Run Behavior\BuildLiteBehavior [ RunTime:0.000066s ]
INFO: [ app_init ] --END-- [ RunTime:0.001167s ]
ERR: æ— æ³•åŠ è½½æ¨¡å—:Public

[ 2016-07-16T21:49:55+08:00 ] 127.0.0.1 /Public/jquery-1.8.1.min.js
INFO: [ app_init ] --START--
INFO: Run Behavior\BuildLiteBehavior [ RunTime:0.000068s ]
INFO: [ app_init ] --END-- [ RunTime:0.000999s ]
ERR: æ— æ³•åŠ è½½æ¨¡å—:Public

[ 2016-07-16T21:49:55+08:00 ] 127.0.0.1 /Public/bootstrap/js/bootstrap.js
INFO: [ app_init ] --START--
INFO: Run Behavior\BuildLiteBehavior [ RunTime:0.000054s ]
INFO: [ app_init ] --END-- [ RunTime:0.002899s ]
ERR: æ— æ³•åŠ è½½æ¨¡å—:Public

[ 2016-07-16T21:49:55+08:00 ] 127.0.0.1 /Public/stylesheets/theme.css
INFO: [ app_init ] --START--
INFO: Run Behavior\BuildLiteBehavior [ RunTime:0.000032s ]
INFO: [ app_init ] --END-- [ RunTime:0.000552s ]
ERR: æ— æ³•åŠ è½½æ¨¡å—:Public

[ 2016-07-16T21:49:55+08:00 ] 127.0.0.1 /Public/layer/layer.min.js
INFO: [ app_init ] --START--
INFO: Run Behavior\BuildLiteBehavior [ RunTime:0.000059s ]
INFO: [ app_init ] --END-- [ RunTime:0.000867s ]
ERR: æ— æ³•åŠ è½½æ¨¡å—:Public

[ 2016-07-16T21:49:55+08:00 ] 127.0.0.1 /Public/bootstrap/js/bootstrap.js
INFO: [ app_init ] --START--
INFO: Run Behavior\BuildLiteBehavior [ RunTime:0.000031s ]
INFO: [ app_init ] --END-- [ RunTime:0.000565s ]
ERR: æ— æ³•åŠ è½½æ¨¡å—:Public

[ 2016-07-16T21:49:55+08:00 ] 127.0.0.1 /Public/layer/extend/layer.ext.js
INFO: [ app_init ] --START--
INFO: Run Behavior\BuildLiteBehavior [ RunTime:0.000057s ]
INFO: [ app_init ] --END-- [ RunTime:0.000644s ]
ERR: æ— æ³•åŠ è½½æ¨¡å—:Public

[ 2016-07-16T21:49:55+08:00 ] 127.0.0.1 /Public/Js/login.js
INFO: [ app_init ] --START--
INFO: Run Behavior\BuildLiteBehavior [ RunTime:0.000032s ]
INFO: [ app_init ] --END-- [ RunTime:0.000532s ]
ERR: æ— æ³•åŠ è½½æ¨¡å—:Public

[ 2016-07-16T21:50:15+08:00 ] 127.0.0.1 /Public/bootstrap/css/bootstrap.css
INFO: [ app_init ] --START--
INFO: Run Behavior\BuildLiteBehavior [ RunTime:0.000057s ]
INFO: [ app_init ] --END-- [ RunTime:0.000896s ]
ERR: æ— æ³•åŠ è½½æ¨¡å—:Public

[ 2016-07-16T21:50:15+08:00 ] 127.0.0.1 /Public/stylesheets/theme.css
INFO: [ app_init ] --START--
INFO: Run Behavior\BuildLiteBehavior [ RunTime:0.000057s ]
INFO: [ app_init ] --END-- [ RunTime:0.000875s ]
ERR: æ— æ³•åŠ è½½æ¨¡å—:Public

[ 2016-07-16T21:50:15+08:00 ] 127.0.0.1 /Public/font-awesome/css/font-awesome.css
INFO: [ app_init ] --START--
INFO: Run Behavior\BuildLiteBehavior [ RunTime:0.000065s ]
INFO: [ app_init ] --END-- [ RunTime:0.001725s ]
ERR: æ— æ³•åŠ è½½æ¨¡å—:Public

[ 2016-07-16T21:50:15+08:00 ] 127.0.0.1 /Public/bootstrap/js/bootstrap.js
INFO: [ app_init ] --START--
INFO: Run Behavior\BuildLiteBehavior [ RunTime:0.000064s ]
INFO: [ app_init ] --END-- [ RunTime:0.001612s ]
ERR: æ— æ³•åŠ è½½æ¨¡å—:Public

[ 2016-07-16T21:50:15+08:00 ] 127.0.0.1 /Public/jquery-1.8.1.min.js
INFO: [ app_init ] --START--
INFO: Run Behavior\BuildLiteBehavior [ RunTime:0.000061s ]
INFO: [ app_init ] --END-- [ RunTime:0.000972s ]
ERR: æ— æ³•åŠ è½½æ¨¡å—:Public

[ 2016-07-16T21:50:15+08:00 ] 127.0.0.1 /Public/Js/login.js
INFO: [ app_init ] --START--
INFO: Run Behavior\BuildLiteBehavior [ RunTime:0.000057s ]
INFO: [ app_init ] --END-- [ RunTime:0.001370s ]
ERR: æ— æ³•åŠ è½½æ¨¡å—:Public

[ 2016-07-16T21:50:15+08:00 ] 127.0.0.1 /Public/layer/layer.min.js
INFO: [ app_init ] --START--
INFO: Run Behavior\BuildLiteBehavior [ RunTime:0.000065s ]
INFO: [ app_init ] --END-- [ RunTime:0.002680s ]
ERR: æ— æ³•åŠ è½½æ¨¡å—:Public

[ 2016-07-16T21:50:15+08:00 ] 127.0.0.1 /Public/layer/extend/layer.ext.js
INFO: [ app_init ] --START--
INFO: Run Behavior\BuildLiteBehavior [ RunTime:0.000058s ]
INFO: [ app_init ] --END-- [ RunTime:0.000894s ]
ERR: æ— æ³•åŠ è½½æ¨¡å—:Public

[ 2016-07-16T21:50:15+08:00 ] 127.0.0.1 /Public/bootstrap/js/bootstrap.js
INFO: [ app_init ] --START--
INFO: Run Behavior\BuildLiteBehavior [ RunTime:0.000068s ]
INFO: [ app_init ] --END-- [ RunTime:0.000964s ]
ERR: æ— æ³•åŠ è½½æ¨¡å—:Public

[ 2016-07-16T21:50:15+08:00 ] 127.0.0.1 /Public/layer/extend/layer.ext.js
INFO: [ app_init ] --START--
INFO: Run Behavior\BuildLiteBehavior [ RunTime:0.000033s ]
INFO: [ app_init ] --END-- [ RunTime:0.000556s ]
ERR: æ— æ³•åŠ è½½æ¨¡å—:Public

[ 2016-07-16T21:50:15+08:00 ] 127.0.0.1 /Public/Js/login.js
INFO: [ app_init ] --START--
INFO: Run Behavior\BuildLiteBehavior [ RunTime:0.000031s ]
INFO: [ app_init ] --END-- [ RunTime:0.000565s ]
ERR: æ— æ³•åŠ è½½æ¨¡å—:Public

[ 2016-07-16T21:50:18+08:00 ] 127.0.0.1 /Public/stylesheets/theme.css
INFO: [ app_init ] --START--
INFO: Run Behavior\BuildLiteBehavior [ RunTime:0.000065s ]
INFO: [ app_init ] --END-- [ RunTime:0.001253s ]
ERR: æ— æ³•åŠ è½½æ¨¡å—:Public

[ 2016-07-16T21:50:18+08:00 ] 127.0.0.1 /Public/font-awesome/css/font-awesome.css
INFO: [ app_init ] --START--
INFO: Run Behavior\BuildLiteBehavior [ RunTime:0.000070s ]
INFO: [ app_init ] --END-- [ RunTime:0.000880s ]
ERR: æ— æ³•åŠ è½½æ¨¡å—:Public

[ 2016-07-16T21:50:18+08:00 ] 127.0.0.1 /Public/jquery-1.8.1.min.js
INFO: [ app_init ] --START--
INFO: Run Behavior\BuildLiteBehavior [ RunTime:0.000064s ]
INFO: [ app_init ] --END-- [ RunTime:0.001689s ]
ERR: æ— æ³•åŠ è½½æ¨¡å—:Public

[ 2016-07-16T21:50:18+08:00 ] 127.0.0.1 /Public/bootstrap/js/bootstrap.js
INFO: [ app_init ] --START--
INFO: Run Behavior\BuildLiteBehavior [ RunTime:0.000057s ]
INFO: [ app_init ] --END-- [ RunTime:0.001001s ]
ERR: æ— æ³•åŠ è½½æ¨¡å—:Public

[ 2016-07-16T21:50:18+08:00 ] 127.0.0.1 /Public/layer/extend/layer.ext.js
INFO: [ app_init ] --START--
INFO: Run Behavior\BuildLiteBehavior [ RunTime:0.000062s ]
INFO: [ app_init ] --END-- [ RunTime:0.000861s ]
ERR: æ— æ³•åŠ è½½æ¨¡å—:Public

[ 2016-07-16T21:50:18+08:00 ] 127.0.0.1 /Public/Js/login.js
INFO: [ app_init ] --START--
INFO: Run Behavior\BuildLiteBehavior [ RunTime:0.000061s ]
INFO: [ app_init ] --END-- [ RunTime:0.001273s ]
ERR: æ— æ³•åŠ è½½æ¨¡å—:Public

[ 2016-07-16T21:50:18+08:00 ] 127.0.0.1 /Public/layer/layer.min.js
INFO: [ app_init ] --START--
INFO: Run Behavior\BuildLiteBehavior [ RunTime:0.000069s ]
INFO: [ app_init ] --END-- [ RunTime:0.028994s ]
ERR: æ— æ³•åŠ è½½æ¨¡å—:Public

[ 2016-07-16T21:50:18+08:00 ] 127.0.0.1 /Public/bootstrap/css/bootstrap.css
INFO: [ app_init ] --START--
INFO: Run Behavior\BuildLiteBehavior [ RunTime:0.000031s ]
INFO: [ app_init ] --END-- [ RunTime:0.000577s ]
ERR: æ— æ³•åŠ è½½æ¨¡å—:Public

[ 2016-07-16T21:50:18+08:00 ] 127.0.0.1 /Public/bootstrap/js/bootstrap.js
INFO: [ app_init ] --START--
INFO: Run Behavior\BuildLiteBehavior [ RunTime:0.000035s ]
INFO: [ app_init ] --END-- [ RunTime:0.000651s ]
ERR: æ— æ³•åŠ è½½æ¨¡å—:Public

[ 2016-07-16T21:50:18+08:00 ] 127.0.0.1 /Public/layer/extend/layer.ext.js
INFO: [ app_init ] --START--
INFO: Run Behavior\BuildLiteBehavior [ RunTime:0.000030s ]
INFO: [ app_init ] --END-- [ RunTime:0.000596s ]
ERR: æ— æ³•åŠ è½½æ¨¡å—:Public

[ 2016-07-16T21:50:18+08:00 ] 127.0.0.1 /Public/Js/login.js
INFO: [ app_init ] --START--
INFO: Run Behavior\BuildLiteBehavior [ RunTime:0.000052s ]
INFO: [ app_init ] --END-- [ RunTime:0.000704s ]
ERR: æ— æ³•åŠ è½½æ¨¡å—:Public

[ 2016-07-16T21:50:19+08:00 ] 127.0.0.1 /Public/bootstrap/css/bootstrap.css
INFO: [ app_init ] --START--
INFO: Run Behavior\BuildLiteBehavior [ RunTime:0.000062s ]
INFO: [ app_init ] --END-- [ RunTime:0.001353s ]
ERR: æ— æ³•åŠ è½½æ¨¡å—:Public

[ 2016-07-16T21:50:19+08:00 ] 127.0.0.1 /Public/stylesheets/theme.css
INFO: [ app_init ] --START--
INFO: Run Behavior\BuildLiteBehavior [ RunTime:0.000064s ]
INFO: [ app_init ] --END-- [ RunTime:0.001088s ]
ERR: æ— æ³•åŠ è½½æ¨¡å—:Public

[ 2016-07-16T21:50:19+08:00 ] 127.0.0.1 /Public/jquery-1.8.1.min.js
INFO: [ app_init ] --START--
INFO: Run Behavior\BuildLiteBehavior [ RunTime:0.000060s ]
INFO: [ app_init ] --END-- [ RunTime:0.000976s ]
ERR: æ— æ³•åŠ è½½æ¨¡å—:Public

[ 2016-07-16T21:50:19+08:00 ] 127.0.0.1 /Public/bootstrap/js/bootstrap.js
INFO: [ app_init ] --START--
INFO: Run Behavior\BuildLiteBehavior [ RunTime:0.000059s ]
INFO: [ app_init ] --END-- [ RunTime:0.001297s ]
ERR: æ— æ³•åŠ è½½æ¨¡å—:Public

[ 2016-07-16T21:50:19+08:00 ] 127.0.0.1 /Public/layer/layer.min.js
INFO: [ app_init ] --START--
INFO: Run Behavior\BuildLiteBehavior [ RunTime:0.000176s ]
INFO: [ app_init ] --END-- [ RunTime:0.001750s ]
ERR: æ— æ³•åŠ è½½æ¨¡å—:Public

[ 2016-07-16T21:50:19+08:00 ] 127.0.0.1 /Public/layer/extend/layer.ext.js
INFO: [ app_init ] --START--
INFO: Run Behavior\BuildLiteBehavior [ RunTime:0.000060s ]
INFO: [ app_init ] --END-- [ RunTime:0.000960s ]
ERR: æ— æ³•åŠ è½½æ¨¡å—:Public

[ 2016-07-16T21:50:19+08:00 ] 127.0.0.1 /Public/Js/login.js
INFO: [ app_init ] --START--
INFO: Run Behavior\BuildLiteBehavior [ RunTime:0.000061s ]
INFO: [ app_init ] --END-- [ RunTime:0.000881s ]
ERR: æ— æ³•åŠ è½½æ¨¡å—:Public

[ 2016-07-16T21:50:19+08:00 ] 127.0.0.1 /Public/font-awesome/css/font-awesome.css
INFO: [ app_init ] --START--
INFO: Run Behavior\BuildLiteBehavior [ RunTime:0.000064s ]
INFO: [ app_init ] --END-- [ RunTime:0.001005s ]
ERR: æ— æ³•åŠ è½½æ¨¡å—:Public

[ 2016-07-16T21:50:19+08:00 ] 127.0.0.1 /Public/layer/layer.min.js
INFO: [ app_init ] --START--
INFO: Run Behavior\BuildLiteBehavior [ RunTime:0.000063s ]
INFO: [ app_init ] --END-- [ RunTime:0.001061s ]
ERR: æ— æ³•åŠ è½½æ¨¡å—:Public

[ 2016-07-16T21:50:19+08:00 ] 127.0.0.1 /Public/bootstrap/js/bootstrap.js
INFO: [ app_init ] --START--
INFO: Run Behavior\BuildLiteBehavior [ RunTime:0.000034s ]
INFO: [ app_init ] --END-- [ RunTime:0.000696s ]
ERR: æ— æ³•åŠ è½½æ¨¡å—:Public

[ 2016-07-16T21:50:19+08:00 ] 127.0.0.1 /Public/layer/extend/layer.ext.js
INFO: [ app_init ] --START--
INFO: Run Behavior\BuildLiteBehavior [ RunTime:0.000033s ]
INFO: [ app_init ] --END-- [ RunTime:0.000569s ]
ERR: æ— æ³•åŠ è½½æ¨¡å—:Public

[ 2016-07-16T21:50:19+08:00 ] 127.0.0.1 /Public/Js/login.js
INFO: [ app_init ] --START--
INFO: Run Behavior\BuildLiteBehavior [ RunTime:0.000031s ]
INFO: [ app_init ] --END-- [ RunTime:0.000529s ]
ERR: æ— æ³•åŠ è½½æ¨¡å—:Public

[ 2016-07-16T21:50:24+08:00 ] 127.0.0.1 /Public/bootstrap/css/bootstrap.css
INFO: [ app_init ] --START--
INFO: Run Behavior\BuildLiteBehavior [ RunTime:0.000072s ]
INFO: [ app_init ] --END-- [ RunTime:0.000996s ]
ERR: æ— æ³•åŠ è½½æ¨¡å—:Public

[ 2016-07-16T21:50:24+08:00 ] 127.0.0.1 /Public/stylesheets/theme.css
INFO: [ app_init ] --START--
INFO: Run Behavior\BuildLiteBehavior [ RunTime:0.000055s ]
INFO: [ app_init ] --END-- [ RunTime:0.000870s ]
ERR: æ— æ³•åŠ è½½æ¨¡å—:Public

[ 2016-07-16T21:50:24+08:00 ] 127.0.0.1 /Public/layer/layer.min.js
INFO: [ app_init ] --START--
INFO: Run Behavior\BuildLiteBehavior [ RunTime:0.000066s ]
INFO: [ app_init ] --END-- [ RunTime:0.002916s ]
ERR: æ— æ³•åŠ è½½æ¨¡å—:Public

[ 2016-07-16T21:50:24+08:00 ] 127.0.0.1 /Public/layer/extend/layer.ext.js
INFO: [ app_init ] --START--
INFO: Run Behavior\BuildLiteBehavior [ RunTime:0.000057s ]
INFO: [ app_init ] --END-- [ RunTime:0.001399s ]
ERR: æ— æ³•åŠ è½½æ¨¡å—:Public

[ 2016-07-16T21:50:24+08:00 ] 127.0.0.1 /Public/font-awesome/css/font-awesome.css
INFO: [ app_init ] --START--
INFO: Run Behavior\BuildLiteBehavior [ RunTime:0.000060s ]
INFO: [ app_init ] --END-- [ RunTime:0.001331s ]
ERR: æ— æ³•åŠ è½½æ¨¡å—:Public

[ 2016-07-16T21:50:24+08:00 ] 127.0.0.1 /Public/jquery-1.8.1.min.js
INFO: [ app_init ] --START--
INFO: Run Behavior\BuildLiteBehavior [ RunTime:0.000058s ]
INFO: [ app_init ] --END-- [ RunTime:0.001381s ]
ERR: æ— æ³•åŠ è½½æ¨¡å—:Public

[ 2016-07-16T21:50:24+08:00 ] 127.0.0.1 /Public/Js/login.js
INFO: [ app_init ] --START--
INFO: Run Behavior\BuildLiteBehavior [ RunTime:0.000064s ]
INFO: [ app_init ] --END-- [ RunTime:0.001541s ]
ERR: æ— æ³•åŠ è½½æ¨¡å—:Public

[ 2016-07-16T21:50:24+08:00 ] 127.0.0.1 /Public/bootstrap/js/bootstrap.js
INFO: [ app_init ] --START--
INFO: Run Behavior\BuildLiteBehavior [ RunTime:0.000075s ]
INFO: [ app_init ] --END-- [ RunTime:0.002264s ]
ERR: æ— æ³•åŠ è½½æ¨¡å—:Public

[ 2016-07-16T21:50:24+08:00 ] 127.0.0.1 /Public/layer/layer.min.js
INFO: [ app_init ] --START--
INFO: Run Behavior\BuildLiteBehavior [ RunTime:0.000031s ]
INFO: [ app_init ] --END-- [ RunTime:0.000539s ]
ERR: æ— æ³•åŠ è½½æ¨¡å—:Public

[ 2016-07-16T21:50:24+08:00 ] 127.0.0.1 /Public/bootstrap/js/bootstrap.js
INFO: [ app_init ] --START--
INFO: Run Behavior\BuildLiteBehavior [ RunTime:0.000033s ]
INFO: [ app_init ] --END-- [ RunTime:0.000578s ]
ERR: æ— æ³•åŠ è½½æ¨¡å—:Public

[ 2016-07-16T21:50:24+08:00 ] 127.0.0.1 /Public/layer/extend/layer.ext.js
INFO: [ app_init ] --START--
INFO: Run Behavior\BuildLiteBehavior [ RunTime:0.000032s ]
INFO: [ app_init ] --END-- [ RunTime:0.000558s ]
ERR: æ— æ³•åŠ è½½æ¨¡å—:Public

[ 2016-07-16T21:50:24+08:00 ] 127.0.0.1 /Public/Js/login.js
INFO: [ app_init ] --START--
INFO: Run Behavior\BuildLiteBehavior [ RunTime:0.000043s ]
INFO: [ app_init ] --END-- [ RunTime:0.000625s ]
ERR: æ— æ³•åŠ è½½æ¨¡å—:Public

[ 2016-07-16T21:52:04+08:00 ] 127.0.0.1 /Public/bootstrap/css/bootstrap.css
INFO: [ app_init ] --START--
INFO: Run Behavior\BuildLiteBehavior [ RunTime:0.000099s ]
INFO: [ app_init ] --END-- [ RunTime:0.001509s ]
ERR: æ— æ³•åŠ è½½æ¨¡å—:Public

[ 2016-07-16T21:52:04+08:00 ] 127.0.0.1 /Public/stylesheets/theme.css
INFO: [ app_init ] --START--
INFO: Run Behavior\BuildLiteBehavior [ RunTime:0.000065s ]
INFO: [ app_init ] --END-- [ RunTime:0.001717s ]
ERR: æ— æ³•åŠ è½½æ¨¡å—:Public

[ 2016-07-16T21:52:04+08:00 ] 127.0.0.1 /Public/font-awesome/css/font-awesome.css
INFO: [ app_init ] --START--
INFO: Run Behavior\BuildLiteBehavior [ RunTime:0.000064s ]
INFO: [ app_init ] --END-- [ RunTime:0.002324s ]
ERR: æ— æ³•åŠ è½½æ¨¡å—:Public

[ 2016-07-16T21:52:04+08:00 ] 127.0.0.1 /Public/jquery-1.8.1.min.js
INFO: [ app_init ] --START--
INFO: Run Behavior\BuildLiteBehavior [ RunTime:0.000059s ]
INFO: [ app_init ] --END-- [ RunTime:0.004461s ]
ERR: æ— æ³•åŠ è½½æ¨¡å—:Public

[ 2016-07-16T21:52:04+08:00 ] 127.0.0.1 /Public/layer/layer.min.js
INFO: [ app_init ] --START--
INFO: Run Behavior\BuildLiteBehavior [ RunTime:0.000067s ]
INFO: [ app_init ] --END-- [ RunTime:0.001046s ]
ERR: æ— æ³•åŠ è½½æ¨¡å—:Public

[ 2016-07-16T21:52:04+08:00 ] 127.0.0.1 /Public/bootstrap/js/bootstrap.js
INFO: [ app_init ] --START--
INFO: Run Behavior\BuildLiteBehavior [ RunTime:0.000328s ]
INFO: [ app_init ] --END-- [ RunTime:0.001350s ]
ERR: æ— æ³•åŠ è½½æ¨¡å—:Public

[ 2016-07-16T21:52:04+08:00 ] 127.0.0.1 /Public/Js/login.js
INFO: [ app_init ] --START--
INFO: Run Behavior\BuildLiteBehavior [ RunTime:0.000059s ]
INFO: [ app_init ] --END-- [ RunTime:0.001528s ]
ERR: æ— æ³•åŠ è½½æ¨¡å—:Public

[ 2016-07-16T21:52:04+08:00 ] 127.0.0.1 /Public/layer/extend/layer.ext.js
INFO: [ app_init ] --START--
INFO: Run Behavior\BuildLiteBehavior [ RunTime:0.000061s ]
INFO: [ app_init ] --END-- [ RunTime:0.001108s ]
ERR: æ— æ³•åŠ è½½æ¨¡å—:Public

[ 2016-07-16T21:52:05+08:00 ] 127.0.0.1 /Public/Js/login.js
INFO: [ app_init ] --START--
INFO: Run Behavior\BuildLiteBehavior [ RunTime:0.000048s ]
INFO: [ app_init ] --END-- [ RunTime:0.000708s ]
ERR: æ— æ³•åŠ è½½æ¨¡å—:Public

[ 2016-07-16T21:52:23+08:00 ] 127.0.0.1 /Public/bootstrap/css/bootstrap.css
INFO: [ app_init ] --START--
INFO: Run Behavior\BuildLiteBehavior [ RunTime:0.000060s ]
INFO: [ app_init ] --END-- [ RunTime:0.000864s ]
ERR: æ— æ³•åŠ è½½æ¨¡å—:Public

[ 2016-07-16T21:52:23+08:00 ] 127.0.0.1 /Public/stylesheets/theme.css
INFO: [ app_init ] --START--
INFO: Run Behavior\BuildLiteBehavior [ RunTime:0.000078s ]
INFO: [ app_init ] --END-- [ RunTime:0.001039s ]
ERR: æ— æ³•åŠ è½½æ¨¡å—:Public

[ 2016-07-16T21:52:23+08:00 ] 127.0.0.1 /Public/font-awesome/css/font-awesome.css
INFO: [ app_init ] --START--
INFO: Run Behavior\BuildLiteBehavior [ RunTime:0.000062s ]
INFO: [ app_init ] --END-- [ RunTime:0.000875s ]
ERR: æ— æ³•åŠ è½½æ¨¡å—:Public

[ 2016-07-16T21:52:23+08:00 ] 127.0.0.1 /Public/jquery-1.8.1.min.js
INFO: [ app_init ] --START--
INFO: Run Behavior\BuildLiteBehavior [ RunTime:0.000059s ]
INFO: [ app_init ] --END-- [ RunTime:0.001315s ]
ERR: æ— æ³•åŠ è½½æ¨¡å—:Public

[ 2016-07-16T21:52:23+08:00 ] 127.0.0.1 /Public/layer/extend/layer.ext.js
INFO: [ app_init ] --START--
INFO: Run Behavior\BuildLiteBehavior [ RunTime:0.000063s ]
INFO: [ app_init ] --END-- [ RunTime:0.001125s ]
ERR: æ— æ³•åŠ è½½æ¨¡å—:Public

[ 2016-07-16T21:52:23+08:00 ] 127.0.0.1 /Public/Js/login.js
INFO: [ app_init ] --START--
INFO: Run Behavior\BuildLiteBehavior [ RunTime:0.000061s ]
INFO: [ app_init ] --END-- [ RunTime:0.000978s ]
ERR: æ— æ³•åŠ è½½æ¨¡å—:Public

[ 2016-07-16T21:52:23+08:00 ] 127.0.0.1 /Public/bootstrap/js/bootstrap.js
INFO: [ app_init ] --START--
INFO: Run Behavior\BuildLiteBehavior [ RunTime:0.000064s ]
INFO: [ app_init ] --END-- [ RunTime:0.000979s ]
ERR: æ— æ³•åŠ è½½æ¨¡å—:Public

[ 2016-07-16T21:52:23+08:00 ] 127.0.0.1 /Public/layer/layer.min.js
INFO: [ app_init ] --START--
INFO: Run Behavior\BuildLiteBehavior [ RunTime:0.000031s ]
INFO: [ app_init ] --END-- [ RunTime:0.000568s ]
ERR: æ— æ³•åŠ è½½æ¨¡å—:Public

[ 2016-07-16T21:52:23+08:00 ] 127.0.0.1 /Public/bootstrap/js/bootstrap.js
INFO: [ app_init ] --START--
INFO: Run Behavior\BuildLiteBehavior [ RunTime:0.000031s ]
INFO: [ app_init ] --END-- [ RunTime:0.000545s ]
ERR: æ— æ³•åŠ è½½æ¨¡å—:Public

[ 2016-07-16T21:52:23+08:00 ] 127.0.0.1 /Public/layer/extend/layer.ext.js
INFO: [ app_init ] --START--
INFO: Run Behavior\BuildLiteBehavior [ RunTime:0.000031s ]
INFO: [ app_init ] --END-- [ RunTime:0.000543s ]
ERR: æ— æ³•åŠ è½½æ¨¡å—:Public

[ 2016-07-16T21:52:23+08:00 ] 127.0.0.1 /Public/Js/login.js
INFO: [ app_init ] --START--
INFO: Run Behavior\BuildLiteBehavior [ RunTime:0.000032s ]
INFO: [ app_init ] --END-- [ RunTime:0.000541s ]
ERR: æ— æ³•åŠ è½½æ¨¡å—:Public

[ 2016-07-16T21:52:32+08:00 ] 127.0.0.1 /Public/bootstrap/css/bootstrap.css
INFO: [ app_init ] --START--
INFO: Run Behavior\BuildLiteBehavior [ RunTime:0.000064s ]
INFO: [ app_init ] --END-- [ RunTime:0.000915s ]
ERR: æ— æ³•åŠ è½½æ¨¡å—:Public

[ 2016-07-16T21:52:32+08:00 ] 127.0.0.1 /Public/font-awesome/css/font-awesome.css
INFO: [ app_init ] --START--
INFO: Run Behavior\BuildLiteBehavior [ RunTime:0.000065s ]
INFO: [ app_init ] --END-- [ RunTime:0.001236s ]
ERR: æ— æ³•åŠ è½½æ¨¡å—:Public

[ 2016-07-16T21:52:32+08:00 ] 127.0.0.1 /Public/layer/layer.min.js
INFO: [ app_init ] --START--
INFO: Run Behavior\BuildLiteBehavior [ RunTime:0.000147s ]
INFO: [ app_init ] --END-- [ RunTime:0.002650s ]
ERR: æ— æ³•åŠ è½½æ¨¡å—:Public

[ 2016-07-16T21:52:32+08:00 ] 127.0.0.1 /Public/layer/extend/layer.ext.js
INFO: [ app_init ] --START--
INFO: Run Behavior\BuildLiteBehavior [ RunTime:0.000061s ]
INFO: [ app_init ] --END-- [ RunTime:0.000869s ]
ERR: æ— æ³•åŠ è½½æ¨¡å—:Public

[ 2016-07-16T21:52:32+08:00 ] 127.0.0.1 /Public/Js/login.js
INFO: [ app_init ] --START--
INFO: Run Behavior\BuildLiteBehavior [ RunTime:0.000067s ]
INFO: [ app_init ] --END-- [ RunTime:0.001144s ]
ERR: æ— æ³•åŠ è½½æ¨¡å—:Public

[ 2016-07-16T21:52:32+08:00 ] 127.0.0.1 /Public/bootstrap/js/bootstrap.js
INFO: [ app_init ] --START--
INFO: Run Behavior\BuildLiteBehavior [ RunTime:0.000062s ]
INFO: [ app_init ] --END-- [ RunTime:0.000953s ]
ERR: æ— æ³•åŠ è½½æ¨¡å—:Public

[ 2016-07-16T21:52:32+08:00 ] 127.0.0.1 /Public/jquery-1.8.1.min.js
INFO: [ app_init ] --START--
INFO: Run Behavior\BuildLiteBehavior [ RunTime:0.000064s ]
INFO: [ app_init ] --END-- [ RunTime:0.001005s ]
ERR: æ— æ³•åŠ è½½æ¨¡å—:Public

[ 2016-07-16T21:52:32+08:00 ] 127.0.0.1 /Public/stylesheets/theme.css
INFO: [ app_init ] --START--
INFO: Run Behavior\BuildLiteBehavior [ RunTime:0.000060s ]
INFO: [ app_init ] --END-- [ RunTime:0.000871s ]
ERR: æ— æ³•åŠ è½½æ¨¡å—:Public

[ 2016-07-16T21:52:32+08:00 ] 127.0.0.1 /Public/layer/layer.min.js
INFO: [ app_init ] --START--
INFO: Run Behavior\BuildLiteBehavior [ RunTime:0.000077s ]
INFO: [ app_init ] --END-- [ RunTime:0.000916s ]
ERR: æ— æ³•åŠ è½½æ¨¡å—:Public

[ 2016-07-16T21:52:32+08:00 ] 127.0.0.1 /Public/bootstrap/js/bootstrap.js
INFO: [ app_init ] --START--
INFO: Run Behavior\BuildLiteBehavior [ RunTime:0.000032s ]
INFO: [ app_init ] --END-- [ RunTime:0.000563s ]
ERR: æ— æ³•åŠ è½½æ¨¡å—:Public

[ 2016-07-16T21:52:32+08:00 ] 127.0.0.1 /Public/layer/extend/layer.ext.js
INFO: [ app_init ] --START--
INFO: Run Behavior\BuildLiteBehavior [ RunTime:0.000032s ]
INFO: [ app_init ] --END-- [ RunTime:0.000524s ]
ERR: æ— æ³•åŠ è½½æ¨¡å—:Public

[ 2016-07-16T21:52:32+08:00 ] 127.0.0.1 /Public/Js/login.js
INFO: [ app_init ] --START--
INFO: Run Behavior\BuildLiteBehavior [ RunTime:0.000035s ]
INFO: [ app_init ] --END-- [ RunTime:0.000711s ]
ERR: æ— æ³•åŠ è½½æ¨¡å—:Public

[ 2016-07-16T21:53:14+08:00 ] 127.0.0.1 /Public/bootstrap/css/bootstrap.css
INFO: [ app_init ] --START--
INFO: Run Behavior\BuildLiteBehavior [ RunTime:0.000061s ]
INFO: [ app_init ] --END-- [ RunTime:0.000906s ]
ERR: æ— æ³•åŠ è½½æ¨¡å—:Public

[ 2016-07-16T21:53:14+08:00 ] 127.0.0.1 /Public/stylesheets/theme.css
INFO: [ app_init ] --START--
INFO: Run Behavior\BuildLiteBehavior [ RunTime:0.000063s ]
INFO: [ app_init ] --END-- [ RunTime:0.000954s ]
ERR: æ— æ³•åŠ è½½æ¨¡å—:Public

[ 2016-07-16T21:53:14+08:00 ] 127.0.0.1 /Public/bootstrap/js/bootstrap.js
INFO: [ app_init ] --START--
INFO: Run Behavior\BuildLiteBehavior [ RunTime:0.000060s ]
INFO: [ app_init ] --END-- [ RunTime:0.001058s ]
ERR: æ— æ³•åŠ è½½æ¨¡å—:Public

[ 2016-07-16T21:53:14+08:00 ] 127.0.0.1 /Public/font-awesome/css/font-awesome.css
INFO: [ app_init ] --START--
INFO: Run Behavior\BuildLiteBehavior [ RunTime:0.000061s ]
INFO: [ app_init ] --END-- [ RunTime:0.000927s ]
ERR: æ— æ³•åŠ è½½æ¨¡å—:Public

[ 2016-07-16T21:53:14+08:00 ] 127.0.0.1 /Public/jquery-1.8.1.min.js
INFO: [ app_init ] --START--
INFO: Run Behavior\BuildLiteBehavior [ RunTime:0.000066s ]
INFO: [ app_init ] --END-- [ RunTime:0.000987s ]
ERR: æ— æ³•åŠ è½½æ¨¡å—:Public

[ 2016-07-16T21:53:14+08:00 ] 127.0.0.1 /Public/layer/extend/layer.ext.js
INFO: [ app_init ] --START--
INFO: Run Behavior\BuildLiteBehavior [ RunTime:0.000066s ]
INFO: [ app_init ] --END-- [ RunTime:0.001302s ]
ERR: æ— æ³•åŠ è½½æ¨¡å—:Public

[ 2016-07-16T21:53:14+08:00 ] 127.0.0.1 /Public/Js/login.js
INFO: [ app_init ] --START--
INFO: Run Behavior\BuildLiteBehavior [ RunTime:0.000065s ]
INFO: [ app_init ] --END-- [ RunTime:0.000911s ]
ERR: æ— æ³•åŠ è½½æ¨¡å—:Public

[ 2016-07-16T21:53:14+08:00 ] 127.0.0.1 /Public/layer/layer.min.js
INFO: [ app_init ] --START--
INFO: Run Behavior\BuildLiteBehavior [ RunTime:0.000031s ]
INFO: [ app_init ] --END-- [ RunTime:0.000555s ]
ERR: æ— æ³•åŠ è½½æ¨¡å—:Public

[ 2016-07-16T21:53:14+08:00 ] 127.0.0.1 /Public/bootstrap/js/bootstrap.js
INFO: [ app_init ] --START--
INFO: Run Behavior\BuildLiteBehavior [ RunTime:0.000031s ]
INFO: [ app_init ] --END-- [ RunTime:0.000530s ]
ERR: æ— æ³•åŠ è½½æ¨¡å—:Public

[ 2016-07-16T21:53:14+08:00 ] 127.0.0.1 /Public/layer/extend/layer.ext.js
INFO: [ app_init ] --START--
INFO: Run Behavior\BuildLiteBehavior [ RunTime:0.000032s ]
INFO: [ app_init ] --END-- [ RunTime:0.000540s ]
ERR: æ— æ³•åŠ è½½æ¨¡å—:Public

[ 2016-07-16T21:53:14+08:00 ] 127.0.0.1 /Public/Js/login.js
INFO: [ app_init ] --START--
INFO: Run Behavior\BuildLiteBehavior [ RunTime:0.000032s ]
INFO: [ app_init ] --END-- [ RunTime:0.000531s ]
ERR: æ— æ³•åŠ è½½æ¨¡å—:Public

[ 2016-07-16T21:53:38+08:00 ] 127.0.0.1 /Public/bootstrap/css/bootstrap.css
INFO: [ app_init ] --START--
INFO: Run Behavior\BuildLiteBehavior [ RunTime:0.000053s ]
INFO: [ app_init ] --END-- [ RunTime:0.000845s ]
ERR: æ— æ³•åŠ è½½æ¨¡å—:Public

[ 2016-07-16T21:53:38+08:00 ] 127.0.0.1 /Public/jquery-1.8.1.min.js
INFO: [ app_init ] --START--
INFO: Run Behavior\BuildLiteBehavior [ RunTime:0.000058s ]
INFO: [ app_init ] --END-- [ RunTime:0.000874s ]
ERR: æ— æ³•åŠ è½½æ¨¡å—:Public

[ 2016-07-16T21:53:38+08:00 ] 127.0.0.1 /Public/layer/layer.min.js
INFO: [ app_init ] --START--
INFO: Run Behavior\BuildLiteBehavior [ RunTime:0.000064s ]
INFO: [ app_init ] --END-- [ RunTime:0.001381s ]
ERR: æ— æ³•åŠ è½½æ¨¡å—:Public

[ 2016-07-16T21:53:38+08:00 ] 127.0.0.1 /Public/Js/login.js
INFO: [ app_init ] --START--
INFO: Run Behavior\BuildLiteBehavior [ RunTime:0.000059s ]
INFO: [ app_init ] --END-- [ RunTime:0.001028s ]
ERR: æ— æ³•åŠ è½½æ¨¡å—:Public

[ 2016-07-16T21:53:38+08:00 ] 127.0.0.1 /Public/layer/extend/layer.ext.js
INFO: [ app_init ] --START--
INFO: Run Behavior\BuildLiteBehavior [ RunTime:0.000058s ]
INFO: [ app_init ] --END-- [ RunTime:0.000887s ]
ERR: æ— æ³•åŠ è½½æ¨¡å—:Public

[ 2016-07-16T21:53:38+08:00 ] 127.0.0.1 /Public/stylesheets/theme.css
INFO: [ app_init ] --START--
INFO: Run Behavior\BuildLiteBehavior [ RunTime:0.000063s ]
INFO: [ app_init ] --END-- [ RunTime:0.000898s ]
ERR: æ— æ³•åŠ è½½æ¨¡å—:Public

[ 2016-07-16T21:53:38+08:00 ] 127.0.0.1 /Public/font-awesome/css/font-awesome.css
INFO: [ app_init ] --START--
INFO: Run Behavior\BuildLiteBehavior [ RunTime:0.000063s ]
INFO: [ app_init ] --END-- [ RunTime:0.000944s ]
ERR: æ— æ³•åŠ è½½æ¨¡å—:Public

[ 2016-07-16T21:53:38+08:00 ] 127.0.0.1 /Public/bootstrap/js/bootstrap.js
INFO: [ app_init ] --START--
INFO: Run Behavior\BuildLiteBehavior [ RunTime:0.000032s ]
INFO: [ app_init ] --END-- [ RunTime:0.000756s ]
ERR: æ— æ³•åŠ è½½æ¨¡å—:Public

[ 2016-07-16T21:53:38+08:00 ] 127.0.0.1 /Public/layer/extend/layer.ext.js
INFO: [ app_init ] --START--
INFO: Run Behavior\BuildLiteBehavior [ RunTime:0.000032s ]
INFO: [ app_init ] --END-- [ RunTime:0.000595s ]
ERR: æ— æ³•åŠ è½½æ¨¡å—:Public

[ 2016-07-16T21:53:38+08:00 ] 127.0.0.1 /Public/Js/login.js
INFO: [ app_init ] --START--
INFO: Run Behavior\BuildLiteBehavior [ RunTime:0.000033s ]
INFO: [ app_init ] --END-- [ RunTime:0.000582s ]
ERR: æ— æ³•åŠ è½½æ¨¡å—:Public

[ 2016-07-16T21:57:00+08:00 ] 127.0.0.1 /Public/bootstrap/css/bootstrap.css
INFO: [ app_init ] --START--
INFO: Run Behavior\BuildLiteBehavior [ RunTime:0.000058s ]
INFO: [ app_init ] --END-- [ RunTime:0.000875s ]
ERR: æ— æ³•åŠ è½½æ¨¡å—:Public

[ 2016-07-16T21:57:00+08:00 ] 127.0.0.1 /Public/stylesheets/theme.css
INFO: [ app_init ] --START--
INFO: Run Behavior\BuildLiteBehavior [ RunTime:0.000062s ]
INFO: [ app_init ] --END-- [ RunTime:0.001027s ]
ERR: æ— æ³•åŠ è½½æ¨¡å—:Public

[ 2016-07-16T21:57:00+08:00 ] 127.0.0.1 /Public/layer/layer.min.js
INFO: [ app_init ] --START--
INFO: Run Behavior\BuildLiteBehavior [ RunTime:0.000058s ]
INFO: [ app_init ] --END-- [ RunTime:0.000930s ]
ERR: æ— æ³•åŠ è½½æ¨¡å—:Public

[ 2016-07-16T21:57:00+08:00 ] 127.0.0.1 /Public/jquery-1.8.1.min.js
INFO: [ app_init ] --START--
INFO: Run Behavior\BuildLiteBehavior [ RunTime:0.000081s ]
INFO: [ app_init ] --END-- [ RunTime:0.000999s ]
ERR: æ— æ³•åŠ è½½æ¨¡å—:Public

[ 2016-07-16T21:57:00+08:00 ] 127.0.0.1 /Public/layer/extend/layer.ext.js
INFO: [ app_init ] --START--
INFO: Run Behavior\BuildLiteBehavior [ RunTime:0.000063s ]
INFO: [ app_init ] --END-- [ RunTime:0.002006s ]
ERR: æ— æ³•åŠ è½½æ¨¡å—:Public

[ 2016-07-16T21:57:00+08:00 ] 127.0.0.1 /Public/Js/login.js
INFO: [ app_init ] --START--
INFO: Run Behavior\BuildLiteBehavior [ RunTime:0.000118s ]
INFO: [ app_init ] --END-- [ RunTime:0.001064s ]
ERR: æ— æ³•åŠ è½½æ¨¡å—:Public

[ 2016-07-16T21:57:00+08:00 ] 127.0.0.1 /Public/layer/layer.min.js
INFO: [ app_init ] --START--
INFO: Run Behavior\BuildLiteBehavior [ RunTime:0.000072s ]
INFO: [ app_init ] --END-- [ RunTime:0.001101s ]
ERR: æ— æ³•åŠ è½½æ¨¡å—:Public

[ 2016-07-16T21:57:00+08:00 ] 127.0.0.1 /Public/bootstrap/js/bootstrap.js
INFO: [ app_init ] --START--
INFO: Run Behavior\BuildLiteBehavior [ RunTime:0.000065s ]
INFO: [ app_init ] --END-- [ RunTime:0.002174s ]
ERR: æ— æ³•åŠ è½½æ¨¡å—:Public

[ 2016-07-16T21:57:00+08:00 ] 127.0.0.1 /Public/font-awesome/css/font-awesome.css
INFO: [ app_init ] --START--
INFO: Run Behavior\BuildLiteBehavior [ RunTime:0.000034s ]
INFO: [ app_init ] --END-- [ RunTime:0.000649s ]
ERR: æ— æ³•åŠ è½½æ¨¡å—:Public

[ 2016-07-16T21:57:00+08:00 ] 127.0.0.1 /Public/layer/extend/layer.ext.js
INFO: [ app_init ] --START--
INFO: Run Behavior\BuildLiteBehavior [ RunTime:0.000061s ]
INFO: [ app_init ] --END-- [ RunTime:0.000916s ]
ERR: æ— æ³•åŠ è½½æ¨¡å—:Public

[ 2016-07-16T21:57:00+08:00 ] 127.0.0.1 /Public/Js/login.js
INFO: [ app_init ] --START--
INFO: Run Behavior\BuildLiteBehavior [ RunTime:0.000029s ]
INFO: [ app_init ] --END-- [ RunTime:0.000524s ]
ERR: æ— æ³•åŠ è½½æ¨¡å—:Public

[ 2016-07-16T21:58:46+08:00 ] 127.0.0.1 /Public/bootstrap/css/bootstrap.css
INFO: [ app_init ] --START--
INFO: Run Behavior\BuildLiteBehavior [ RunTime:0.000060s ]
INFO: [ app_init ] --END-- [ RunTime:0.000892s ]
ERR: æ— æ³•åŠ è½½æ¨¡å—:Public

[ 2016-07-16T21:58:46+08:00 ] 127.0.0.1 /Public/stylesheets/theme.css
INFO: [ app_init ] --START--
INFO: Run Behavior\BuildLiteBehavior [ RunTime:0.000065s ]
INFO: [ app_init ] --END-- [ RunTime:0.001684s ]
ERR: æ— æ³•åŠ è½½æ¨¡å—:Public

[ 2016-07-16T21:58:46+08:00 ] 127.0.0.1 /Public/layer/layer.min.js
INFO: [ app_init ] --START--
INFO: Run Behavior\BuildLiteBehavior [ RunTime:0.000058s ]
INFO: [ app_init ] --END-- [ RunTime:0.000955s ]
ERR: æ— æ³•åŠ è½½æ¨¡å—:Public

[ 2016-07-16T21:58:46+08:00 ] 127.0.0.1 /Public/font-awesome/css/font-awesome.css
INFO: [ app_init ] --START--
INFO: Run Behavior\BuildLiteBehavior [ RunTime:0.000058s ]
INFO: [ app_init ] --END-- [ RunTime:0.000831s ]
ERR: æ— æ³•åŠ è½½æ¨¡å—:Public

[ 2016-07-16T21:58:46+08:00 ] 127.0.0.1 /Public/bootstrap/js/bootstrap.js
INFO: [ app_init ] --START--
INFO: Run Behavior\BuildLiteBehavior [ RunTime:0.000060s ]
INFO: [ app_init ] --END-- [ RunTime:0.000911s ]
ERR: æ— æ³•åŠ è½½æ¨¡å—:Public

[ 2016-07-16T21:58:46+08:00 ] 127.0.0.1 /Public/layer/extend/layer.ext.js
INFO: [ app_init ] --START--
INFO: Run Behavior\BuildLiteBehavior [ RunTime:0.000064s ]
INFO: [ app_init ] --END-- [ RunTime:0.000919s ]
ERR: æ— æ³•åŠ è½½æ¨¡å—:Public

[ 2016-07-16T21:58:46+08:00 ] 127.0.0.1 /Public/Js/login.js
INFO: [ app_init ] --START--
INFO: Run Behavior\BuildLiteBehavior [ RunTime:0.000066s ]
INFO: [ app_init ] --END-- [ RunTime:0.001186s ]
ERR: æ— æ³•åŠ è½½æ¨¡å—:Public

[ 2016-07-16T21:58:46+08:00 ] 127.0.0.1 /Public/jquery-1.8.1.min.js
INFO: [ app_init ] --START--
INFO: Run Behavior\BuildLiteBehavior [ RunTime:0.000064s ]
INFO: [ app_init ] --END-- [ RunTime:0.000981s ]
ERR: æ— æ³•åŠ è½½æ¨¡å—:Public

[ 2016-07-16T21:58:46+08:00 ] 127.0.0.1 /Public/layer/layer.min.js
INFO: [ app_init ] --START--
INFO: Run Behavior\BuildLiteBehavior [ RunTime:0.000033s ]
INFO: [ app_init ] --END-- [ RunTime:0.000596s ]
ERR: æ— æ³•åŠ è½½æ¨¡å—:Public

[ 2016-07-16T21:58:46+08:00 ] 127.0.0.1 /Public/bootstrap/js/bootstrap.js
INFO: [ app_init ] --START--
INFO: Run Behavior\BuildLiteBehavior [ RunTime:0.000032s ]
INFO: [ app_init ] --END-- [ RunTime:0.000523s ]
ERR: æ— æ³•åŠ è½½æ¨¡å—:Public

[ 2016-07-16T21:58:46+08:00 ] 127.0.0.1 /Public/layer/extend/layer.ext.js
INFO: [ app_init ] --START--
INFO: Run Behavior\BuildLiteBehavior [ RunTime:0.000031s ]
INFO: [ app_init ] --END-- [ RunTime:0.000527s ]
ERR: æ— æ³•åŠ è½½æ¨¡å—:Public

[ 2016-07-16T21:58:46+08:00 ] 127.0.0.1 /Public/Js/login.js
INFO: [ app_init ] --START--
INFO: Run Behavior\BuildLiteBehavior [ RunTime:0.000032s ]
INFO: [ app_init ] --END-- [ RunTime:0.000609s ]
ERR: æ— æ³•åŠ è½½æ¨¡å—:Public

[ 2016-07-16T22:02:12+08:00 ] 127.0.0.1 /Public/font-awesome/css/font-awesome.css
INFO: [ app_init ] --START--
INFO: Run Behavior\BuildLiteBehavior [ RunTime:0.000063s ]
INFO: [ app_init ] --END-- [ RunTime:0.000877s ]
ERR: æ— æ³•åŠ è½½æ¨¡å—:Public

[ 2016-07-16T22:02:12+08:00 ] 127.0.0.1 /Public/layer/layer.min.js
INFO: [ app_init ] --START--
INFO: Run Behavior\BuildLiteBehavior [ RunTime:0.000061s ]
INFO: [ app_init ] --END-- [ RunTime:0.000923s ]
ERR: æ— æ³•åŠ è½½æ¨¡å—:Public

[ 2016-07-16T22:02:12+08:00 ] 127.0.0.1 /Public/Js/login.js
INFO: [ app_init ] --START--
INFO: Run Behavior\BuildLiteBehavior [ RunTime:0.000068s ]
INFO: [ app_init ] --END-- [ RunTime:0.000919s ]
ERR: æ— æ³•åŠ è½½æ¨¡å—:Public

[ 2016-07-16T22:02:12+08:00 ] 127.0.0.1 /Public/layer/extend/layer.ext.js
INFO: [ app_init ] --START--
INFO: Run Behavior\BuildLiteBehavior [ RunTime:0.000063s ]
INFO: [ app_init ] --END-- [ RunTime:0.000976s ]
ERR: æ— æ³•åŠ è½½æ¨¡å—:Public

[ 2016-07-16T22:02:12+08:00 ] 127.0.0.1 /Public/stylesheets/theme.css
INFO: [ app_init ] --START--
INFO: Run Behavior\BuildLiteBehavior [ RunTime:0.000061s ]
INFO: [ app_init ] --END-- [ RunTime:0.000992s ]
ERR: æ— æ³•åŠ è½½æ¨¡å—:Public

[ 2016-07-16T22:02:12+08:00 ] 127.0.0.1 /Public/jquery-1.8.1.min.js
INFO: [ app_init ] --START--
INFO: Run Behavior\BuildLiteBehavior [ RunTime:0.000034s ]
INFO: [ app_init ] --END-- [ RunTime:0.000685s ]
ERR: æ— æ³•åŠ è½½æ¨¡å—:Public

[ 2016-07-16T22:02:12+08:00 ] 127.0.0.1 /Public/layer/layer.min.js
INFO: [ app_init ] --START--
INFO: Run Behavior\BuildLiteBehavior [ RunTime:0.000033s ]
INFO: [ app_init ] --END-- [ RunTime:0.000628s ]
ERR: æ— æ³•åŠ è½½æ¨¡å—:Public

[ 2016-07-16T22:02:12+08:00 ] 127.0.0.1 /Public/layer/extend/layer.ext.js
INFO: [ app_init ] --START--
INFO: Run Behavior\BuildLiteBehavior [ RunTime:0.000032s ]
INFO: [ app_init ] --END-- [ RunTime:0.000586s ]
ERR: æ— æ³•åŠ è½½æ¨¡å—:Public

[ 2016-07-16T22:02:12+08:00 ] 127.0.0.1 /Public/Js/login.js
INFO: [ app_init ] --START--
INFO: Run Behavior\BuildLiteBehavior [ RunTime:0.000033s ]
INFO: [ app_init ] --END-- [ RunTime:0.000570s ]
ERR: æ— æ³•åŠ è½½æ¨¡å—:Public

[ 2016-07-16T22:02:51+08:00 ] 127.0.0.1 /Public/font-awesome/css/font-awesome.css
INFO: [ app_init ] --START--
INFO: Run Behavior\BuildLiteBehavior [ RunTime:0.000082s ]
INFO: [ app_init ] --END-- [ RunTime:0.000928s ]
ERR: æ— æ³•åŠ è½½æ¨¡å—:Public

[ 2016-07-16T22:02:51+08:00 ] 127.0.0.1 /Public/stylesheets/theme.css
INFO: [ app_init ] --START--
INFO: Run Behavior\BuildLiteBehavior [ RunTime:0.000063s ]
INFO: [ app_init ] --END-- [ RunTime:0.000904s ]
ERR: æ— æ³•åŠ è½½æ¨¡å—:Public

[ 2016-07-16T22:02:51+08:00 ] 127.0.0.1 /Public/layer/layer.min.js
INFO: [ app_init ] --START--
INFO: Run Behavior\BuildLiteBehavior [ RunTime:0.000060s ]
INFO: [ app_init ] --END-- [ RunTime:0.000868s ]
ERR: æ— æ³•åŠ è½½æ¨¡å—:Public

[ 2016-07-16T22:02:51+08:00 ] 127.0.0.1 /Public/Js/login.js
INFO: [ app_init ] --START--
INFO: Run Behavior\BuildLiteBehavior [ RunTime:0.000061s ]
INFO: [ app_init ] --END-- [ RunTime:0.000864s ]
ERR: æ— æ³•åŠ è½½æ¨¡å—:Public

[ 2016-07-16T22:02:51+08:00 ] 127.0.0.1 /Public/jquery-1.8.1.min.js
INFO: [ app_init ] --START--
INFO: Run Behavior\BuildLiteBehavior [ RunTime:0.000163s ]
INFO: [ app_init ] --END-- [ RunTime:0.001023s ]
ERR: æ— æ³•åŠ è½½æ¨¡å—:Public

[ 2016-07-16T22:02:51+08:00 ] 127.0.0.1 /Public/layer/extend/layer.ext.js
INFO: [ app_init ] --START--
INFO: Run Behavior\BuildLiteBehavior [ RunTime:0.000062s ]
INFO: [ app_init ] --END-- [ RunTime:0.001192s ]
ERR: æ— æ³•åŠ è½½æ¨¡å—:Public

[ 2016-07-16T22:02:51+08:00 ] 127.0.0.1 /Public/layer/layer.min.js
INFO: [ app_init ] --START--
INFO: Run Behavior\BuildLiteBehavior [ RunTime:0.000033s ]
INFO: [ app_init ] --END-- [ RunTime:0.000583s ]
ERR: æ— æ³•åŠ è½½æ¨¡å—:Public

[ 2016-07-16T22:02:51+08:00 ] 127.0.0.1 /Public/layer/extend/layer.ext.js
INFO: [ app_init ] --START--
INFO: Run Behavior\BuildLiteBehavior [ RunTime:0.000030s ]
INFO: [ app_init ] --END-- [ RunTime:0.000537s ]
ERR: æ— æ³•åŠ è½½æ¨¡å—:Public

[ 2016-07-16T22:02:51+08:00 ] 127.0.0.1 /Public/Js/login.js
INFO: [ app_init ] --START--
INFO: Run Behavior\BuildLiteBehavior [ RunTime:0.000032s ]
INFO: [ app_init ] --END-- [ RunTime:0.000543s ]
ERR: æ— æ³•åŠ è½½æ¨¡å—:Public

[ 2016-07-16T22:02:54+08:00 ] 127.0.0.1 /Public/font-awesome/css/font-awesome.css
INFO: [ app_init ] --START--
INFO: Run Behavior\BuildLiteBehavior [ RunTime:0.000059s ]
INFO: [ app_init ] --END-- [ RunTime:0.000877s ]
ERR: æ— æ³•åŠ è½½æ¨¡å—:Public

[ 2016-07-16T22:02:54+08:00 ] 127.0.0.1 /Public/jquery-1.8.1.min.js
INFO: [ app_init ] --START--
INFO: Run Behavior\BuildLiteBehavior [ RunTime:0.000059s ]
INFO: [ app_init ] --END-- [ RunTime:0.000886s ]
ERR: æ— æ³•åŠ è½½æ¨¡å—:Public

[ 2016-07-16T22:02:54+08:00 ] 127.0.0.1 /Public/layer/extend/layer.ext.js
INFO: [ app_init ] --START--
INFO: Run Behavior\BuildLiteBehavior [ RunTime:0.000059s ]
INFO: [ app_init ] --END-- [ RunTime:0.001742s ]
ERR: æ— æ³•åŠ è½½æ¨¡å—:Public

[ 2016-07-16T22:02:54+08:00 ] 127.0.0.1 /Public/Js/login.js
INFO: [ app_init ] --START--
INFO: Run Behavior\BuildLiteBehavior [ RunTime:0.000054s ]
INFO: [ app_init ] --END-- [ RunTime:0.000881s ]
ERR: æ— æ³•åŠ è½½æ¨¡å—:Public

[ 2016-07-16T22:02:54+08:00 ] 127.0.0.1 /Public/layer/layer.min.js
INFO: [ app_init ] --START--
INFO: Run Behavior\BuildLiteBehavior [ RunTime:0.000055s ]
INFO: [ app_init ] --END-- [ RunTime:0.000799s ]
ERR: æ— æ³•åŠ è½½æ¨¡å—:Public

[ 2016-07-16T22:02:54+08:00 ] 127.0.0.1 /Public/stylesheets/theme.css
INFO: [ app_init ] --START--
INFO: Run Behavior\BuildLiteBehavior [ RunTime:0.000061s ]
INFO: [ app_init ] --END-- [ RunTime:0.001044s ]
ERR: æ— æ³•åŠ è½½æ¨¡å—:Public

[ 2016-07-16T22:02:54+08:00 ] 127.0.0.1 /Public/layer/extend/layer.ext.js
INFO: [ app_init ] --START--
INFO: Run Behavior\BuildLiteBehavior [ RunTime:0.000064s ]
INFO: [ app_init ] --END-- [ RunTime:0.000875s ]
ERR: æ— æ³•åŠ è½½æ¨¡å—:Public

[ 2016-07-16T22:02:54+08:00 ] 127.0.0.1 /Public/Js/login.js
INFO: [ app_init ] --START--
INFO: Run Behavior\BuildLiteBehavior [ RunTime:0.000033s ]
INFO: [ app_init ] --END-- [ RunTime:0.000601s ]
ERR: æ— æ³•åŠ è½½æ¨¡å—:Public

[ 2016-07-16T22:03:09+08:00 ] 127.0.0.1 /Public/stylesheets/theme.css
INFO: [ app_init ] --START--
INFO: Run Behavior\BuildLiteBehavior [ RunTime:0.000072s ]
INFO: [ app_init ] --END-- [ RunTime:0.001147s ]
ERR: æ— æ³•åŠ è½½æ¨¡å—:Public

—:Public

[ 2016-07-16T22:03:09+08:00 ] 127.0.0.1 /Public/layer/extend/layer.ext.js
INFO: [ app_init ] --START--
INFO: Run Behavior\BuildLiteBehavior [ RunTime:0.000064s ]
INFO: [ app_init ] --END-- [ RunTime:0.001266s ]
ERR: æ— æ³•åŠ è½½æ¨¡å—:Public

[ 2016-07-16T22:03:09+08:00 ] 127.0.0.1 /Public/layer/layer.min.js
INFO: [ app_init ] --START--
INFO: Run Behavior\BuildLiteBehavior [ RunTime:0.000061s ]
INFO: [ app_init ] --END-- [ RunTime:0.000870s ]
ERR: æ— æ³•åŠ è½½æ¨¡å—:Public

[ 2016-07-16T22:03:09+08:00 ] 127.0.0.1 /Public/Js/login.js
INFO: [ app_init ] --START--
INFO: Run Behavior\BuildLiteBehavior [ RunTime:0.000053s ]
INFO: [ app_init ] --END-- [ RunTime:0.000822s ]
ERR: æ— æ³•åŠ è½½æ¨¡å—:Public

[ 2016-07-16T22:03:09+08:00 ] 127.0.0.1 /Public/jquery-1.8.1.min.js
INFO: [ app_init ] --START--
INFO: Run Behavior\BuildLiteBehavior [ RunTime:0.000052s ]
INFO: [ app_init ] --END-- [ RunTime:0.000815s ]
ERR: æ— æ³•åŠ è½½æ¨¡å—:Public

[ 2016-07-16T22:03:09+08:00 ] 127.0.0.1 /Public/layer/layer.min.js
INFO: [ app_init ] --START--
INFO: Run Behavior\BuildLiteBehavior [ RunTime:0.000032s ]
INFO: [ app_init ] --END-- [ RunTime:0.000550s ]
ERR: æ— æ³•åŠ è½½æ¨¡å—:Public

[ 2016-07-16T22:03:09+08:00 ] 127.0.0.1 /Public/layer/extend/layer.ext.js
INFO: [ app_init ] --START--
INFO: Run Behavior\BuildLiteBehavior [ RunTime:0.000032s ]
INFO: [ app_init ] --END-- [ RunTime:0.000541s ]
ERR: æ— æ³•åŠ è½½æ¨¡å—:Public

[ 2016-07-16T22:03:09+08:00 ] 127.0.0.1 /Public/Js/login.js
INFO: [ app_init ] --START--
INFO: Run Behavior\BuildLiteBehavior [ RunTime:0.000033s ]
INFO: [ app_init ] --END-- [ RunTime:0.000582s ]
ERR: æ— æ³•åŠ è½½æ¨¡å—:Public

[ 2016-07-16T22:03:11+08:00 ] 127.0.0.1 /Public/stylesheets/theme.css
INFO: [ app_init ] --START--
INFO: Run Behavior\BuildLiteBehavior [ RunTime:0.000059s ]
INFO: [ app_init ] --END-- [ RunTime:0.001503s ]
ERR: æ— æ³•åŠ è½½æ¨¡å—:Public

[ 2016-07-16T22:03:11+08:00 ] 127.0.0.1 /Public/jquery-1.8.1.min.js
INFO: [ app_init ] --START--
INFO: Run Behavior\BuildLiteBehavior [ RunTime:0.000052s ]
INFO: [ app_init ] --END-- [ RunTime:0.001463s ]
ERR: æ— æ³•åŠ è½½æ¨¡å—:Public

[ 2016-07-16T22:03:11+08:00 ] 127.0.0.1 /Public/font-awesome/css/font-awesome.css
INFO: [ app_init ] --START--
INFO: Run Behavior\BuildLiteBehavior [ RunTime:0.000059s ]
INFO: [ app_init ] --END-- [ RunTime:0.001347s ]
ERR: æ— æ³•åŠ è½½æ¨¡å—:Public

[ 2016-07-16T22:03:11+08:00 ] 127.0.0.1 /Public/layer/layer.min.js
INFO: [ app_init ] --START--
INFO: Run Behavior\BuildLiteBehavior [ RunTime:0.000067s ]
INFO: [ app_init ] --END-- [ RunTime:0.001102s ]
ERR: æ— æ³•åŠ è½½æ¨¡å—:Public

[ 2016-07-16T22:03:11+08:00 ] 127.0.0.1 /Public/Js/login.js
INFO: [ app_init ] --START--
INFO: Run Behavior\BuildLiteBehavior [ RunTime:0.000061s ]
INFO: [ app_init ] --END-- [ RunTime:0.000927s ]
ERR: æ— æ³•åŠ è½½æ¨¡å—:Public

[ 2016-07-16T22:03:11+08:00 ] 127.0.0.1 /Public/layer/extend/layer.ext.js
INFO: [ app_init ] --START--
INFO: Run Behavior\BuildLiteBehavior [ RunTime:0.000065s ]
INFO: [ app_init ] --END-- [ RunTime:0.001252s ]
ERR: æ— æ³•åŠ è½½æ¨¡å—:Public

[ 2016-07-16T22:03:11+08:00 ] 127.0.0.1 /Public/Js/login.js
INFO: [ app_init ] --START--
INFO: Run Behavior\BuildLiteBehavior [ RunTime:0.000034s ]
INFO: [ app_init ] --END-- [ RunTime:0.000575s ]
ERR: æ— æ³•åŠ è½½æ¨¡å—:Public

[ 2016-07-16T22:11:35+08:00 ] 127.0.0.1 /Public/stylesheets/theme.css
INFO: [ app_init ] --START--
INFO: Run Behavior\BuildLiteBehavior [ RunTime:0.000063s ]
INFO: [ app_init ] --END-- [ RunTime:0.000943s ]
ERR: æ— æ³•åŠ è½½æ¨¡å—:Public

[ 2016-07-16T22:11:35+08:00 ] 127.0.0.1 /Public/font-awesome/css/font-awesome.css
INFO: [ app_init ] --START--
INFO: Run Behavior\BuildLiteBehavior [ RunTime:0.000062s ]
INFO: [ app_init ] --END-- [ RunTime:0.001037s ]
ERR: æ— æ³•åŠ è½½æ¨¡å—:Public

[ 2016-07-16T22:11:35+08:00 ] 127.0.0.1 /Public/layer/extend/layer.ext.js
INFO: [ app_init ] --START--
INFO: Run Behavior\BuildLiteBehavior [ RunTime:0.000091s ]
INFO: [ app_init ] --END-- [ RunTime:0.001001s ]
ERR: æ— æ³•åŠ è½½æ¨¡å—:Public

[ 2016-07-16T22:11:35+08:00 ] 127.0.0.1 /Public/Js/login.js
INFO: [ app_init ] --START--
INFO: Run Behavior\BuildLiteBehavior [ RunTime:0.000058s ]
INFO: [ app_init ] --END-- [ RunTime:0.001013s ]
ERR: æ— æ³•åŠ è½½æ¨¡å—:Public

[ 2016-07-16T22:11:35+08:00 ] 127.0.0.1 /Public/layer/layer.min.js
INFO: [ app_init ] --START--
INFO: Run Behavior\BuildLiteBehavior [ RunTime:0.000062s ]
INFO: [ app_init ] --END-- [ RunTime:0.000995s ]
ERR: æ— æ³•åŠ è½½æ¨¡å—:Public

[ 2016-07-16T22:11:35+08:00 ] 127.0.0.1 /Public/jquery-1.8.1.min.js
INFO: [ app_init ] --START--
INFO: Run Behavior\BuildLiteBehavior [ RunTime:0.000031s ]
INFO: [ app_init ] --END-- [ RunTime:0.000571s ]
ERR: æ— æ³•åŠ è½½æ¨¡å—:Public

[ 2016-07-16T22:11:35+08:00 ] 127.0.0.1 /Public/layer/layer.min.js
INFO: [ app_init ] --START--
INFO: Run Behavior\BuildLiteBehavior [ RunTime:0.000031s ]
INFO: [ app_init ] --END-- [ RunTime:0.000544s ]
ERR: æ— æ³•åŠ è½½æ¨¡å—:Public

[ 2016-07-16T22:11:35+08:00 ] 127.0.0.1 /Public/layer/extend/layer.ext.js
INFO: [ app_init ] --START--
INFO: Run Behavior\BuildLiteBehavior [ RunTime:0.000055s ]
INFO: [ app_init ] --END-- [ RunTime:0.000823s ]
ERR: æ— æ³•åŠ è½½æ¨¡å—:Public

[ 2016-07-16T22:11:35+08:00 ] 127.0.0.1 /Public/Js/login.js
INFO: [ app_init ] --START--
INFO: Run Behavior\BuildLiteBehavior [ RunTime:0.000031s ]
INFO: [ app_init ] --END-- [ RunTime:0.000537s ]
ERR: æ— æ³•åŠ è½½æ¨¡å—:Public

[ 2016-07-16T22:13:42+08:00 ] 127.0.0.1 /Public/stylesheets/theme.css
INFO: [ app_init ] --START--
INFO: Run Behavior\BuildLiteBehavior [ RunTime:0.000063s ]
INFO: [ app_init ] --END-- [ RunTime:0.000897s ]
ERR: æ— æ³•åŠ è½½æ¨¡å—:Public

[ 2016-07-16T22:13:42+08:00 ] 127.0.0.1 /Public/font-awesome/css/font-awesome.css
INFO: [ app_init ] --START--
INFO: Run Behavior\BuildLiteBehavior [ RunTime:0.000060s ]
INFO: [ app_init ] --END-- [ RunTime:0.000996s ]
ERR: æ— æ³•åŠ è½½æ¨¡å—:Public

[ 2016-07-16T22:13:42+08:00 ] 127.0.0.1 /Public/layer/layer.min.js
INFO: [ app_init ] --START--
INFO: Run Behavior\BuildLiteBehavior [ RunTime:0.000064s ]
INFO: [ app_init ] --END-- [ RunTime:0.000938s ]
ERR: æ— æ³•åŠ è½½æ¨¡å—:Public

[ 2016-07-16T22:13:42+08:00 ] 127.0.0.1 /Public/layer/extend/layer.ext.js
INFO: [ app_init ] --START--
INFO: Run Behavior\BuildLiteBehavior [ RunTime:0.000080s ]
INFO: [ app_init ] --END-- [ RunTime:0.001019s ]
ERR: æ— æ³•åŠ è½½æ¨¡å—:Public

[ 2016-07-16T22:13:42+08:00 ] 127.0.0.1 /Public/Js/login.js
INFO: [ app_init ] --START--
INFO: Run Behavior\BuildLiteBehavior [ RunTime:0.000034s ]
INFO: [ app_init ] --END-- [ RunTime:0.000640s ]
ERR: æ— æ³•åŠ è½½æ¨¡å—:Public

[ 2016-07-16T22:14:37+08:00 ] 127.0.0.1 /Public/font-awesome/css/font-awesome.css
INFO: [ app_init ] --START--
INFO: Run Behavior\BuildLiteBehavior [ RunTime:0.000066s ]
INFO: [ app_init ] --END-- [ RunTime:0.001003s ]
ERR: æ— æ³•åŠ è½½æ¨¡å—:Public

[ 2016-07-16T22:14:37+08:00 ] 127.0.0.1 /Public/stylesheets/theme.css
INFO: [ app_init ] --START--
INFO: Run Behavior\BuildLiteBehavior [ RunTime:0.000068s ]
INFO: [ app_init ] --END-- [ RunTime:0.002174s ]
ERR: æ— æ³•åŠ è½½æ¨¡å—:Public

[ 2016-07-16T22:14:37+08:00 ] 127.0.0.1 /Public/layer/extend/ext.js
INFO: [ app_init ] --START--
INFO: Run Behavior\BuildLiteBehavior [ RunTime:0.000057s ]
INFO: [ app_init ] --END-- [ RunTime:0.000968s ]
ERR: æ— æ³•åŠ è½½æ¨¡å—:Public

[ 2016-07-16T22:14:37+08:00 ] 127.0.0.1 /Public/Js/login.js
INFO: [ app_init ] --START--
INFO: Run Behavior\BuildLiteBehavior [ RunTime:0.000032s ]
INFO: [ app_init ] --END-- [ RunTime:0.000594s ]
ERR: æ— æ³•åŠ è½½æ¨¡å—:Public

[ 2016-07-16T22:14:37+08:00 ] 127.0.0.1 /Public/layer/min.js
INFO: [ app_init ] --START--
INFO: Run Behavior\BuildLiteBehavior [ RunTime:0.000031s ]
INFO: [ app_init ] --END-- [ RunTime:0.000535s ]
ERR: æ— æ³•åŠ è½½æ¨¡å—:Public

[ 2016-07-16T22:14:37+08:00 ] 127.0.0.1 /Public/layer/extend/ext.js
INFO: [ app_init ] --START--
INFO: Run Behavior\BuildLiteBehavior [ RunTime:0.000052s ]
INFO: [ app_init ] --END-- [ RunTime:0.000641s ]
ERR: æ— æ³•åŠ è½½æ¨¡å—:Public

[ 2016-07-16T22:14:37+08:00 ] 127.0.0.1 /Public/Js/login.js
INFO: [ app_init ] --START--
INFO: Run Behavior\BuildLiteBehavior [ RunTime:0.000032s ]
INFO: [ app_init ] --END-- [ RunTime:0.000658s ]
ERR: æ— æ³•åŠ è½½æ¨¡å—:Public

[ 2016-07-16T22:14:53+08:00 ] 127.0.0.1 /Public/stylesheets/theme.css
INFO: [ app_init ] --START--
INFO: Run Behavior\BuildLiteBehavior [ RunTime:0.000057s ]
INFO: [ app_init ] --END-- [ RunTime:0.000968s ]
ERR: æ— æ³•åŠ è½½æ¨¡å—:Public

[ 2016-07-16T22:14:53+08:00 ] 127.0.0.1 /Public/font-awesome/css/font-awesome.css
INFO: [ app_init ] --START--
INFO: Run Behavior\BuildLiteBehavior [ RunTime:0.000057s ]
INFO: [ app_init ] --END-- [ RunTime:0.001899s ]
ERR: æ— æ³•åŠ è½½æ¨¡å—:Public

[ 2016-07-16T22:14:53+08:00 ] 127.0.0.1 /Public/layer/extend/ext.js
INFO: [ app_init ] --START--
INFO: Run Behavior\BuildLiteBehavior [ RunTime:0.000054s ]
INFO: [ app_init ] --END-- [ RunTime:0.003688s ]
ERR: æ— æ³•åŠ è½½æ¨¡å—:Public

[ 2016-07-16T22:14:53+08:00 ] 127.0.0.1 /Public/layer/min.js
INFO: [ app_init ] --START--
INFO: Run Behavior\BuildLiteBehavior [ RunTime:0.000060s ]
INFO: [ app_init ] --END-- [ RunTime:0.001986s ]
ERR: æ— æ³•åŠ è½½æ¨¡å—:Public

[ 2016-07-16T22:14:53+08:00 ] 127.0.0.1 /Public/layer/min.js
INFO: [ app_init ] --START--
INFO: Run Behavior\BuildLiteBehavior [ RunTime:0.000032s ]
INFO: [ app_init ] --END-- [ RunTime:0.000575s ]
ERR: æ— æ³•åŠ è½½æ¨¡å—:Public

[ 2016-07-16T22:14:53+08:00 ] 127.0.0.1 /Public/layer/extend/ext.js
INFO: [ app_init ] --START--
INFO: Run Behavior\BuildLiteBehavior [ RunTime:0.000032s ]
INFO: [ app_init ] --END-- [ RunTime:0.000571s ]
ERR: æ— æ³•åŠ è½½æ¨¡å—:Public

[ 2016-07-16T22:14:53+08:00 ] 127.0.0.1 /Public/Js/login.js
INFO: [ app_init ] --START--
INFO: Run Behavior\BuildLiteBehavior [ RunTime:0.000033s ]
INFO: [ app_init ] --END-- [ RunTime:0.000600s ]
ERR: æ— æ³•åŠ è½½æ¨¡å—:Public

[ 2016-07-16T22:15:34+08:00 ] 127.0.0.1 /Public/stylesheets/theme.css
INFO: [ app_init ] --START--
INFO: Run Behavior\BuildLiteBehavior [ RunTime:0.000055s ]
INFO: [ app_init ] --END-- [ RunTime:0.000911s ]
ERR: æ— æ³•åŠ è½½æ¨¡å—:Public

—:Public

[ 2016-07-16T22:15:34+08:00 ] 127.0.0.1 /Public/layer/extend/ext.js
INFO: [ app_init ] --START--
INFO: Run Behavior\BuildLiteBehavior [ RunTime:0.000061s ]
INFO: [ app_init ] --END-- [ RunTime:0.000872s ]
ERR: æ— æ³•åŠ è½½æ¨¡å—:Public

[ 2016-07-16T22:15:34+08:00 ] 127.0.0.1 /Public/Js/login.js
INFO: [ app_init ] --START--
INFO: Run Behavior\BuildLiteBehavior [ RunTime:0.000060s ]
INFO: [ app_init ] --END-- [ RunTime:0.000932s ]
ERR: æ— æ³•åŠ è½½æ¨¡å—:Public

[ 2016-07-16T22:15:34+08:00 ] 127.0.0.1 /Public/layer/min.js
INFO: [ app_init ] --START--
INFO: Run Behavior\BuildLiteBehavior [ RunTime:0.000075s ]
INFO: [ app_init ] --END-- [ RunTime:0.000901s ]
ERR: æ— æ³•åŠ è½½æ¨¡å—:Public

[ 2016-07-16T22:15:34+08:00 ] 127.0.0.1 /Public/layer/min.js
INFO: [ app_init ] --START--
INFO: Run Behavior\BuildLiteBehavior [ RunTime:0.000032s ]
INFO: [ app_init ] --END-- [ RunTime:0.000560s ]
ERR: æ— æ³•åŠ è½½æ¨¡å—:Public

[ 2016-07-16T22:15:34+08:00 ] 127.0.0.1 /Public/layer/extend/ext.js
INFO: [ app_init ] --START--
INFO: Run Behavior\BuildLiteBehavior [ RunTime:0.000035s ]
INFO: [ app_init ] --END-- [ RunTime:0.000748s ]
ERR: æ— æ³•åŠ è½½æ¨¡å—:Public

[ 2016-07-16T22:15:34+08:00 ] 127.0.0.1 /Public/Js/login.js
INFO: [ app_init ] --START--
INFO: Run Behavior\BuildLiteBehavior [ RunTime:0.000031s ]
INFO: [ app_init ] --END-- [ RunTime:0.000537s ]
ERR: æ— æ³•åŠ è½½æ¨¡å—:Public

[ 2016-07-16T22:16:39+08:00 ] 127.0.0.1 /Public/Js/login.js
INFO: [ app_init ] --START--
INFO: Run Behavior\BuildLiteBehavior [ RunTime:0.000069s ]
INFO: [ app_init ] --END-- [ RunTime:0.001012s ]
ERR: æ— æ³•åŠ è½½æ¨¡å—:Public

[ 2016-07-16T22:16:39+08:00 ] 127.0.0.1 /Public/stylesheets/theme.css
INFO: [ app_init ] --START--
INFO: Run Behavior\BuildLiteBehavior [ RunTime:0.000066s ]
INFO: [ app_init ] --END-- [ RunTime:0.001559s ]
ERR: æ— æ³•åŠ è½½æ¨¡å—:Public

[ 2016-07-16T22:16:39+08:00 ] 127.0.0.1 /Public/font-awesome/css/font-awesome.css
INFO: [ app_init ] --START--
INFO: Run Behavior\BuildLiteBehavior [ RunTime:0.000064s ]
INFO: [ app_init ] --END-- [ RunTime:0.000972s ]
ERR: æ— æ³•åŠ è½½æ¨¡å—:Public

[ 2016-07-16T22:16:39+08:00 ] 127.0.0.1 /Public/layer/extend/ext.js
INFO: [ app_init ] --START--
INFO: Run Behavior\BuildLiteBehavior [ RunTime:0.000055s ]
INFO: [ app_init ] --END-- [ RunTime:0.000940s ]
ERR: æ— æ³•åŠ è½½æ¨¡å—:Public

[ 2016-07-16T22:16:39+08:00 ] 127.0.0.1 /Public/layer/min.js
INFO: [ app_init ] --START--
INFO: Run Behavior\BuildLiteBehavior [ RunTime:0.000059s ]
INFO: [ app_init ] --END-- [ RunTime:0.001150s ]
ERR: æ— æ³•åŠ è½½æ¨¡å—:Public

[ 2016-07-16T22:16:39+08:00 ] 127.0.0.1 /Public/layer/min.js
INFO: [ app_init ] --START--
INFO: Run Behavior\BuildLiteBehavior [ RunTime:0.000032s ]
INFO: [ app_init ] --END-- [ RunTime:0.000565s ]
ERR: æ— æ³•åŠ è½½æ¨¡å—:Public

[ 2016-07-16T22:16:39+08:00 ] 127.0.0.1 /Public/layer/extend/ext.js
INFO: [ app_init ] --START--
INFO: Run Behavior\BuildLiteBehavior [ RunTime:0.000034s ]
INFO: [ app_init ] --END-- [ RunTime:0.000624s ]
ERR: æ— æ³•åŠ è½½æ¨¡å—:Public

[ 2016-07-16T22:16:39+08:00 ] 127.0.0.1 /Public/Js/login.js
INFO: [ app_init ] --START--
INFO: Run Behavior\BuildLiteBehavior [ RunTime:0.000031s ]
INFO: [ app_init ] --END-- [ RunTime:0.000584s ]
ERR: æ— æ³•åŠ è½½æ¨¡å—:Public

[ 2016-07-16T22:16:44+08:00 ] 127.0.0.1 /Public/stylesheets/theme.css
INFO: [ app_init ] --START--
INFO: Run Behavior\BuildLiteBehavior [ RunTime:0.000061s ]
INFO: [ app_init ] --END-- [ RunTime:0.000914s ]
ERR: æ— æ³•åŠ è½½æ¨¡å—:Public

[ 2016-07-16T22:16:44+08:00 ] 127.0.0.1 /Public/layer/layer.min.js
INFO: [ app_init ] --START--
INFO: Run Behavior\BuildLiteBehavior [ RunTime:0.000054s ]
INFO: [ app_init ] --END-- [ RunTime:0.000891s ]
ERR: æ— æ³•åŠ è½½æ¨¡å—:Public

[ 2016-07-16T22:16:44+08:00 ] 127.0.0.1 /Public/layer/extend/layer.ext.js
INFO: [ app_init ] --START--
INFO: Run Behavior\BuildLiteBehavior [ RunTime:0.000060s ]
INFO: [ app_init ] --END-- [ RunTime:0.000970s ]
ERR: æ— æ³•åŠ è½½æ¨¡å—:Public

[ 2016-07-16T22:16:44+08:00 ] 127.0.0.1 /Public/Js/login.js
INFO: [ app_init ] --START--
INFO: Run Behavior\BuildLiteBehavior [ RunTime:0.000072s ]
INFO: [ app_init ] --END-- [ RunTime:0.000949s ]
ERR: æ— æ³•åŠ è½½æ¨¡å—:Public

[ 2016-07-16T22:16:44+08:00 ] 127.0.0.1 /Public/font-awesome/css/font-awesome.css
INFO: [ app_init ] --START--
INFO: Run Behavior\BuildLiteBehavior [ RunTime:0.000035s ]
INFO: [ app_init ] --END-- [ RunTime:0.000730s ]
ERR: æ— æ³•åŠ è½½æ¨¡å—:Public

[ 2016-07-16T22:16:44+08:00 ] 127.0.0.1 /Public/layer/layer.min.js
INFO: [ app_init ] --START--
INFO: Run Behavior\BuildLiteBehavior [ RunTime:0.000032s ]
INFO: [ app_init ] --END-- [ RunTime:0.000568s ]
ERR: æ— æ³•åŠ è½½æ¨¡å—:Public

[ 2016-07-16T22:16:44+08:00 ] 127.0.0.1 /Public/layer/extend/layer.ext.js
INFO: [ app_init ] --START--
INFO: Run Behavior\BuildLiteBehavior [ RunTime:0.000033s ]
INFO: [ app_init ] --END-- [ RunTime:0.000592s ]
ERR: æ— æ³•åŠ è½½æ¨¡å—:Public

[ 2016-07-16T22:16:44+08:00 ] 127.0.0.1 /Public/Js/login.js
INFO: [ app_init ] --START--
INFO: Run Behavior\BuildLiteBehavior [ RunTime:0.000033s ]
INFO: [ app_init ] --END-- [ RunTime:0.000592s ]
ERR: æ— æ³•åŠ è½½æ¨¡å—:Public

[ 2016-07-16T22:17:23+08:00 ] 127.0.0.1 /Public/font-awesome/css/font-awesome.css
INFO: [ app_init ] --START--
INFO: Run Behavior\BuildLiteBehavior [ RunTime:0.000052s ]
INFO: [ app_init ] --END-- [ RunTime:0.001038s ]
ERR: æ— æ³•åŠ è½½æ¨¡å—:Public

[ 2016-07-16T22:17:23+08:00 ] 127.0.0.1 /Public/layer/extend/ext.js
INFO: [ app_init ] --START--
INFO: Run Behavior\BuildLiteBehavior [ RunTime:0.000059s ]
INFO: [ app_init ] --END-- [ RunTime:0.000918s ]
ERR: æ— æ³•åŠ è½½æ¨¡å—:Public

[ 2016-07-16T22:17:23+08:00 ] 127.0.0.1 /Public/Js/login.js
INFO: [ app_init ] --START--
INFO: Run Behavior\BuildLiteBehavior [ RunTime:0.000061s ]
INFO: [ app_init ] --END-- [ RunTime:0.000916s ]
ERR: æ— æ³•åŠ è½½æ¨¡å—:Public

[ 2016-07-16T22:17:23+08:00 ] 127.0.0.1 /Public/layer/min.js
INFO: [ app_init ] --START--
INFO: Run Behavior\BuildLiteBehavior [ RunTime:0.000057s ]
INFO: [ app_init ] --END-- [ RunTime:0.000880s ]
ERR: æ— æ³•åŠ è½½æ¨¡å—:Public

[ 2016-07-16T22:17:23+08:00 ] 127.0.0.1 /Public/stylesheets/theme.css
INFO: [ app_init ] --START--
INFO: Run Behavior\BuildLiteBehavior [ RunTime:0.000068s ]
INFO: [ app_init ] --END-- [ RunTime:0.000989s ]
ERR: æ— æ³•åŠ è½½æ¨¡å—:Public

[ 2016-07-16T22:17:23+08:00 ] 127.0.0.1 /Public/layer/min.js
INFO: [ app_init ] --START--
INFO: Run Behavior\BuildLiteBehavior [ RunTime:0.000033s ]
INFO: [ app_init ] --END-- [ RunTime:0.000584s ]
ERR: æ— æ³•åŠ è½½æ¨¡å—:Public

[ 2016-07-16T22:17:24+08:00 ] 127.0.0.1 /Public/layer/extend/ext.js
INFO: [ app_init ] --START--
INFO: Run Behavior\BuildLiteBehavior [ RunTime:0.000033s ]
INFO: [ app_init ] --END-- [ RunTime:0.000565s ]
ERR: æ— æ³•åŠ è½½æ¨¡å—:Public

[ 2016-07-16T22:17:24+08:00 ] 127.0.0.1 /Public/Js/login.js
INFO: [ app_init ] --START--
INFO: Run Behavior\BuildLiteBehavior [ RunTime:0.000033s ]
INFO: [ app_init ] --END-- [ RunTime:0.000580s ]
ERR: æ— æ³•åŠ è½½æ¨¡å—:Public

[ 2016-07-16T22:17:35+08:00 ] 127.0.0.1 /Public/stylesheets/theme.css
INFO: [ app_init ] --START--
INFO: Run Behavior\BuildLiteBehavior [ RunTime:0.000063s ]
INFO: [ app_init ] --END-- [ RunTime:0.001148s ]
ERR: æ— æ³•åŠ è½½æ¨¡å—:Public

[ 2016-07-16T22:17:35+08:00 ] 127.0.0.1 /Public/layer/min.js
INFO: [ app_init ] --START--
INFO: Run Behavior\BuildLiteBehavior [ RunTime:0.000057s ]
INFO: [ app_init ] --END-- [ RunTime:0.000902s ]
ERR: æ— æ³•åŠ è½½æ¨¡å—:Public

[ 2016-07-16T22:17:35+08:00 ] 127.0.0.1 /Public/font-awesome/css/font-awesome.css
INFO: [ app_init ] --START--
INFO: Run Behavior\BuildLiteBehavior [ RunTime:0.000064s ]
INFO: [ app_init ] --END-- [ RunTime:0.000907s ]
ERR: æ— æ³•åŠ è½½æ¨¡å—:Public

[ 2016-07-16T22:17:35+08:00 ] 127.0.0.1 /Public/layer/extend/ext.js
INFO: [ app_init ] --START--
INFO: Run Behavior\BuildLiteBehavior [ RunTime:0.000065s ]
INFO: [ app_init ] --END-- [ RunTime:0.000902s ]
ERR: æ— æ³•åŠ è½½æ¨¡å—:Public

[ 2016-07-16T22:17:35+08:00 ] 127.0.0.1 /Public/Js/login.js
INFO: [ app_init ] --START--
INFO: Run Behavior\BuildLiteBehavior [ RunTime:0.000055s ]
INFO: [ app_init ] --END-- [ RunTime:0.000887s ]
ERR: æ— æ³•åŠ è½½æ¨¡å—:Public

[ 2016-07-16T22:17:35+08:00 ] 127.0.0.1 /Public/layer/min.js
INFO: [ app_init ] --START--
INFO: Run Behavior\BuildLiteBehavior [ RunTime:0.000031s ]
INFO: [ app_init ] --END-- [ RunTime:0.000535s ]
ERR: æ— æ³•åŠ è½½æ¨¡å—:Public

[ 2016-07-16T22:17:35+08:00 ] 127.0.0.1 /Public/layer/extend/ext.js
INFO: [ app_init ] --START--
INFO: Run Behavior\BuildLiteBehavior [ RunTime:0.000030s ]
INFO: [ app_init ] --END-- [ RunTime:0.000521s ]
ERR: æ— æ³•åŠ è½½æ¨¡å—:Public

[ 2016-07-16T22:17:35+08:00 ] 127.0.0.1 /Public/Js/login.js
INFO: [ app_init ] --START--
INFO: Run Behavior\BuildLiteBehavior [ RunTime:0.000032s ]
INFO: [ app_init ] --END-- [ RunTime:0.000604s ]
ERR: æ— æ³•åŠ è½½æ¨¡å—:Public

[ 2016-07-16T22:22:29+08:00 ] 127.0.0.1 /Public/font-awesome/css/font-awesome.css
INFO: [ app_init ] --START--
INFO: Run Behavior\BuildLiteBehavior [ RunTime:0.000063s ]
INFO: [ app_init ] --END-- [ RunTime:0.000907s ]
ERR: æ— æ³•åŠ è½½æ¨¡å—:Public

[ 2016-07-16T22:22:29+08:00 ] 127.0.0.1 /Public/stylesheets/theme.css
INFO: [ app_init ] --START--
INFO: Run Behavior\BuildLiteBehavior [ RunTime:0.000060s ]
INFO: [ app_init ] --END-- [ RunTime:0.000983s ]
ERR: æ— æ³•åŠ è½½æ¨¡å—:Public

[ 2016-07-16T22:22:29+08:00 ] 127.0.0.1 /Public/layer/min.js
INFO: [ app_init ] --START--
INFO: Run Behavior\BuildLiteBehavior [ RunTime:0.000060s ]
INFO: [ app_init ] --END-- [ RunTime:0.001626s ]
ERR: æ— æ³•åŠ è½½æ¨¡å—:Public

[ 2016-07-16T22:22:29+08:00 ] 127.0.0.1 /Public/Js/login.js
INFO: [ app_init ] --START--
INFO: Run Behavior\BuildLiteBehavior [ RunTime:0.000064s ]
INFO: [ app_init ] --END-- [ RunTime:0.001023s ]
ERR: æ— æ³•åŠ è½½æ¨¡å—:Public

[ 2016-07-16T22:22:29+08:00 ] 127.0.0.1 /Public/layer/extend/ext.js
INFO: [ app_init ] --START--
INFO: Run Behavior\BuildLiteBehavior [ RunTime:0.000059s ]
INFO: [ app_init ] --END-- [ RunTime:0.001091s ]
ERR: æ— æ³•åŠ è½½æ¨¡å—:Public

[ 2016-07-16T22:22:29+08:00 ] 127.0.0.1 /Public/layer/min.js
INFO: [ app_init ] --START--
INFO: Run Behavior\BuildLiteBehavior [ RunTime:0.000031s ]
INFO: [ app_init ] --END-- [ RunTime:0.000532s ]
ERR: æ— æ³•åŠ è½½æ¨¡å—:Public

[ 2016-07-16T22:22:29+08:00 ] 127.0.0.1 /Public/layer/extend/ext.js
INFO: [ app_init ] --START--
INFO: Run Behavior\BuildLiteBehavior [ RunTime:0.000031s ]
INFO: [ app_init ] --END-- [ RunTime:0.000522s ]
ERR: æ— æ³•åŠ è½½æ¨¡å—:Public

[ 2016-07-16T22:22:29+08:00 ] 127.0.0.1 /Public/Js/login.js
INFO: [ app_init ] --START--
INFO: Run Behavior\BuildLiteBehavior [ RunTime:0.000032s ]
INFO: [ app_init ] --END-- [ RunTime:0.000570s ]
ERR: æ— æ³•åŠ è½½æ¨¡å—:Public

[ 2016-07-16T22:23:16+08:00 ] 127.0.0.1 /Public/font-awesome/css/font-awesome.css
INFO: [ app_init ] --START--
INFO: Run Behavior\BuildLiteBehavior [ RunTime:0.000056s ]
INFO: [ app_init ] --END-- [ RunTime:0.000873s ]
ERR: æ— æ³•åŠ è½½æ¨¡å—:Public

[ 2016-07-16T22:23:16+08:00 ] 127.0.0.1 /Public/stylesheets/theme.css
INFO: [ app_init ] --START--
INFO: Run Behavior\BuildLiteBehavior [ RunTime:0.000085s ]
INFO: [ app_init ] --END-- [ RunTime:0.000908s ]
ERR: æ— æ³•åŠ è½½æ¨¡å—:Public

[ 2016-07-16T22:23:16+08:00 ] 127.0.0.1 /Public/Js/login.js
INFO: [ app_init ] --START--
INFO: Run Behavior\BuildLiteBehavior [ RunTime:0.000071s ]
INFO: [ app_init ] --END-- [ RunTime:0.000946s ]
ERR: æ— æ³•åŠ è½½æ¨¡å—:Public

[ 2016-07-16T22:23:16+08:00 ] 127.0.0.1 /Public/layer/extend/ext.js
INFO: [ app_init ] --START--
INFO: Run Behavior\BuildLiteBehavior [ RunTime:0.000083s ]
INFO: [ app_init ] --END-- [ RunTime:0.000943s ]
ERR: æ— æ³•åŠ è½½æ¨¡å—:Public

[ 2016-07-16T22:23:16+08:00 ] 127.0.0.1 /Public/layer/min.js
INFO: [ app_init ] --START--
INFO: Run Behavior\BuildLiteBehavior [ RunTime:0.000058s ]
INFO: [ app_init ] --END-- [ RunTime:0.000947s ]
ERR: æ— æ³•åŠ è½½æ¨¡å—:Public

[ 2016-07-16T22:23:17+08:00 ] 127.0.0.1 /Public/layer/min.js
INFO: [ app_init ] --START--
INFO: Run Behavior\BuildLiteBehavior [ RunTime:0.000051s ]
INFO: [ app_init ] --END-- [ RunTime:0.000741s ]
ERR: æ— æ³•åŠ è½½æ¨¡å—:Public

[ 2016-07-16T22:23:17+08:00 ] 127.0.0.1 /Public/layer/extend/ext.js
INFO: [ app_init ] --START--
INFO: Run Behavior\BuildLiteBehavior [ RunTime:0.000031s ]
INFO: [ app_init ] --END-- [ RunTime:0.000534s ]
ERR: æ— æ³•åŠ è½½æ¨¡å—:Public

[ 2016-07-16T22:23:17+08:00 ] 127.0.0.1 /Public/Js/login.js
INFO: [ app_init ] --START--
INFO: Run Behavior\BuildLiteBehavior [ RunTime:0.000034s ]
INFO: [ app_init ] --END-- [ RunTime:0.000597s ]
ERR: æ— æ³•åŠ è½½æ¨¡å—:Public

[ 2016-07-16T22:23:45+08:00 ] 127.0.0.1 /Public/layer/min.js
INFO: [ app_init ] --START--
INFO: Run Behavior\BuildLiteBehavior [ RunTime:0.000108s ]
INFO: [ app_init ] --END-- [ RunTime:0.001554s ]
ERR: æ— æ³•åŠ è½½æ¨¡å—:Public

[ 2016-07-16T22:23:45+08:00 ] 127.0.0.1 /Public/stylesheets/theme.css
INFO: [ app_init ] --START--
INFO: Run Behavior\BuildLiteBehavior [ RunTime:0.000064s ]
INFO: [ app_init ] --END-- [ RunTime:0.003704s ]
ERR: æ— æ³•åŠ è½½æ¨¡å—:Public

[ 2016-07-16T22:23:45+08:00 ] 127.0.0.1 /Public/font-awesome/css/font-awesome.css
INFO: [ app_init ] --START--
INFO: Run Behavior\BuildLiteBehavior [ RunTime:0.000062s ]
INFO: [ app_init ] --END-- [ RunTime:0.001521s ]
ERR: æ— æ³•åŠ è½½æ¨¡å—:Public

[ 2016-07-16T22:23:45+08:00 ] 127.0.0.1 /Public/layer/extend/ext.js
INFO: [ app_init ] --START--
INFO: Run Behavior\BuildLiteBehavior [ RunTime:0.000066s ]
INFO: [ app_init ] --END-- [ RunTime:0.000961s ]
ERR: æ— æ³•åŠ è½½æ¨¡å—:Public

[ 2016-07-16T22:23:45+08:00 ] 127.0.0.1 /Public/Js/login.js
INFO: [ app_init ] --START--
INFO: Run Behavior\BuildLiteBehavior [ RunTime:0.000057s ]
INFO: [ app_init ] --END-- [ RunTime:0.000964s ]
ERR: æ— æ³•åŠ è½½æ¨¡å—:Public

[ 2016-07-16T22:23:45+08:00 ] 127.0.0.1 /Public/layer/min.js
INFO: [ app_init ] --START--
INFO: Run Behavior\BuildLiteBehavior [ RunTime:0.000065s ]
INFO: [ app_init ] --END-- [ RunTime:0.000938s ]
ERR: æ— æ³•åŠ è½½æ¨¡å—:Public

[ 2016-07-16T22:23:45+08:00 ] 127.0.0.1 /Public/layer/extend/ext.js
INFO: [ app_init ] --START--
INFO: Run Behavior\BuildLiteBehavior [ RunTime:0.000029s ]
INFO: [ app_init ] --END-- [ RunTime:0.000517s ]
ERR: æ— æ³•åŠ è½½æ¨¡å—:Public

[ 2016-07-16T22:23:45+08:00 ] 127.0.0.1 /Public/Js/login.js
INFO: [ app_init ] --START--
INFO: Run Behavior\BuildLiteBehavior [ RunTime:0.000034s ]
INFO: [ app_init ] --END-- [ RunTime:0.000770s ]
ERR: æ— æ³•åŠ è½½æ¨¡å—:Public

[ 2016-07-16T22:24:33+08:00 ] 127.0.0.1 /Public/stylesheets/theme.css
INFO: [ app_init ] --START--
INFO: Run Behavior\BuildLiteBehavior [ RunTime:0.000058s ]
INFO: [ app_init ] --END-- [ RunTime:0.000914s ]
ERR: æ— æ³•åŠ è½½æ¨¡å—:Public

[ 2016-07-16T22:24:33+08:00 ] 127.0.0.1 /Public/Js/login.js
INFO: [ app_init ] --START--
INFO: Run Behavior\BuildLiteBehavior [ RunTime:0.000058s ]
INFO: [ app_init ] --END-- [ RunTime:0.000947s ]
ERR: æ— æ³•åŠ è½½æ¨¡å—:Public

[ 2016-07-16T22:24:33+08:00 ] 127.0.0.1 /Public/font-awesome/css/font-awesome.css
INFO: [ app_init ] --START--
INFO: Run Behavior\BuildLiteBehavior [ RunTime:0.000062s ]
INFO: [ app_init ] --END-- [ RunTime:0.000964s ]
ERR: æ— æ³•åŠ è½½æ¨¡å—:Public

[ 2016-07-16T22:24:34+08:00 ] 127.0.0.1 /Public/layer/min.js
INFO: [ app_init ] --START--
INFO: Run Behavior\BuildLiteBehavior [ RunTime:0.000067s ]
INFO: [ app_init ] --END-- [ RunTime:0.001088s ]
ERR: æ— æ³•åŠ è½½æ¨¡å—:Public

[ 2016-07-16T22:24:34+08:00 ] 127.0.0.1 /Public/layer/extend/ext.js
INFO: [ app_init ] --START--
INFO: Run Behavior\BuildLiteBehavior [ RunTime:0.000059s ]
INFO: [ app_init ] --END-- [ RunTime:0.000975s ]
ERR: æ— æ³•åŠ è½½æ¨¡å—:Public

[ 2016-07-16T22:24:34+08:00 ] 127.0.0.1 /Public/layer/min.js
INFO: [ app_init ] --START--
INFO: Run Behavior\BuildLiteBehavior [ RunTime:0.000031s ]
INFO: [ app_init ] --END-- [ RunTime:0.000583s ]
ERR: æ— æ³•åŠ è½½æ¨¡å—:Public

[ 2016-07-16T22:24:34+08:00 ] 127.0.0.1 /Public/layer/extend/ext.js
INFO: [ app_init ] --START--
INFO: Run Behavior\BuildLiteBehavior [ RunTime:0.000031s ]
INFO: [ app_init ] --END-- [ RunTime:0.000573s ]
ERR: æ— æ³•åŠ è½½æ¨¡å—:Public

[ 2016-07-16T22:24:34+08:00 ] 127.0.0.1 /Public/Js/login.js
INFO: [ app_init ] --START--
INFO: Run Behavior\BuildLiteBehavior [ RunTime:0.000030s ]
INFO: [ app_init ] --END-- [ RunTime:0.000563s ]
ERR: æ— æ³•åŠ è½½æ¨¡å—:Public

[ 2016-07-16T22:25:24+08:00 ] 127.0.0.1 /Public/stylesheets/theme.css
INFO: [ app_init ] --START--
INFO: Run Behavior\BuildLiteBehavior [ RunTime:0.000058s ]
INFO: [ app_init ] --END-- [ RunTime:0.000915s ]
ERR: æ— æ³•åŠ è½½æ¨¡å—:Public

[ 2016-07-16T22:25:24+08:00 ] 127.0.0.1 /Public/font-awesome/css/font-awesome.css
INFO: [ app_init ] --START--
INFO: Run Behavior\BuildLiteBehavior [ RunTime:0.000062s ]
INFO: [ app_init ] --END-- [ RunTime:0.001007s ]
ERR: æ— æ³•åŠ è½½æ¨¡å—:Public

[ 2016-07-16T22:25:24+08:00 ] 127.0.0.1 /Public/layer/min.js
INFO: [ app_init ] --START--
INFO: Run Behavior\BuildLiteBehavior [ RunTime:0.000055s ]
INFO: [ app_init ] --END-- [ RunTime:0.000892s ]
ERR: æ— æ³•åŠ è½½æ¨¡å—:Public

[ 2016-07-16T22:25:24+08:00 ] 127.0.0.1 /Public/layer/extend/ext.js
INFO: [ app_init ] --START--
INFO: Run Behavior\BuildLiteBehavior [ RunTime:0.000059s ]
INFO: [ app_init ] --END-- [ RunTime:0.003580s ]
ERR: æ— æ³•åŠ è½½æ¨¡å—:Public

[ 2016-07-16T22:25:24+08:00 ] 127.0.0.1 /Public/Js/login.js
INFO: [ app_init ] --START--
INFO: Run Behavior\BuildLiteBehavior [ RunTime:0.000059s ]
INFO: [ app_init ] --END-- [ RunTime:0.001364s ]
ERR: æ— æ³•åŠ è½½æ¨¡å—:Public

[ 2016-07-16T22:25:24+08:00 ] 127.0.0.1 /Public/layer/min.js
INFO: [ app_init ] --START--
INFO: Run Behavior\BuildLiteBehavior [ RunTime:0.000033s ]
INFO: [ app_init ] --END-- [ RunTime:0.000607s ]
ERR: æ— æ³•åŠ è½½æ¨¡å—:Public

[ 2016-07-16T22:25:24+08:00 ] 127.0.0.1 /Public/layer/extend/ext.js
INFO: [ app_init ] --START--
INFO: Run Behavior\BuildLiteBehavior [ RunTime:0.000036s ]
INFO: [ app_init ] --END-- [ RunTime:0.000814s ]
ERR: æ— æ³•åŠ è½½æ¨¡å—:Public

[ 2016-07-16T22:25:24+08:00 ] 127.0.0.1 /Public/Js/login.js
INFO: [ app_init ] --START--
INFO: Run Behavior\BuildLiteBehavior [ RunTime:0.000033s ]
INFO: [ app_init ] --END-- [ RunTime:0.000581s ]
ERR: æ— æ³•åŠ è½½æ¨¡å—:Public

[ 2016-07-16T22:28:47+08:00 ] 127.0.0.1 /Public/layer/min.js
INFO: [ app_init ] --START--
INFO: Run Behavior\BuildLiteBehavior [ RunTime:0.000052s ]
INFO: [ app_init ] --END-- [ RunTime:0.000914s ]
ERR: æ— æ³•åŠ è½½æ¨¡å—:Public

[ 2016-07-16T22:28:47+08:00 ] 127.0.0.1 /Public/font-awesome/css/font-awesome.css
INFO: [ app_init ] --START--
INFO: Run Behavior\BuildLiteBehavior [ RunTime:0.000060s ]
INFO: [ app_init ] --END-- [ RunTime:0.001131s ]
ERR: æ— æ³•åŠ è½½æ¨¡å—:Public

[ 2016-07-16T22:28:47+08:00 ] 127.0.0.1 /Public/stylesheets/theme.css
INFO: [ app_init ] --START--
INFO: Run Behavior\BuildLiteBehavior [ RunTime:0.000065s ]
INFO: [ app_init ] --END-- [ RunTime:0.011080s ]
ERR: æ— æ³•åŠ è½½æ¨¡å—:Public

[ 2016-07-16T22:28:47+08:00 ] 127.0.0.1 /Public/Js/login.js
INFO: [ app_init ] --START--
INFO: Run Behavior\BuildLiteBehavior [ RunTime:0.000065s ]
INFO: [ app_init ] --END-- [ RunTime:0.001053s ]
ERR: æ— æ³•åŠ è½½æ¨¡å—:Public

[ 2016-07-16T22:28:47+08:00 ] 127.0.0.1 /Public/layer/extend/ext.js
INFO: [ app_init ] --START--
INFO: Run Behavior\BuildLiteBehavior [ RunTime:0.000066s ]
INFO: [ app_init ] --END-- [ RunTime:0.001136s ]
ERR: æ— æ³•åŠ è½½æ¨¡å—:Public

[ 2016-07-16T22:28:47+08:00 ] 127.0.0.1 /Public/layer/min.js
INFO: [ app_init ] --START--
INFO: Run Behavior\BuildLiteBehavior [ RunTime:0.000033s ]
INFO: [ app_init ] --END-- [ RunTime:0.000570s ]
ERR: æ— æ³•åŠ è½½æ¨¡å—:Public

[ 2016-07-16T22:28:47+08:00 ] 127.0.0.1 /Public/layer/extend/ext.js
INFO: [ app_init ] --START--
INFO: Run Behavior\BuildLiteBehavior [ RunTime:0.000032s ]
INFO: [ app_init ] --END-- [ RunTime:0.000553s ]
ERR: æ— æ³•åŠ è½½æ¨¡å—:Public

[ 2016-07-16T22:28:47+08:00 ] 127.0.0.1 /Public/Js/login.js
INFO: [ app_init ] --START--
INFO: Run Behavior\BuildLiteBehavior [ RunTime:0.000030s ]
INFO: [ app_init ] --END-- [ RunTime:0.000545s ]
ERR: æ— æ³•åŠ è½½æ¨¡å—:Public

[ 2016-07-16T22:28:52+08:00 ] 127.0.0.1 /Public/stylesheets/theme.css
INFO: [ app_init ] --START--
INFO: Run Behavior\BuildLiteBehavior [ RunTime:0.000059s ]
INFO: [ app_init ] --END-- [ RunTime:0.000894s ]
ERR: æ— æ³•åŠ è½½æ¨¡å—:Public

[ 2016-07-16T22:28:52+08:00 ] 127.0.0.1 /Public/font-awesome/css/font-awesome.css
INFO: [ app_init ] --START--
INFO: Run Behavior\BuildLiteBehavior [ RunTime:0.000069s ]
INFO: [ app_init ] --END-- [ RunTime:0.001041s ]
ERR: æ— æ³•åŠ è½½æ¨¡å—:Public

[ 2016-07-16T22:28:52+08:00 ] 127.0.0.1 /Public/layer/extend/ext.js
INFO: [ app_init ] --START--
INFO: Run Behavior\BuildLiteBehavior [ RunTime:0.000057s ]
INFO: [ app_init ] --END-- [ RunTime:0.001036s ]
ERR: æ— æ³•åŠ è½½æ¨¡å—:Public

[ 2016-07-16T22:28:52+08:00 ] 127.0.0.1 /Public/Js/login.js
INFO: [ app_init ] --START--
INFO: Run Behavior\BuildLiteBehavior [ RunTime:0.000060s ]
INFO: [ app_init ] --END-- [ RunTime:0.001291s ]
ERR: æ— æ³•åŠ è½½æ¨¡å—:Public

[ 2016-07-16T22:28:52+08:00 ] 127.0.0.1 /Public/layer/min.js
INFO: [ app_init ] --START--
INFO: Run Behavior\BuildLiteBehavior [ RunTime:0.000031s ]
INFO: [ app_init ] --END-- [ RunTime:0.000521s ]
ERR: æ— æ³•åŠ è½½æ¨¡å—:Public

[ 2016-07-16T22:28:52+08:00 ] 127.0.0.1 /Public/layer/extend/ext.js
INFO: [ app_init ] --START--
INFO: Run Behavior\BuildLiteBehavior [ RunTime:0.000031s ]
INFO: [ app_init ] --END-- [ RunTime:0.000532s ]
ERR: æ— æ³•åŠ è½½æ¨¡å—:Public

[ 2016-07-16T22:28:52+08:00 ] 127.0.0.1 /Public/Js/login.js
INFO: [ app_init ] --START--
INFO: Run Behavior\BuildLiteBehavior [ RunTime:0.000030s ]
INFO: [ app_init ] --END-- [ RunTime:0.000536s ]
ERR: æ— æ³•åŠ è½½æ¨¡å—:Public

[ 2016-07-16T22:29:06+08:00 ] 127.0.0.1 /Public/stylesheets/theme.css
INFO: [ app_init ] --START--
INFO: Run Behavior\BuildLiteBehavior [ RunTime:0.000060s ]
INFO: [ app_init ] --END-- [ RunTime:0.000847s ]
ERR: æ— æ³•åŠ è½½æ¨¡å—:Public

[ 2016-07-16T22:29:06+08:00 ] 127.0.0.1 /Public/font-awesome/css/font-awesome.css
INFO: [ app_init ] --START--
INFO: Run Behavior\BuildLiteBehavior [ RunTime:0.000057s ]
INFO: [ app_init ] --END-- [ RunTime:0.000856s ]
ERR: æ— æ³•åŠ è½½æ¨¡å—:Public

[ 2016-07-16T22:29:06+08:00 ] 127.0.0.1 /Public/layer/min.js
INFO: [ app_init ] --START--
INFO: Run Behavior\BuildLiteBehavior [ RunTime:0.000064s ]
INFO: [ app_init ] --END-- [ RunTime:0.000998s ]
ERR: æ— æ³•åŠ è½½æ¨¡å—:Public

[ 2016-07-16T22:29:06+08:00 ] 127.0.0.1 /Public/layer/extend/ext.js
INFO: [ app_init ] --START--
INFO: Run Behavior\BuildLiteBehavior [ RunTime:0.000057s ]
INFO: [ app_init ] --END-- [ RunTime:0.000753s ]
ERR: æ— æ³•åŠ è½½æ¨¡å—:Public

[ 2016-07-16T22:29:06+08:00 ] 127.0.0.1 /Public/Js/login.js
INFO: [ app_init ] --START--
INFO: Run Behavior\BuildLiteBehavior [ RunTime:0.000054s ]
INFO: [ app_init ] --END-- [ RunTime:0.000883s ]
ERR: æ— æ³•åŠ è½½æ¨¡å—:Public

[ 2016-07-16T22:29:06+08:00 ] 127.0.0.1 /Public/layer/min.js
INFO: [ app_init ] --START--
INFO: Run Behavior\BuildLiteBehavior [ RunTime:0.000088s ]
INFO: [ app_init ] --END-- [ RunTime:0.001331s ]
ERR: æ— æ³•åŠ è½½æ¨¡å—:Public

[ 2016-07-16T22:29:06+08:00 ] 127.0.0.1 /Public/layer/extend/ext.js
INFO: [ app_init ] --START--
INFO: Run Behavior\BuildLiteBehavior [ RunTime:0.000065s ]
INFO: [ app_init ] --END-- [ RunTime:0.000819s ]
ERR: æ— æ³•åŠ è½½æ¨¡å—:Public

[ 2016-07-16T22:29:06+08:00 ] 127.0.0.1 /Public/Js/login.js
INFO: [ app_init ] --START--
INFO: Run Behavior\BuildLiteBehavior [ RunTime:0.000034s ]
INFO: [ app_init ] --END-- [ RunTime:0.000564s ]
ERR: æ— æ³•åŠ è½½æ¨¡å—:Public

[ 2016-07-16T22:29:40+08:00 ] 127.0.0.1 /Public/stylesheets/theme.css
INFO: [ app_init ] --START--
INFO: Run Behavior\BuildLiteBehavior [ RunTime:0.000061s ]
INFO: [ app_init ] --END-- [ RunTime:0.000925s ]
ERR: æ— æ³•åŠ è½½æ¨¡å—:Public

[ 2016-07-16T22:29:40+08:00 ] 127.0.0.1 /Public/Js/login.js
INFO: [ app_init ] --START--
INFO: Run Behavior\BuildLiteBehavior [ RunTime:0.000064s ]
INFO: [ app_init ] --END-- [ RunTime:0.001501s ]
ERR: æ— æ³•åŠ è½½æ¨¡å—:Public

[ 2016-07-16T22:29:40+08:00 ] 127.0.0.1 /Public/font-awesome/css/font-awesome.css
INFO: [ app_init ] --START--
INFO: Run Behavior\BuildLiteBehavior [ RunTime:0.000073s ]
INFO: [ app_init ] --END-- [ RunTime:0.000951s ]
ERR: æ— æ³•åŠ è½½æ¨¡å—:Public

[ 2016-07-16T22:29:40+08:00 ] 127.0.0.1 /Public/layer/extend/ext.js
INFO: [ app_init ] --START--
INFO: Run Behavior\BuildLiteBehavior [ RunTime:0.000059s ]
INFO: [ app_init ] --END-- [ RunTime:0.000915s ]
ERR: æ— æ³•åŠ è½½æ¨¡å—:Public

[ 2016-07-16T22:29:40+08:00 ] 127.0.0.1 /Public/layer/min.js
INFO: [ app_init ] --START--
INFO: Run Behavior\BuildLiteBehavior [ RunTime:0.000052s ]
INFO: [ app_init ] --END-- [ RunTime:0.000864s ]
ERR: æ— æ³•åŠ è½½æ¨¡å—:Public

[ 2016-07-16T22:29:40+08:00 ] 127.0.0.1 /Public/layer/min.js
INFO: [ app_init ] --START--
INFO: Run Behavior\BuildLiteBehavior [ RunTime:0.000049s ]
INFO: [ app_init ] --END-- [ RunTime:0.000774s ]
ERR: æ— æ³•åŠ è½½æ¨¡å—:Public

[ 2016-07-16T22:29:40+08:00 ] 127.0.0.1 /Public/layer/extend/ext.js
INFO: [ app_init ] --START--
INFO: Run Behavior\BuildLiteBehavior [ RunTime:0.000030s ]
INFO: [ app_init ] --END-- [ RunTime:0.000518s ]
ERR: æ— æ³•åŠ è½½æ¨¡å—:Public

[ 2016-07-16T22:29:40+08:00 ] 127.0.0.1 /Public/Js/login.js
INFO: [ app_init ] --START--
INFO: Run Behavior\BuildLiteBehavior [ RunTime:0.000032s ]
INFO: [ app_init ] --END-- [ RunTime:0.000540s ]
ERR: æ— æ³•åŠ è½½æ¨¡å—:Public

[ 2016-07-16T22:31:59+08:00 ] 127.0.0.1 /Public/stylesheets/theme.css
INFO: [ app_init ] --START--
INFO: Run Behavior\BuildLiteBehavior [ RunTime:0.000061s ]
INFO: [ app_init ] --END-- [ RunTime:0.001194s ]
ERR: æ— æ³•åŠ è½½æ¨¡å—:Public

[ 2016-07-16T22:31:59+08:00 ] 127.0.0.1 /Public/font-awesome/css/font-awesome.css
INFO: [ app_init ] --START--
INFO: Run Behavior\BuildLiteBehavior [ RunTime:0.000081s ]
INFO: [ app_init ] --END-- [ RunTime:0.001073s ]
ERR: æ— æ³•åŠ è½½æ¨¡å—:Public

[ 2016-07-16T22:32:00+08:00 ] 127.0.0.1 /Public/layer/extend/ext.js
INFO: [ app_init ] --START--
INFO: Run Behavior\BuildLiteBehavior [ RunTime:0.000063s ]
INFO: [ app_init ] --END-- [ RunTime:0.000986s ]
ERR: æ— æ³•åŠ è½½æ¨¡å—:Public

[ 2016-07-16T22:32:00+08:00 ] 127.0.0.1 /Public/layer/min.js
INFO: [ app_init ] --START--
INFO: Run Behavior\BuildLiteBehavior [ RunTime:0.000059s ]
INFO: [ app_init ] --END-- [ RunTime:0.000979s ]
ERR: æ— æ³•åŠ è½½æ¨¡å—:Public

[ 2016-07-16T22:32:00+08:00 ] 127.0.0.1 /Public/Js/login.js
INFO: [ app_init ] --START--
INFO: Run Behavior\BuildLiteBehavior [ RunTime:0.000062s ]
INFO: [ app_init ] --END-- [ RunTime:0.001037s ]
ERR: æ— æ³•åŠ è½½æ¨¡å—:Public

[ 2016-07-16T22:32:00+08:00 ] 127.0.0.1 /Public/layer/min.js
INFO: [ app_init ] --START--
INFO: Run Behavior\BuildLiteBehavior [ RunTime:0.000032s ]
INFO: [ app_init ] --END-- [ RunTime:0.000539s ]
ERR: æ— æ³•åŠ è½½æ¨¡å—:Public

[ 2016-07-16T22:32:00+08:00 ] 127.0.0.1 /Public/layer/extend/ext.js
INFO: [ app_init ] --START--
INFO: Run Behavior\BuildLiteBehavior [ RunTime:0.000062s ]
INFO: [ app_init ] --END-- [ RunTime:0.000786s ]
ERR: æ— æ³•åŠ è½½æ¨¡å—:Public

[ 2016-07-16T22:32:00+08:00 ] 127.0.0.1 /Public/Js/login.js
INFO: [ app_init ] --START--
INFO: Run Behavior\BuildLiteBehavior [ RunTime:0.000032s ]
INFO: [ app_init ] --END-- [ RunTime:0.000559s ]
ERR: æ— æ³•åŠ è½½æ¨¡å—:Public

[ 2016-07-16T22:32:01+08:00 ] 127.0.0.1 /Public/stylesheets/theme.css
INFO: [ app_init ] --START--
INFO: Run Behavior\BuildLiteBehavior [ RunTime:0.000061s ]
INFO: [ app_init ] --END-- [ RunTime:0.001785s ]
ERR: æ— æ³•åŠ è½½æ¨¡å—:Public

[ 2016-07-16T22:32:01+08:00 ] 127.0.0.1 /Public/layer/min.js
INFO: [ app_init ] --START--
INFO: Run Behavior\BuildLiteBehavior [ RunTime:0.000061s ]
INFO: [ app_init ] --END-- [ RunTime:0.000918s ]
ERR: æ— æ³•åŠ è½½æ¨¡å—:Public

[ 2016-07-16T22:32:01+08:00 ] 127.0.0.1 /Public/Js/login.js
INFO: [ app_init ] --START--
INFO: Run Behavior\BuildLiteBehavior [ RunTime:0.000061s ]
INFO: [ app_init ] --END-- [ RunTime:0.000941s ]
ERR: æ— æ³•åŠ è½½æ¨¡å—:Public

[ 2016-07-16T22:32:01+08:00 ] 127.0.0.1 /Public/font-awesome/css/font-awesome.css
INFO: [ app_init ] --START--
INFO: Run Behavior\BuildLiteBehavior [ RunTime:0.000065s ]
INFO: [ app_init ] --END-- [ RunTime:0.000931s ]
ERR: æ— æ³•åŠ è½½æ¨¡å—:Public

[ 2016-07-16T22:32:01+08:00 ] 127.0.0.1 /Public/layer/extend/ext.js
INFO: [ app_init ] --START--
INFO: Run Behavior\BuildLiteBehavior [ RunTime:0.000032s ]
INFO: [ app_init ] --END-- [ RunTime:0.000548s ]
ERR: æ— æ³•åŠ è½½æ¨¡å—:Public

[ 2016-07-16T22:32:02+08:00 ] 127.0.0.1 /Public/layer/min.js
INFO: [ app_init ] --START--
INFO: Run Behavior\BuildLiteBehavior [ RunTime:0.000034s ]
INFO: [ app_init ] --END-- [ RunTime:0.000703s ]
ERR: æ— æ³•åŠ è½½æ¨¡å—:Public

[ 2016-07-16T22:32:02+08:00 ] 127.0.0.1 /Public/layer/extend/ext.js
INFO: [ app_init ] --START--
INFO: Run Behavior\BuildLiteBehavior [ RunTime:0.000031s ]
INFO: [ app_init ] --END-- [ RunTime:0.000546s ]
ERR: æ— æ³•åŠ è½½æ¨¡å—:Public

[ 2016-07-16T22:32:02+08:00 ] 127.0.0.1 /Public/Js/login.js
INFO: [ app_init ] --START--
INFO: Run Behavior\BuildLiteBehavior [ RunTime:0.000031s ]
INFO: [ app_init ] --END-- [ RunTime:0.000561s ]
ERR: æ— æ³•åŠ è½½æ¨¡å—:Public

[ 2016-07-16T22:32:03+08:00 ] 127.0.0.1 /Public/stylesheets/theme.css
INFO: [ app_init ] --START--
INFO: Run Behavior\BuildLiteBehavior [ RunTime:0.000061s ]
INFO: [ app_init ] --END-- [ RunTime:0.000876s ]
ERR: æ— æ³•åŠ è½½æ¨¡å—:Public

[ 2016-07-16T22:32:03+08:00 ] 127.0.0.1 /Public/Js/login.js
INFO: [ app_init ] --START--
INFO: Run Behavior\BuildLiteBehavior [ RunTime:0.000071s ]
INFO: [ app_init ] --END-- [ RunTime:0.001151s ]
ERR: æ— æ³•åŠ è½½æ¨¡å—:Public

[ 2016-07-16T22:32:04+08:00 ] 127.0.0.1 /Public/font-awesome/css/font-awesome.css
INFO: [ app_init ] --START--
INFO: Run Behavior\BuildLiteBehavior [ RunTime:0.000062s ]
INFO: [ app_init ] --END-- [ RunTime:0.000902s ]
ERR: æ— æ³•åŠ è½½æ¨¡å—:Public

[ 2016-07-16T22:32:04+08:00 ] 127.0.0.1 /Public/layer/min.js
INFO: [ app_init ] --START--
INFO: Run Behavior\BuildLiteBehavior [ RunTime:0.000068s ]
INFO: [ app_init ] --END-- [ RunTime:0.000990s ]
ERR: æ— æ³•åŠ è½½æ¨¡å—:Public

[ 2016-07-16T22:32:04+08:00 ] 127.0.0.1 /Public/layer/extend/ext.js
INFO: [ app_init ] --START--
INFO: Run Behavior\BuildLiteBehavior [ RunTime:0.000033s ]
INFO: [ app_init ] --END-- [ RunTime:0.000583s ]
ERR: æ— æ³•åŠ è½½æ¨¡å—:Public

[ 2016-07-16T22:32:04+08:00 ] 127.0.0.1 /Public/layer/min.js
INFO: [ app_init ] --START--
INFO: Run Behavior\BuildLiteBehavior [ RunTime:0.000033s ]
INFO: [ app_init ] --END-- [ RunTime:0.000556s ]
ERR: æ— æ³•åŠ è½½æ¨¡å—:Public

[ 2016-07-16T22:32:04+08:00 ] 127.0.0.1 /Public/layer/extend/ext.js
INFO: [ app_init ] --START--
INFO: Run Behavior\BuildLiteBehavior [ RunTime:0.000033s ]
INFO: [ app_init ] --END-- [ RunTime:0.000612s ]
ERR: æ— æ³•åŠ è½½æ¨¡å—:Public

[ 2016-07-16T22:32:04+08:00 ] 127.0.0.1 /Public/Js/login.js
INFO: [ app_init ] --START--
INFO: Run Behavior\BuildLiteBehavior [ RunTime:0.000033s ]
INFO: [ app_init ] --END-- [ RunTime:0.000581s ]
ERR: æ— æ³•åŠ è½½æ¨¡å—:Public

[ 2016-07-16T22:32:40+08:00 ] 127.0.0.1 /Public/layer/min.js
INFO: [ app_init ] --START--
INFO: Run Behavior\BuildLiteBehavior [ RunTime:0.000032s ]
INFO: [ app_init ] --END-- [ RunTime:0.000589s ]
ERR: æ— æ³•åŠ è½½æ¨¡å—:Public

[ 2016-07-16T22:33:07+08:00 ] 127.0.0.1 /Public/layer/min.js
INFO: [ app_init ] --START--
INFO: Run Behavior\BuildLiteBehavior [ RunTime:0.000033s ]
INFO: [ app_init ] --END-- [ RunTime:0.000618s ]
ERR: æ— æ³•åŠ è½½æ¨¡å—:Public

[ 2016-07-16T22:33:46+08:00 ] 127.0.0.1 /Public/layer/min.js
INFO: [ app_init ] --START--
INFO: Run Behavior\BuildLiteBehavior [ RunTime:0.000030s ]
INFO: [ app_init ] --END-- [ RunTime:0.000603s ]
ERR: æ— æ³•åŠ è½½æ¨¡å—:Public

[ 2016-07-16T22:34:03+08:00 ] 127.0.0.1 /Public/layer/min.js
INFO: [ app_init ] --START--
INFO: Run Behavior\BuildLiteBehavior [ RunTime:0.000034s ]
INFO: [ app_init ] --END-- [ RunTime:0.000651s ]
ERR: æ— æ³•åŠ è½½æ¨¡å—:Public

[ 2016-07-16T22:34:46+08:00 ] 127.0.0.1 /Public/layer/min.js
INFO: [ app_init ] --START--
INFO: Run Behavior\BuildLiteBehavior [ RunTime:0.000032s ]
INFO: [ app_init ] --END-- [ RunTime:0.000579s ]
ERR: æ— æ³•åŠ è½½æ¨¡å—:Public

[ 2016-07-16T22:40:19+08:00 ] 127.0.0.1 /Public/stylesheets/theme.css
INFO: [ app_init ] --START--
INFO: Run Behavior\BuildLiteBehavior [ RunTime:0.000058s ]
INFO: [ app_init ] --END-- [ RunTime:0.001082s ]
ERR: æ— æ³•åŠ è½½æ¨¡å—:Public

[ 2016-07-16T22:40:19+08:00 ] 127.0.0.1 /Public/font-awesome/css/font-awesome.css
INFO: [ app_init ] --START--
INFO: Run Behavior\BuildLiteBehavior [ RunTime:0.000060s ]
INFO: [ app_init ] --END-- [ RunTime:0.000960s ]
ERR: æ— æ³•åŠ è½½æ¨¡å—:Public

[ 2016-07-16T22:40:19+08:00 ] 127.0.0.1 /Public/Js/login.js
INFO: [ app_init ] --START--
INFO: Run Behavior\BuildLiteBehavior [ RunTime:0.000061s ]
INFO: [ app_init ] --END-- [ RunTime:0.000956s ]
ERR: æ— æ³•åŠ è½½æ¨¡å—:Public

[ 2016-07-16T22:40:19+08:00 ] 127.0.0.1 /Public/layer/extend/ext.js
INFO: [ app_init ] --START--
INFO: Run Behavior\BuildLiteBehavior [ RunTime:0.000062s ]
INFO: [ app_init ] --END-- [ RunTime:0.001354s ]
ERR: æ— æ³•åŠ è½½æ¨¡å—:Public

[ 2016-07-16T22:40:19+08:00 ] 127.0.0.1 /Public/layer/min.js
INFO: [ app_init ] --START--
INFO: Run Behavior\BuildLiteBehavior [ RunTime:0.000059s ]
INFO: [ app_init ] --END-- [ RunTime:0.001045s ]
ERR: æ— æ³•åŠ è½½æ¨¡å—:Public

[ 2016-07-16T22:40:19+08:00 ] 127.0.0.1 /Public/layer/min.js
INFO: [ app_init ] --START--
INFO: Run Behavior\BuildLiteBehavior [ RunTime:0.000034s ]
INFO: [ app_init ] --END-- [ RunTime:0.000704s ]
ERR: æ— æ³•åŠ è½½æ¨¡å—:Public

[ 2016-07-16T22:40:19+08:00 ] 127.0.0.1 /Public/layer/extend/ext.js
INFO: [ app_init ] --START--
INFO: Run Behavior\BuildLiteBehavior [ RunTime:0.000033s ]
INFO: [ app_init ] --END-- [ RunTime:0.000649s ]
ERR: æ— æ³•åŠ è½½æ¨¡å—:Public

[ 2016-07-16T22:40:19+08:00 ] 127.0.0.1 /Public/Js/login.js
INFO: [ app_init ] --START--
INFO: Run Behavior\BuildLiteBehavior [ RunTime:0.000034s ]
INFO: [ app_init ] --END-- [ RunTime:0.000628s ]
ERR: æ— æ³•åŠ è½½æ¨¡å—:Public

[ 2016-07-16T22:45:23+08:00 ] 127.0.0.1 /Public/stylesheets/theme.css
INFO: [ app_init ] --START--
INFO: Run Behavior\BuildLiteBehavior [ RunTime:0.000060s ]
INFO: [ app_init ] --END-- [ RunTime:0.000992s ]
ERR: æ— æ³•åŠ è½½æ¨¡å—:Public

[ 2016-07-16T22:45:23+08:00 ] 127.0.0.1 /Public/font-awesome/css/font-awesome.css
INFO: [ app_init ] --START--
INFO: Run Behavior\BuildLiteBehavior [ RunTime:0.000074s ]
INFO: [ app_init ] --END-- [ RunTime:0.003434s ]
ERR: æ— æ³•åŠ è½½æ¨¡å—:Public

[ 2016-07-16T22:45:23+08:00 ] 127.0.0.1 /Public/Js/login.js
INFO: [ app_init ] --START--
INFO: Run Behavior\BuildLiteBehavior [ RunTime:0.000062s ]
INFO: [ app_init ] --END-- [ RunTime:0.001798s ]
ERR: æ— æ³•åŠ è½½æ¨¡å—:Public

[ 2016-07-16T22:45:23+08:00 ] 127.0.0.1 /Public/layer/extend/ext.js
INFO: [ app_init ] --START--
INFO: Run Behavior\BuildLiteBehavior [ RunTime:0.000054s ]
INFO: [ app_init ] --END-- [ RunTime:0.000955s ]
ERR: æ— æ³•åŠ è½½æ¨¡å—:Public

[ 2016-07-16T22:45:23+08:00 ] 127.0.0.1 /Public/layer/min.js
INFO: [ app_init ] --START--
INFO: Run Behavior\BuildLiteBehavior [ RunTime:0.000070s ]
INFO: [ app_init ] --END-- [ RunTime:0.001216s ]
ERR: æ— æ³•åŠ è½½æ¨¡å—:Public

[ 2016-07-16T22:45:23+08:00 ] 127.0.0.1 /Public/layer/min.js
INFO: [ app_init ] --START--
INFO: Run Behavior\BuildLiteBehavior [ RunTime:0.000060s ]
INFO: [ app_init ] --END-- [ RunTime:0.000976s ]
ERR: æ— æ³•åŠ è½½æ¨¡å—:Public

[ 2016-07-16T22:45:24+08:00 ] 127.0.0.1 /Public/layer/extend/ext.js
INFO: [ app_init ] --START--
INFO: Run Behavior\BuildLiteBehavior [ RunTime:0.000033s ]
INFO: [ app_init ] --END-- [ RunTime:0.000593s ]
ERR: æ— æ³•åŠ è½½æ¨¡å—:Public

[ 2016-07-16T22:45:24+08:00 ] 127.0.0.1 /Public/Js/login.js
INFO: [ app_init ] --START--
INFO: Run Behavior\BuildLiteBehavior [ RunTime:0.000033s ]
INFO: [ app_init ] --END-- [ RunTime:0.000540s ]
ERR: æ— æ³•åŠ è½½æ¨¡å—:Public

