[ 2016-07-17T11:32:44+08:00 ] 127.0.0.1 /Public/stylesheets/theme.css
INFO: [ app_init ] --START--
INFO: Run Behavior\BuildLiteBehavior [ RunTime:0.000033s ]
INFO: [ app_init ] --END-- [ RunTime:0.000571s ]
ERR: æ— æ³•åŠ è½½æ¨¡å—:Public

[ 2016-07-17T11:32:44+08:00 ] 127.0.0.1 /Public/layer/min.js
INFO: [ app_init ] --START--
INFO: Run Behavior\BuildLiteBehavior [ RunTime:0.000034s ]
INFO: [ app_init ] --END-- [ RunTime:0.000691s ]
ERR: æ— æ³•åŠ è½½æ¨¡å—:Public

[ 2016-07-17T11:32:45+08:00 ] 127.0.0.1 /Public/font-awesome/css/font-awesome.css
INFO: [ app_init ] --START--
INFO: Run Behavior\BuildLiteBehavior [ RunTime:0.000030s ]
INFO: [ app_init ] --END-- [ RunTime:0.000566s ]
ERR: æ— æ³•åŠ è½½æ¨¡å—:Public

[ 2016-07-17T11:32:45+08:00 ] 127.0.0.1 /Public/layer/extend/ext.js
INFO: [ app_init ] --START--
INFO: Run Behavior\BuildLiteBehavior [ RunTime:0.000066s ]
INFO: [ app_init ] --END-- [ RunTime:0.000900s ]
ERR: æ— æ³•åŠ è½½æ¨¡å—:Public

[ 2016-07-17T11:32:45+08:00 ] 127.0.0.1 /Public/Js/login.js
INFO: [ app_init ] --START--
INFO: Run Behavior\BuildLiteBehavior [ RunTime:0.000033s ]
INFO: [ app_init ] --END-- [ RunTime:0.000576s ]
ERR: æ— æ³•åŠ è½½æ¨¡å—:Public

[ 2016-07-17T11:32:45+08:00 ] 127.0.0.1 /Public/layer/min.js
INFO: [ app_init ] --START--
INFO: Run Behavior\BuildLiteBehavior [ RunTime:0.000031s ]
INFO: [ app_init ] --END-- [ RunTime:0.000554s ]
ERR: æ— æ³•åŠ è½½æ¨¡å—:Public

[ 2016-07-17T11:32:45+08:00 ] 127.0.0.1 /Public/layer/extend/ext.js
INFO: [ app_init ] --START--
INFO: Run Behavior\BuildLiteBehavior [ RunTime:0.000061s ]
INFO: [ app_init ] --END-- [ RunTime:0.000871s ]
ERR: æ— æ³•åŠ è½½æ¨¡å—:Public

[ 2016-07-17T11:32:45+08:00 ] 127.0.0.1 /Public/Js/login.js
INFO: [ app_init ] --START--
INFO: Run Behavior\BuildLiteBehavior [ RunTime:0.000047s ]
INFO: [ app_init ] --END-- [ RunTime:0.000608s ]
ERR: æ— æ³•åŠ è½½æ¨¡å—:Public

[ 2016-07-17T11:32:45+08:00 ] 127.0.0.1 /Public/assets/ico/favicon.ico
INFO: [ app_init ] --START--
INFO: Run Behavior\BuildLiteBehavior [ RunTime:0.000086s ]
INFO: [ app_init ] --END-- [ RunTime:0.001061s ]
ERR: æ— æ³•åŠ è½½æ¨¡å—:Public

[ 2016-07-17T11:32:45+08:00 ] 127.0.0.1 /Public/assets/ico/favicon.ico
INFO: [ app_init ] --START--
INFO: Run Behavior\BuildLiteBehavior [ RunTime:0.000063s ]
INFO: [ app_init ] --END-- [ RunTime:0.000934s ]
ERR: æ— æ³•åŠ è½½æ¨¡å—:Public

[ 2016-07-17T11:32:47+08:00 ] 127.0.0.1 /Public/stylesheets/theme.css
INFO: [ app_init ] --START--
INFO: Run Behavior\BuildLiteBehavior [ RunTime:0.000055s ]
INFO: [ app_init ] --END-- [ RunTime:0.000825s ]
ERR: æ— æ³•åŠ è½½æ¨¡å—:Public

—:Public

[ 2016-07-17T11:32:47+08:00 ] 127.0.0.1 /Public/Js/login.js
INFO: [ app_init ] --START--
INFO: Run Behavior\BuildLiteBehavior [ RunTime:0.000060s ]
INFO: [ app_init ] --END-- [ RunTime:0.001144s ]
ERR: æ— æ³•åŠ è½½æ¨¡å—:Public

[ 2016-07-17T11:32:47+08:00 ] 127.0.0.1 /Public/layer/layer.min.js
INFO: [ app_init ] --START--
INFO: Run Behavior\BuildLiteBehavior [ RunTime:0.000034s ]
INFO: [ app_init ] --END-- [ RunTime:0.000602s ]
ERR: æ— æ³•åŠ è½½æ¨¡å—:Public

[ 2016-07-17T11:32:47+08:00 ] 127.0.0.1 /Public/layer/extend/layer.ext.js
INFO: [ app_init ] --START--
INFO: Run Behavior\BuildLiteBehavior [ RunTime:0.000031s ]
INFO: [ app_init ] --END-- [ RunTime:0.000532s ]
ERR: æ— æ³•åŠ è½½æ¨¡å—:Public

[ 2016-07-17T11:32:48+08:00 ] 127.0.0.1 /Public/Js/login.js
INFO: [ app_init ] --START--
INFO: Run Behavior\BuildLiteBehavior [ RunTime:0.000031s ]
INFO: [ app_init ] --END-- [ RunTime:0.000522s ]
ERR: æ— æ³•åŠ è½½æ¨¡å—:Public

[ 2016-07-17T11:32:48+08:00 ] 127.0.0.1 /favicon.ico
INFO: [ app_init ] --START--
INFO: Run Behavior\BuildLiteBehavior [ RunTime:0.000031s ]
INFO: [ app_init ] --END-- [ RunTime:0.000558s ]
ERR: æ— æ³•åŠ è½½æ¨¡å—:Favicon

[ 2016-07-17T11:32:48+08:00 ] 127.0.0.1 /favicon.ico
INFO: [ app_init ] --START--
INFO: Run Behavior\BuildLiteBehavior [ RunTime:0.000067s ]
INFO: [ app_init ] --END-- [ RunTime:0.000912s ]
ERR: æ— æ³•åŠ è½½æ¨¡å—:Favicon

[ 2016-07-17T11:42:59+08:00 ] 127.0.0.1 /Public/stylesheets/theme.css
INFO: [ app_init ] --START--
INFO: Run Behavior\BuildLiteBehavior [ RunTime:0.000065s ]
INFO: [ app_init ] --END-- [ RunTime:0.001013s ]
ERR: æ— æ³•åŠ è½½æ¨¡å—:Public

[ 2016-07-17T11:42:59+08:00 ] 127.0.0.1 /Public/font-awesome/css/font-awesome.css
INFO: [ app_init ] --START--
INFO: Run Behavior\BuildLiteBehavior [ RunTime:0.000102s ]
INFO: [ app_init ] --END-- [ RunTime:0.001164s ]
ERR: æ— æ³•åŠ è½½æ¨¡å—:Public

[ 2016-07-17T11:42:59+08:00 ] 127.0.0.1 /Public/layer/extend/layer.ext.js
INFO: [ app_init ] --START--
INFO: Run Behavior\BuildLiteBehavior [ RunTime:0.000059s ]
INFO: [ app_init ] --END-- [ RunTime:0.000913s ]
ERR: æ— æ³•åŠ è½½æ¨¡å—:Public

[ 2016-07-17T11:42:59+08:00 ] 127.0.0.1 /Public/layer/layer.min.js
INFO: [ app_init ] --START--
INFO: Run Behavior\BuildLiteBehavior [ RunTime:0.000061s ]
INFO: [ app_init ] --END-- [ RunTime:0.001120s ]
ERR: æ— æ³•åŠ è½½æ¨¡å—:Public

[ 2016-07-17T11:42:59+08:00 ] 127.0.0.1 /Public/Js/login.js
INFO: [ app_init ] --START--
INFO: Run Behavior\BuildLiteBehavior [ RunTime:0.000058s ]
INFO: [ app_init ] --END-- [ RunTime:0.000933s ]
ERR: æ— æ³•åŠ è½½æ¨¡å—:Public

[ 2016-07-17T11:42:59+08:00 ] 127.0.0.1 /Public/layer/extend/layer.ext.js
INFO: [ app_init ] --START--
INFO: Run Behavior\BuildLiteBehavior [ RunTime:0.000056s ]
INFO: [ app_init ] --END-- [ RunTime:0.000805s ]
ERR: æ— æ³•åŠ è½½æ¨¡å—:Public

[ 2016-07-17T11:42:59+08:00 ] 127.0.0.1 /Public/Js/login.js
INFO: [ app_init ] --START--
INFO: Run Behavior\BuildLiteBehavior [ RunTime:0.000036s ]
INFO: [ app_init ] --END-- [ RunTime:0.000529s ]
ERR: æ— æ³•åŠ è½½æ¨¡å—:Public

[ 2016-07-17T11:43:41+08:00 ] 127.0.0.1 /Public/Js/login.js
INFO: [ app_init ] --START--
INFO: Run Behavior\BuildLiteBehavior [ RunTime:0.000064s ]
INFO: [ app_init ] --END-- [ RunTime:0.001036s ]
ERR: æ— æ³•åŠ è½½æ¨¡å—:Public

[ 2016-07-17T11:43:41+08:00 ] 127.0.0.1 /Public/stylesheets/theme.css
INFO: [ app_init ] --START--
INFO: Run Behavior\BuildLiteBehavior [ RunTime:0.000054s ]
INFO: [ app_init ] --END-- [ RunTime:0.000832s ]
ERR: æ— æ³•åŠ è½½æ¨¡å—:Public

[ 2016-07-17T11:43:41+08:00 ] 127.0.0.1 /Public/layer/extend/layer.ext.js
INFO: [ app_init ] --START--
INFO: Run Behavior\BuildLiteBehavior [ RunTime:0.000056s ]
INFO: [ app_init ] --END-- [ RunTime:0.000838s ]
ERR: æ— æ³•åŠ è½½æ¨¡å—:Public

[ 2016-07-17T11:43:41+08:00 ] 127.0.0.1 /Public/font-awesome/css/font-awesome.css
INFO: [ app_init ] --START--
INFO: Run Behavior\BuildLiteBehavior [ RunTime:0.000061s ]
INFO: [ app_init ] --END-- [ RunTime:0.000872s ]
ERR: æ— æ³•åŠ è½½æ¨¡å—:Public

[ 2016-07-17T11:43:41+08:00 ] 127.0.0.1 /Public/layer/layer.min.js
INFO: [ app_init ] --START--
INFO: Run Behavior\BuildLiteBehavior [ RunTime:0.000034s ]
INFO: [ app_init ] --END-- [ RunTime:0.000539s ]
ERR: æ— æ³•åŠ è½½æ¨¡å—:Public

[ 2016-07-17T11:43:41+08:00 ] 127.0.0.1 /Public/layer/extend/layer.ext.js
INFO: [ app_init ] --START--
INFO: Run Behavior\BuildLiteBehavior [ RunTime:0.000034s ]
INFO: [ app_init ] --END-- [ RunTime:0.000547s ]
ERR: æ— æ³•åŠ è½½æ¨¡å—:Public

[ 2016-07-17T11:43:41+08:00 ] 127.0.0.1 /Public/Js/login.js
INFO: [ app_init ] --START--
INFO: Run Behavior\BuildLiteBehavior [ RunTime:0.000036s ]
INFO: [ app_init ] --END-- [ RunTime:0.000562s ]
ERR: æ— æ³•åŠ è½½æ¨¡å—:Public

[ 2016-07-17T11:44:01+08:00 ] 127.0.0.1 /Public/Js/login.js
INFO: [ app_init ] --START--
INFO: Run Behavior\BuildLiteBehavior [ RunTime:0.000070s ]
INFO: [ app_init ] --END-- [ RunTime:0.000981s ]
ERR: æ— æ³•åŠ è½½æ¨¡å—:Public

[ 2016-07-17T11:44:01+08:00 ] 127.0.0.1 /Public/stylesheets/theme.css
INFO: [ app_init ] --START--
INFO: Run Behavior\BuildLiteBehavior [ RunTime:0.000100s ]
INFO: [ app_init ] --END-- [ RunTime:0.000933s ]
ERR: æ— æ³•åŠ è½½æ¨¡å—:Public

[ 2016-07-17T11:44:01+08:00 ] 127.0.0.1 /Public/font-awesome/css/font-awesome.css
INFO: [ app_init ] --START--
INFO: Run Behavior\BuildLiteBehavior [ RunTime:0.000070s ]
INFO: [ app_init ] --END-- [ RunTime:0.001982s ]
ERR: æ— æ³•åŠ è½½æ¨¡å—:Public

[ 2016-07-17T11:44:01+08:00 ] 127.0.0.1 /Public/layer/layer.min.js
INFO: [ app_init ] --START--
INFO: Run Behavior\BuildLiteBehavior [ RunTime:0.000069s ]
INFO: [ app_init ] --END-- [ RunTime:0.000998s ]
ERR: æ— æ³•åŠ è½½æ¨¡å—:Public

[ 2016-07-17T11:44:01+08:00 ] 127.0.0.1 /Public/layer/extend/layer.ext.js
INFO: [ app_init ] --START--
INFO: Run Behavior\BuildLiteBehavior [ RunTime:0.000060s ]
INFO: [ app_init ] --END-- [ RunTime:0.001010s ]
ERR: æ— æ³•åŠ è½½æ¨¡å—:Public

[ 2016-07-17T11:44:01+08:00 ] 127.0.0.1 /Public/layer/extend/layer.ext.js
INFO: [ app_init ] --START--
INFO: Run Behavior\BuildLiteBehavior [ RunTime:0.000031s ]
INFO: [ app_init ] --END-- [ RunTime:0.000553s ]
ERR: æ— æ³•åŠ è½½æ¨¡å—:Public

[ 2016-07-17T11:44:01+08:00 ] 127.0.0.1 /Public/Js/login.js
INFO: [ app_init ] --START--
INFO: Run Behavior\BuildLiteBehavior [ RunTime:0.000032s ]
INFO: [ app_init ] --END-- [ RunTime:0.000540s ]
ERR: æ— æ³•åŠ è½½æ¨¡å—:Public

[ 2016-07-17T11:44:17+08:00 ] 127.0.0.1 /Public/stylesheets/theme.css
INFO: [ app_init ] --START--
INFO: Run Behavior\BuildLiteBehavior [ RunTime:0.000082s ]
INFO: [ app_init ] --END-- [ RunTime:0.000900s ]
ERR: æ— æ³•åŠ è½½æ¨¡å—:Public

[ 2016-07-17T11:44:17+08:00 ] 127.0.0.1 /Public/font-awesome/css/font-awesome.css
INFO: [ app_init ] --START--
INFO: Run Behavior\BuildLiteBehavior [ RunTime:0.000053s ]
INFO: [ app_init ] --END-- [ RunTime:0.000822s ]
ERR: æ— æ³•åŠ è½½æ¨¡å—:Public

[ 2016-07-17T11:44:17+08:00 ] 127.0.0.1 /Public/Js/login.js
INFO: [ app_init ] --START--
INFO: Run Behavior\BuildLiteBehavior [ RunTime:0.000065s ]
INFO: [ app_init ] --END-- [ RunTime:0.001051s ]
ERR: æ— æ³•åŠ è½½æ¨¡å—:Public

[ 2016-07-17T11:44:17+08:00 ] 127.0.0.1 /Public/layer/min.js
INFO: [ app_init ] --START--
INFO: Run Behavior\BuildLiteBehavior [ RunTime:0.000063s ]
INFO: [ app_init ] --END-- [ RunTime:0.000896s ]
ERR: æ— æ³•åŠ è½½æ¨¡å—:Public

[ 2016-07-17T11:44:17+08:00 ] 127.0.0.1 /Public/layer/extend/ext.js
INFO: [ app_init ] --START--
INFO: Run Behavior\BuildLiteBehavior [ RunTime:0.000066s ]
INFO: [ app_init ] --END-- [ RunTime:0.000885s ]
ERR: æ— æ³•åŠ è½½æ¨¡å—:Public

[ 2016-07-17T11:44:17+08:00 ] 127.0.0.1 /Public/Js/login.js
INFO: [ app_init ] --START--
INFO: Run Behavior\BuildLiteBehavior [ RunTime:0.000031s ]
INFO: [ app_init ] --END-- [ RunTime:0.000523s ]
ERR: æ— æ³•åŠ è½½æ¨¡å—:Public

[ 2016-07-17T11:49:52+08:00 ] 127.0.0.1 /Public/font-awesome/css/font-awesome.css
INFO: [ app_init ] --START--
INFO: Run Behavior\BuildLiteBehavior [ RunTime:0.000064s ]
INFO: [ app_init ] --END-- [ RunTime:0.000989s ]
ERR: æ— æ³•åŠ è½½æ¨¡å—:Public

[ 2016-07-17T11:49:52+08:00 ] 127.0.0.1 /Public/layer/extend/layer.ext.js
INFO: [ app_init ] --START--
INFO: Run Behavior\BuildLiteBehavior [ RunTime:0.000060s ]
INFO: [ app_init ] --END-- [ RunTime:0.001003s ]
ERR: æ— æ³•åŠ è½½æ¨¡å—:Public

[ 2016-07-17T11:49:52+08:00 ] 127.0.0.1 /Public/Js/login.js
INFO: [ app_init ] --START--
INFO: Run Behavior\BuildLiteBehavior [ RunTime:0.000064s ]
INFO: [ app_init ] --END-- [ RunTime:0.002167s ]
ERR: æ— æ³•åŠ è½½æ¨¡å—:Public

lic

[ 2016-07-17T11:49:52+08:00 ] 127.0.0.1 /Public/stylesheets/theme.css
INFO: [ app_init ] --START--
INFO: Run Behavior\BuildLiteBehavior [ RunTime:0.000063s ]
INFO: [ app_init ] --END-- [ RunTime:0.000928s ]
ERR: æ— æ³•åŠ è½½æ¨¡å—:Public

[ 2016-07-17T11:49:52+08:00 ] 127.0.0.1 /Public/layer/layer.min.js
INFO: [ app_init ] --START--
INFO: Run Behavior\BuildLiteBehavior [ RunTime:0.000063s ]
INFO: [ app_init ] --END-- [ RunTime:0.000742s ]
ERR: æ— æ³•åŠ è½½æ¨¡å—:Public

[ 2016-07-17T11:49:52+08:00 ] 127.0.0.1 /Public/layer/extend/layer.ext.js
INFO: [ app_init ] --START--
INFO: Run Behavior\BuildLiteBehavior [ RunTime:0.000030s ]
INFO: [ app_init ] --END-- [ RunTime:0.000546s ]
ERR: æ— æ³•åŠ è½½æ¨¡å—:Public

[ 2016-07-17T11:49:52+08:00 ] 127.0.0.1 /Public/Js/login.js
INFO: [ app_init ] --START--
INFO: Run Behavior\BuildLiteBehavior [ RunTime:0.000031s ]
INFO: [ app_init ] --END-- [ RunTime:0.000529s ]
ERR: æ— æ³•åŠ è½½æ¨¡å—:Public

[ 2016-07-17T12:44:07+08:00 ] 127.0.0.1 /Public/layer/min.js
INFO: [ app_init ] --START--
INFO: Run Behavior\BuildLiteBehavior [ RunTime:0.000061s ]
INFO: [ app_init ] --END-- [ RunTime:0.001010s ]
ERR: æ— æ³•åŠ è½½æ¨¡å—:Public

[ 2016-07-17T12:44:07+08:00 ] 127.0.0.1 /Public/font-awesome/css/font-awesome.css
INFO: [ app_init ] --START--
INFO: Run Behavior\BuildLiteBehavior [ RunTime:0.000061s ]
INFO: [ app_init ] --END-- [ RunTime:0.006136s ]
ERR: æ— æ³•åŠ è½½æ¨¡å—:Public

[ 2016-07-17T12:44:07+08:00 ] 127.0.0.1 /Public/layer/extend/ext.js
INFO: [ app_init ] --START--
INFO: Run Behavior\BuildLiteBehavior [ RunTime:0.000061s ]
INFO: [ app_init ] --END-- [ RunTime:0.000958s ]
ERR: æ— æ³•åŠ è½½æ¨¡å—:Public

[ 2016-07-17T12:44:07+08:00 ] 127.0.0.1 /Public/stylesheets/theme.css
INFO: [ app_init ] --START--
INFO: Run Behavior\BuildLiteBehavior [ RunTime:0.000697s ]
INFO: [ app_init ] --END-- [ RunTime:0.002108s ]
ERR: æ— æ³•åŠ è½½æ¨¡å—:Public

[ 2016-07-17T12:44:07+08:00 ] 127.0.0.1 /Public/Js/login.js
INFO: [ app_init ] --START--
INFO: Run Behavior\BuildLiteBehavior [ RunTime:0.000058s ]
INFO: [ app_init ] --END-- [ RunTime:0.000749s ]
ERR: æ— æ³•åŠ è½½æ¨¡å—:Public

[ 2016-07-17T12:44:07+08:00 ] 127.0.0.1 /Public/layer/min.js
INFO: [ app_init ] --START--
INFO: Run Behavior\BuildLiteBehavior [ RunTime:0.000031s ]
INFO: [ app_init ] --END-- [ RunTime:0.000549s ]
ERR: æ— æ³•åŠ è½½æ¨¡å—:Public

[ 2016-07-17T12:44:07+08:00 ] 127.0.0.1 /Public/layer/extend/ext.js
INFO: [ app_init ] --START--
INFO: Run Behavior\BuildLiteBehavior [ RunTime:0.000031s ]
INFO: [ app_init ] --END-- [ RunTime:0.000525s ]
ERR: æ— æ³•åŠ è½½æ¨¡å—:Public

[ 2016-07-17T12:44:07+08:00 ] 127.0.0.1 /Public/Js/login.js
INFO: [ app_init ] --START--
INFO: Run Behavior\BuildLiteBehavior [ RunTime:0.000030s ]
INFO: [ app_init ] --END-- [ RunTime:0.000552s ]
ERR: æ— æ³•åŠ è½½æ¨¡å—:Public

[ 2016-07-17T12:59:08+08:00 ] 127.0.0.1 /Public/stylesheets/theme.css
INFO: [ app_init ] --START--
INFO: Run Behavior\BuildLiteBehavior [ RunTime:0.000065s ]
INFO: [ app_init ] --END-- [ RunTime:0.001138s ]
ERR: æ— æ³•åŠ è½½æ¨¡å—:Public

[ 2016-07-17T12:59:08+08:00 ] 127.0.0.1 /Public/layer/min.js
INFO: [ app_init ] --START--
INFO: Run Behavior\BuildLiteBehavior [ RunTime:0.000056s ]
INFO: [ app_init ] --END-- [ RunTime:0.000917s ]
ERR: æ— æ³•åŠ è½½æ¨¡å—:Public

[ 2016-07-17T12:59:08+08:00 ] 127.0.0.1 /Public/font-awesome/css/font-awesome.css
INFO: [ app_init ] --START--
INFO: Run Behavior\BuildLiteBehavior [ RunTime:0.000064s ]
INFO: [ app_init ] --END-- [ RunTime:0.000981s ]
ERR: æ— æ³•åŠ è½½æ¨¡å—:Public

[ 2016-07-17T12:59:08+08:00 ] 127.0.0.1 /Public/layer/extend/ext.js
INFO: [ app_init ] --START--
INFO: Run Behavior\BuildLiteBehavior [ RunTime:0.000066s ]
INFO: [ app_init ] --END-- [ RunTime:0.001152s ]
ERR: æ— æ³•åŠ è½½æ¨¡å—:Public

[ 2016-07-17T12:59:08+08:00 ] 127.0.0.1 /Public/Js/login.js
INFO: [ app_init ] --START--
INFO: Run Behavior\BuildLiteBehavior [ RunTime:0.000062s ]
INFO: [ app_init ] --END-- [ RunTime:0.000982s ]
ERR: æ— æ³•åŠ è½½æ¨¡å—:Public

[ 2016-07-17T12:59:08+08:00 ] 127.0.0.1 /Public/layer/min.js
INFO: [ app_init ] --START--
INFO: Run Behavior\BuildLiteBehavior [ RunTime:0.000043s ]
INFO: [ app_init ] --END-- [ RunTime:0.000669s ]
ERR: æ— æ³•åŠ è½½æ¨¡å—:Public

[ 2016-07-17T12:59:08+08:00 ] 127.0.0.1 /Public/layer/extend/ext.js
INFO: [ app_init ] --START--
INFO: Run Behavior\BuildLiteBehavior [ RunTime:0.000031s ]
INFO: [ app_init ] --END-- [ RunTime:0.000581s ]
ERR: æ— æ³•åŠ è½½æ¨¡å—:Public

[ 2016-07-17T12:59:08+08:00 ] 127.0.0.1 /Public/Js/login.js
INFO: [ app_init ] --START--
INFO: Run Behavior\BuildLiteBehavior [ RunTime:0.000035s ]
INFO: [ app_init ] --END-- [ RunTime:0.000699s ]
ERR: æ— æ³•åŠ è½½æ¨¡å—:Public

[ 2016-07-17T12:59:29+08:00 ] 127.0.0.1 /Public/stylesheets/theme.css
INFO: [ app_init ] --START--
INFO: Run Behavior\BuildLiteBehavior [ RunTime:0.000063s ]
INFO: [ app_init ] --END-- [ RunTime:0.000866s ]
ERR: æ— æ³•åŠ è½½æ¨¡å—:Public

[ 2016-07-17T12:59:29+08:00 ] 127.0.0.1 /Public/font-awesome/css/font-awesome.css
INFO: [ app_init ] --START--
INFO: Run Behavior\BuildLiteBehavior [ RunTime:0.000063s ]
INFO: [ app_init ] --END-- [ RunTime:0.000989s ]
ERR: æ— æ³•åŠ è½½æ¨¡å—:Public

[ 2016-07-17T12:59:29+08:00 ] 127.0.0.1 /Public/layer/extend/ext.js
INFO: [ app_init ] --START--
INFO: Run Behavior\BuildLiteBehavior [ RunTime:0.000069s ]
INFO: [ app_init ] --END-- [ RunTime:0.001563s ]
ERR: æ— æ³•åŠ è½½æ¨¡å—:Public

[ 2016-07-17T12:59:29+08:00 ] 127.0.0.1 /Public/Js/login.js
INFO: [ app_init ] --START--
INFO: Run Behavior\BuildLiteBehavior [ RunTime:0.000062s ]
INFO: [ app_init ] --END-- [ RunTime:0.000931s ]
ERR: æ— æ³•åŠ è½½æ¨¡å—:Public

[ 2016-07-17T12:59:29+08:00 ] 127.0.0.1 /Public/layer/min.js
INFO: [ app_init ] --START--
INFO: Run Behavior\BuildLiteBehavior [ RunTime:0.000069s ]
INFO: [ app_init ] --END-- [ RunTime:0.009371s ]
ERR: æ— æ³•åŠ è½½æ¨¡å—:Public

[ 2016-07-17T12:59:29+08:00 ] 127.0.0.1 /Public/layer/extend/ext.js
INFO: [ app_init ] --START--
INFO: Run Behavior\BuildLiteBehavior [ RunTime:0.000033s ]
INFO: [ app_init ] --END-- [ RunTime:0.000554s ]
ERR: æ— æ³•åŠ è½½æ¨¡å—:Public

[ 2016-07-17T12:59:29+08:00 ] 127.0.0.1 /Public/Js/login.js
INFO: [ app_init ] --START--
INFO: Run Behavior\BuildLiteBehavior [ RunTime:0.000032s ]
INFO: [ app_init ] --END-- [ RunTime:0.000558s ]
ERR: æ— æ³•åŠ è½½æ¨¡å—:Public

[ 2016-07-17T13:00:09+08:00 ] 127.0.0.1 /Public/stylesheets/theme.css
INFO: [ app_init ] --START--
INFO: Run Behavior\BuildLiteBehavior [ RunTime:0.000065s ]
INFO: [ app_init ] --END-- [ RunTime:0.001020s ]
ERR: æ— æ³•åŠ è½½æ¨¡å—:Public

[ 2016-07-17T13:00:09+08:00 ] 127.0.0.1 /Public/layer/min.js
INFO: [ app_init ] --START--
INFO: Run Behavior\BuildLiteBehavior [ RunTime:0.000060s ]
INFO: [ app_init ] --END-- [ RunTime:0.000886s ]
ERR: æ— æ³•åŠ è½½æ¨¡å—:Public

[ 2016-07-17T13:00:09+08:00 ] 127.0.0.1 /Public/layer/extend/ext.js
INFO: [ app_init ] --START--
INFO: Run Behavior\BuildLiteBehavior [ RunTime:0.000063s ]
INFO: [ app_init ] --END-- [ RunTime:0.000868s ]
ERR: æ— æ³•åŠ è½½æ¨¡å—:Public

[ 2016-07-17T13:00:10+08:00 ] 127.0.0.1 /Public/font-awesome/css/font-awesome.css
INFO: [ app_init ] --START--
INFO: Run Behavior\BuildLiteBehavior [ RunTime:0.000068s ]
INFO: [ app_init ] --END-- [ RunTime:0.001030s ]
ERR: æ— æ³•åŠ è½½æ¨¡å—:Public

[ 2016-07-17T13:00:10+08:00 ] 127.0.0.1 /Public/Js/login.js
INFO: [ app_init ] --START--
INFO: Run Behavior\BuildLiteBehavior [ RunTime:0.000036s ]
INFO: [ app_init ] --END-- [ RunTime:0.000657s ]
ERR: æ— æ³•åŠ è½½æ¨¡å—:Public

[ 2016-07-17T13:00:10+08:00 ] 127.0.0.1 /Public/layer/min.js
INFO: [ app_init ] --START--
INFO: Run Behavior\BuildLiteBehavior [ RunTime:0.000034s ]
INFO: [ app_init ] --END-- [ RunTime:0.000589s ]
ERR: æ— æ³•åŠ è½½æ¨¡å—:Public

[ 2016-07-17T13:00:10+08:00 ] 127.0.0.1 /Public/layer/extend/ext.js
INFO: [ app_init ] --START--
INFO: Run Behavior\BuildLiteBehavior [ RunTime:0.000032s ]
INFO: [ app_init ] --END-- [ RunTime:0.000596s ]
ERR: æ— æ³•åŠ è½½æ¨¡å—:Public

[ 2016-07-17T13:00:10+08:00 ] 127.0.0.1 /Public/Js/login.js
INFO: [ app_init ] --START--
INFO: Run Behavior\BuildLiteBehavior [ RunTime:0.000038s ]
INFO: [ app_init ] --END-- [ RunTime:0.001010s ]
ERR: æ— æ³•åŠ è½½æ¨¡å—:Public

[ 2016-07-17T13:01:51+08:00 ] 127.0.0.1 /Public/stylesheets/theme.css
INFO: [ app_init ] --START--
INFO: Run Behavior\BuildLiteBehavior [ RunTime:0.000063s ]
INFO: [ app_init ] --END-- [ RunTime:0.000941s ]
ERR: æ— æ³•åŠ è½½æ¨¡å—:Public

[ 2016-07-17T13:01:51+08:00 ] 127.0.0.1 /Public/font-awesome/css/font-awesome.css
INFO: [ app_init ] --START--
INFO: Run Behavior\BuildLiteBehavior [ RunTime:0.000060s ]
INFO: [ app_init ] --END-- [ RunTime:0.000946s ]
ERR: æ— æ³•åŠ è½½æ¨¡å—:Public

[ 2016-07-17T13:01:51+08:00 ] 127.0.0.1 /Public/layer/min.js
INFO: [ app_init ] --START--
INFO: Run Behavior\BuildLiteBehavior [ RunTime:0.000070s ]
INFO: [ app_init ] --END-- [ RunTime:0.000970s ]
ERR: æ— æ³•åŠ è½½æ¨¡å—:Public

[ 2016-07-17T13:01:51+08:00 ] 127.0.0.1 /Public/layer/extend/ext.js
INFO: [ app_init ] --START--
INFO: Run Behavior\BuildLiteBehavior [ RunTime:0.000061s ]
INFO: [ app_init ] --END-- [ RunTime:0.001385s ]
ERR: æ— æ³•åŠ è½½æ¨¡å—:Public

[ 2016-07-17T13:01:51+08:00 ] 127.0.0.1 /Public/Js/login.js
INFO: [ app_init ] --START--
INFO: Run Behavior\BuildLiteBehavior [ RunTime:0.000035s ]
INFO: [ app_init ] --END-- [ RunTime:0.000672s ]
ERR: æ— æ³•åŠ è½½æ¨¡å—:Public

[ 2016-07-17T13:01:51+08:00 ] 127.0.0.1 /Public/layer/min.js
INFO: [ app_init ] --START--
INFO: Run Behavior\BuildLiteBehavior [ RunTime:0.000060s ]
INFO: [ app_init ] --END-- [ RunTime:0.001013s ]
ERR: æ— æ³•åŠ è½½æ¨¡å—:Public

[ 2016-07-17T13:01:51+08:00 ] 127.0.0.1 /Public/layer/extend/ext.js
INFO: [ app_init ] --START--
INFO: Run Behavior\BuildLiteBehavior [ RunTime:0.000033s ]
INFO: [ app_init ] --END-- [ RunTime:0.000602s ]
ERR: æ— æ³•åŠ è½½æ¨¡å—:Public

[ 2016-07-17T13:01:51+08:00 ] 127.0.0.1 /Public/Js/login.js
INFO: [ app_init ] --START--
INFO: Run Behavior\BuildLiteBehavior [ RunTime:0.000035s ]
INFO: [ app_init ] --END-- [ RunTime:0.000783s ]
ERR: æ— æ³•åŠ è½½æ¨¡å—:Public

[ 2016-07-17T13:02:56+08:00 ] 127.0.0.1 /Public/stylesheets/theme.css
INFO: [ app_init ] --START--
INFO: Run Behavior\BuildLiteBehavior [ RunTime:0.000059s ]
INFO: [ app_init ] --END-- [ RunTime:0.000874s ]
ERR: æ— æ³•åŠ è½½æ¨¡å—:Public

[ 2016-07-17T13:02:56+08:00 ] 127.0.0.1 /Public/font-awesome/css/font-awesome.css
INFO: [ app_init ] --START--
INFO: Run Behavior\BuildLiteBehavior [ RunTime:0.000059s ]
INFO: [ app_init ] --END-- [ RunTime:0.001244s ]
ERR: æ— æ³•åŠ è½½æ¨¡å—:Public

[ 2016-07-17T13:02:56+08:00 ] 127.0.0.1 /Public/layer/min.js
INFO: [ app_init ] --START--
INFO: Run Behavior\BuildLiteBehavior [ RunTime:0.000056s ]
INFO: [ app_init ] --END-- [ RunTime:0.000925s ]
ERR: æ— æ³•åŠ è½½æ¨¡å—:Public

[ 2016-07-17T13:02:56+08:00 ] 127.0.0.1 /Public/Js/login.js
INFO: [ app_init ] --START--
INFO: Run Behavior\BuildLiteBehavior [ RunTime:0.000069s ]
INFO: [ app_init ] --END-- [ RunTime:0.001087s ]
ERR: æ— æ³•åŠ è½½æ¨¡å—:Public

[ 2016-07-17T13:02:56+08:00 ] 127.0.0.1 /Public/layer/extend/ext.js
INFO: [ app_init ] --START--
INFO: Run Behavior\BuildLiteBehavior [ RunTime:0.000067s ]
INFO: [ app_init ] --END-- [ RunTime:0.001555s ]
ERR: æ— æ³•åŠ è½½æ¨¡å—:Public

[ 2016-07-17T13:02:57+08:00 ] 127.0.0.1 /Public/layer/min.js
INFO: [ app_init ] --START--
INFO: Run Behavior\BuildLiteBehavior [ RunTime:0.000061s ]
INFO: [ app_init ] --END-- [ RunTime:0.000972s ]
ERR: æ— æ³•åŠ è½½æ¨¡å—:Public

[ 2016-07-17T13:02:57+08:00 ] 127.0.0.1 /Public/layer/extend/ext.js
INFO: [ app_init ] --START--
INFO: Run Behavior\BuildLiteBehavior [ RunTime:0.000032s ]
INFO: [ app_init ] --END-- [ RunTime:0.000524s ]
ERR: æ— æ³•åŠ è½½æ¨¡å—:Public

[ 2016-07-17T13:02:57+08:00 ] 127.0.0.1 /Public/Js/login.js
INFO: [ app_init ] --START--
INFO: Run Behavior\BuildLiteBehavior [ RunTime:0.000034s ]
INFO: [ app_init ] --END-- [ RunTime:0.000599s ]
ERR: æ— æ³•åŠ è½½æ¨¡å—:Public

[ 2016-07-17T13:03:48+08:00 ] 127.0.0.1 /Public/stylesheets/theme.css
INFO: [ app_init ] --START--
INFO: Run Behavior\BuildLiteBehavior [ RunTime:0.000077s ]
INFO: [ app_init ] --END-- [ RunTime:0.002309s ]
ERR: æ— æ³•åŠ è½½æ¨¡å—:Public

[ 2016-07-17T13:03:48+08:00 ] 127.0.0.1 /Public/layer/min.js
INFO: [ app_init ] --START--
INFO: Run Behavior\BuildLiteBehavior [ RunTime:0.000062s ]
INFO: [ app_init ] --END-- [ RunTime:0.000899s ]
ERR: æ— æ³•åŠ è½½æ¨¡å—:Public

[ 2016-07-17T13:03:48+08:00 ] 127.0.0.1 /Public/layer/extend/ext.js
INFO: [ app_init ] --START--
INFO: Run Behavior\BuildLiteBehavior [ RunTime:0.000069s ]
INFO: [ app_init ] --END-- [ RunTime:0.001040s ]
ERR: æ— æ³•åŠ è½½æ¨¡å—:Public

[ 2016-07-17T13:03:48+08:00 ] 127.0.0.1 /Public/font-awesome/css/font-awesome.css
INFO: [ app_init ] --START--
INFO: Run Behavior\BuildLiteBehavior [ RunTime:0.000063s ]
INFO: [ app_init ] --END-- [ RunTime:0.001015s ]
ERR: æ— æ³•åŠ è½½æ¨¡å—:Public

[ 2016-07-17T13:03:48+08:00 ] 127.0.0.1 /Public/Js/login.js
INFO: [ app_init ] --START--
INFO: Run Behavior\BuildLiteBehavior [ RunTime:0.000067s ]
INFO: [ app_init ] --END-- [ RunTime:0.002218s ]
ERR: æ— æ³•åŠ è½½æ¨¡å—:Public

[ 2016-07-17T13:03:48+08:00 ] 127.0.0.1 /Public/layer/min.js
INFO: [ app_init ] --START--
INFO: Run Behavior\BuildLiteBehavior [ RunTime:0.000031s ]
INFO: [ app_init ] --END-- [ RunTime:0.000555s ]
ERR: æ— æ³•åŠ è½½æ¨¡å—:Public

[ 2016-07-17T13:03:48+08:00 ] 127.0.0.1 /Public/layer/extend/ext.js
INFO: [ app_init ] --START--
INFO: Run Behavior\BuildLiteBehavior [ RunTime:0.000033s ]
INFO: [ app_init ] --END-- [ RunTime:0.000556s ]
ERR: æ— æ³•åŠ è½½æ¨¡å—:Public

[ 2016-07-17T13:03:48+08:00 ] 127.0.0.1 /Public/Js/login.js
INFO: [ app_init ] --START--
INFO: Run Behavior\BuildLiteBehavior [ RunTime:0.000065s ]
INFO: [ app_init ] --END-- [ RunTime:0.001363s ]
ERR: æ— æ³•åŠ è½½æ¨¡å—:Public

[ 2016-07-17T13:04:54+08:00 ] 127.0.0.1 /Public/font-awesome/css/font-awesome.css
INFO: [ app_init ] --START--
INFO: Run Behavior\BuildLiteBehavior [ RunTime:0.000060s ]
INFO: [ app_init ] --END-- [ RunTime:0.000885s ]
ERR: æ— æ³•åŠ è½½æ¨¡å—:Public

[ 2016-07-17T13:04:54+08:00 ] 127.0.0.1 /Public/Js/login.js
INFO: [ app_init ] --START--
INFO: Run Behavior\BuildLiteBehavior [ RunTime:0.000191s ]
INFO: [ app_init ] --END-- [ RunTime:0.001322s ]
ERR: æ— æ³•åŠ è½½æ¨¡å—:Public

blic

[ 2016-07-17T13:04:54+08:00 ] 127.0.0.1 /Public/layer/min.js
INFO: [ app_init ] --START--
INFO: Run Behavior\BuildLiteBehavior [ RunTime:0.000032s ]
INFO: [ app_init ] --END-- [ RunTime:0.000603s ]
ERR: æ— æ³•åŠ è½½æ¨¡å—:Public

[ 2016-07-17T13:04:54+08:00 ] 127.0.0.1 /Public/layer/min.js
INFO: [ app_init ] --START--
INFO: Run Behavior\BuildLiteBehavior [ RunTime:0.000032s ]
INFO: [ app_init ] --END-- [ RunTime:0.000591s ]
ERR: æ— æ³•åŠ è½½æ¨¡å—:Public

[ 2016-07-17T13:04:54+08:00 ] 127.0.0.1 /Public/layer/extend/ext.js
INFO: [ app_init ] --START--
INFO: Run Behavior\BuildLiteBehavior [ RunTime:0.000033s ]
INFO: [ app_init ] --END-- [ RunTime:0.000618s ]
ERR: æ— æ³•åŠ è½½æ¨¡å—:Public

[ 2016-07-17T13:04:54+08:00 ] 127.0.0.1 /Public/Js/login.js
INFO: [ app_init ] --START--
INFO: Run Behavior\BuildLiteBehavior [ RunTime:0.000034s ]
INFO: [ app_init ] --END-- [ RunTime:0.000682s ]
ERR: æ— æ³•åŠ è½½æ¨¡å—:Public

[ 2016-07-17T13:07:26+08:00 ] 127.0.0.1 /Public/font-awesome/css/font-awesome.css
INFO: [ app_init ] --START--
INFO: Run Behavior\BuildLiteBehavior [ RunTime:0.000059s ]
INFO: [ app_init ] --END-- [ RunTime:0.000893s ]
ERR: æ— æ³•åŠ è½½æ¨¡å—:Public

[ 2016-07-17T13:07:26+08:00 ] 127.0.0.1 /Public/layer/min.js
INFO: [ app_init ] --START--
INFO: Run Behavior\BuildLiteBehavior [ RunTime:0.000064s ]
INFO: [ app_init ] --END-- [ RunTime:0.001385s ]
ERR: æ— æ³•åŠ è½½æ¨¡å—:Public

[ 2016-07-17T13:07:26+08:00 ] 127.0.0.1 /Public/Js/login.js
INFO: [ app_init ] --START--
INFO: Run Behavior\BuildLiteBehavior [ RunTime:0.000104s ]
INFO: [ app_init ] --END-- [ RunTime:0.001313s ]
ERR: æ— æ³•åŠ è½½æ¨¡å—:Public

[ 2016-07-17T13:07:26+08:00 ] 127.0.0.1 /Public/layer/extend/ext.js
INFO: [ app_init ] --START--
INFO: Run Behavior\BuildLiteBehavior [ RunTime:0.000061s ]
INFO: [ app_init ] --END-- [ RunTime:0.001319s ]
ERR: æ— æ³•åŠ è½½æ¨¡å—:Public

[ 2016-07-17T13:07:26+08:00 ] 127.0.0.1 /Public/stylesheets/theme.css
INFO: [ app_init ] --START--
INFO: Run Behavior\BuildLiteBehavior [ RunTime:0.000064s ]
INFO: [ app_init ] --END-- [ RunTime:0.001004s ]
ERR: æ— æ³•åŠ è½½æ¨¡å—:Public

[ 2016-07-17T13:07:26+08:00 ] 127.0.0.1 /Public/layer/min.js
INFO: [ app_init ] --START--
INFO: Run Behavior\BuildLiteBehavior [ RunTime:0.000043s ]
INFO: [ app_init ] --END-- [ RunTime:0.000594s ]
ERR: æ— æ³•åŠ è½½æ¨¡å—:Public

[ 2016-07-17T13:07:26+08:00 ] 127.0.0.1 /Public/layer/extend/ext.js
INFO: [ app_init ] --START--
INFO: Run Behavior\BuildLiteBehavior [ RunTime:0.000032s ]
INFO: [ app_init ] --END-- [ RunTime:0.000529s ]
ERR: æ— æ³•åŠ è½½æ¨¡å—:Public

[ 2016-07-17T13:07:26+08:00 ] 127.0.0.1 /Public/Js/login.js
INFO: [ app_init ] --START--
INFO: Run Behavior\BuildLiteBehavior [ RunTime:0.000060s ]
INFO: [ app_init ] --END-- [ RunTime:0.000964s ]
ERR: æ— æ³•åŠ è½½æ¨¡å—:Public

[ 2016-07-17T13:12:38+08:00 ] 127.0.0.1 /Public/stylesheets/theme.css
INFO: [ app_init ] --START--
INFO: Run Behavior\BuildLiteBehavior [ RunTime:0.000064s ]
INFO: [ app_init ] --END-- [ RunTime:0.000987s ]
ERR: æ— æ³•åŠ è½½æ¨¡å—:Public

[ 2016-07-17T13:12:38+08:00 ] 127.0.0.1 /Public/Js/login.js
INFO: [ app_init ] --START--
INFO: Run Behavior\BuildLiteBehavior [ RunTime:0.000073s ]
INFO: [ app_init ] --END-- [ RunTime:0.001334s ]
ERR: æ— æ³•åŠ è½½æ¨¡å—:Public

[ 2016-07-17T13:12:38+08:00 ] 127.0.0.1 /Public/layer/extend/ext.js
INFO: [ app_init ] --START--
INFO: Run Behavior\BuildLiteBehavior [ RunTime:0.000068s ]
INFO: [ app_init ] --END-- [ RunTime:0.001342s ]
ERR: æ— æ³•åŠ è½½æ¨¡å—:Public

[ 2016-07-17T13:12:38+08:00 ] 127.0.0.1 /Public/font-awesome/css/font-awesome.css
INFO: [ app_init ] --START--
INFO: Run Behavior\BuildLiteBehavior [ RunTime:0.000069s ]
INFO: [ app_init ] --END-- [ RunTime:0.002174s ]
ERR: æ— æ³•åŠ è½½æ¨¡å—:Public

[ 2016-07-17T13:12:38+08:00 ] 127.0.0.1 /Public/layer/min.js
INFO: [ app_init ] --START--
INFO: Run Behavior\BuildLiteBehavior [ RunTime:0.000055s ]
INFO: [ app_init ] --END-- [ RunTime:0.001135s ]
ERR: æ— æ³•åŠ è½½æ¨¡å—:Public

[ 2016-07-17T13:12:38+08:00 ] 127.0.0.1 /Public/layer/min.js
INFO: [ app_init ] --START--
INFO: Run Behavior\BuildLiteBehavior [ RunTime:0.000033s ]
INFO: [ app_init ] --END-- [ RunTime:0.000703s ]
ERR: æ— æ³•åŠ è½½æ¨¡å—:Public

[ 2016-07-17T13:12:38+08:00 ] 127.0.0.1 /Public/layer/extend/ext.js
INFO: [ app_init ] --START--
INFO: Run Behavior\BuildLiteBehavior [ RunTime:0.000034s ]
INFO: [ app_init ] --END-- [ RunTime:0.000711s ]
ERR: æ— æ³•åŠ è½½æ¨¡å—:Public

[ 2016-07-17T13:12:38+08:00 ] 127.0.0.1 /Public/Js/login.js
INFO: [ app_init ] --START--
INFO: Run Behavior\BuildLiteBehavior [ RunTime:0.000035s ]
INFO: [ app_init ] --END-- [ RunTime:0.000729s ]
ERR: æ— æ³•åŠ è½½æ¨¡å—:Public

[ 2016-07-17T13:13:09+08:00 ] 127.0.0.1 /Public/stylesheets/theme.css
INFO: [ app_init ] --START--
INFO: Run Behavior\BuildLiteBehavior [ RunTime:0.000059s ]
INFO: [ app_init ] --END-- [ RunTime:0.000871s ]
ERR: æ— æ³•åŠ è½½æ¨¡å—:Public

[ 2016-07-17T13:13:09+08:00 ] 127.0.0.1 /Public/layer/min.js
INFO: [ app_init ] --START--
INFO: Run Behavior\BuildLiteBehavior [ RunTime:0.000065s ]
INFO: [ app_init ] --END-- [ RunTime:0.001055s ]
ERR: æ— æ³•åŠ è½½æ¨¡å—:Public

[ 2016-07-17T13:13:09+08:00 ] 127.0.0.1 /Public/font-awesome/css/font-awesome.css
INFO: [ app_init ] --START--
INFO: Run Behavior\BuildLiteBehavior [ RunTime:0.000059s ]
INFO: [ app_init ] --END-- [ RunTime:0.002814s ]
ERR: æ— æ³•åŠ è½½æ¨¡å—:Public

[ 2016-07-17T13:13:09+08:00 ] 127.0.0.1 /Public/layer/extend/ext.js
INFO: [ app_init ] --START--
INFO: Run Behavior\BuildLiteBehavior [ RunTime:0.000054s ]
INFO: [ app_init ] --END-- [ RunTime:0.000966s ]
ERR: æ— æ³•åŠ è½½æ¨¡å—:Public

[ 2016-07-17T13:13:09+08:00 ] 127.0.0.1 /Public/Js/login.js
INFO: [ app_init ] --START--
INFO: Run Behavior\BuildLiteBehavior [ RunTime:0.000069s ]
INFO: [ app_init ] --END-- [ RunTime:0.001128s ]
ERR: æ— æ³•åŠ è½½æ¨¡å—:Public

[ 2016-07-17T13:13:09+08:00 ] 127.0.0.1 /Public/layer/min.js
INFO: [ app_init ] --START--
INFO: Run Behavior\BuildLiteBehavior [ RunTime:0.000036s ]
INFO: [ app_init ] --END-- [ RunTime:0.000582s ]
ERR: æ— æ³•åŠ è½½æ¨¡å—:Public

[ 2016-07-17T13:13:09+08:00 ] 127.0.0.1 /Public/layer/extend/ext.js
INFO: [ app_init ] --START--
INFO: Run Behavior\BuildLiteBehavior [ RunTime:0.000060s ]
INFO: [ app_init ] --END-- [ RunTime:0.000899s ]
ERR: æ— æ³•åŠ è½½æ¨¡å—:Public

[ 2016-07-17T13:13:09+08:00 ] 127.0.0.1 /Public/Js/login.js
INFO: [ app_init ] --START--
INFO: Run Behavior\BuildLiteBehavior [ RunTime:0.000033s ]
INFO: [ app_init ] --END-- [ RunTime:0.000580s ]
ERR: æ— æ³•åŠ è½½æ¨¡å—:Public

[ 2016-07-17T13:14:17+08:00 ] 127.0.0.1 /Public/stylesheets/theme.css
INFO: [ app_init ] --START--
INFO: Run Behavior\BuildLiteBehavior [ RunTime:0.000066s ]
INFO: [ app_init ] --END-- [ RunTime:0.000915s ]
ERR: æ— æ³•åŠ è½½æ¨¡å—:Public

[ 2016-07-17T13:14:17+08:00 ] 127.0.0.1 /Public/layer/min.js
INFO: [ app_init ] --START--
INFO: Run Behavior\BuildLiteBehavior [ RunTime:0.000064s ]
INFO: [ app_init ] --END-- [ RunTime:0.001282s ]
ERR: æ— æ³•åŠ è½½æ¨¡å—:Public

[ 2016-07-17T13:14:17+08:00 ] 127.0.0.1 /Public/Js/login.js
INFO: [ app_init ] --START--
INFO: Run Behavior\BuildLiteBehavior [ RunTime:0.000057s ]
INFO: [ app_init ] --END-- [ RunTime:0.000897s ]
ERR: æ— æ³•åŠ è½½æ¨¡å—:Public

[ 2016-07-17T13:14:17+08:00 ] 127.0.0.1 /Public/font-awesome/css/font-awesome.css
INFO: [ app_init ] --START--
INFO: Run Behavior\BuildLiteBehavior [ RunTime:0.000061s ]
INFO: [ app_init ] --END-- [ RunTime:0.000876s ]
ERR: æ— æ³•åŠ è½½æ¨¡å—:Public

[ 2016-07-17T13:14:17+08:00 ] 127.0.0.1 /Public/layer/extend/ext.js
INFO: [ app_init ] --START--
INFO: Run Behavior\BuildLiteBehavior [ RunTime:0.000055s ]
INFO: [ app_init ] --END-- [ RunTime:0.000868s ]
ERR: æ— æ³•åŠ è½½æ¨¡å—:Public

[ 2016-07-17T13:14:17+08:00 ] 127.0.0.1 /Public/layer/min.js
INFO: [ app_init ] --START--
INFO: Run Behavior\BuildLiteBehavior [ RunTime:0.000032s ]
INFO: [ app_init ] --END-- [ RunTime:0.000528s ]
ERR: æ— æ³•åŠ è½½æ¨¡å—:Public

[ 2016-07-17T13:14:17+08:00 ] 127.0.0.1 /Public/layer/extend/ext.js
INFO: [ app_init ] --START--
INFO: Run Behavior\BuildLiteBehavior [ RunTime:0.000032s ]
INFO: [ app_init ] --END-- [ RunTime:0.000539s ]
ERR: æ— æ³•åŠ è½½æ¨¡å—:Public

[ 2016-07-17T13:14:17+08:00 ] 127.0.0.1 /Public/Js/login.js
INFO: [ app_init ] --START--
INFO: Run Behavior\BuildLiteBehavior [ RunTime:0.000033s ]
INFO: [ app_init ] --END-- [ RunTime:0.000562s ]
ERR: æ— æ³•åŠ è½½æ¨¡å—:Public

[ 2016-07-17T13:14:42+08:00 ] 127.0.0.1 /Public/font-awesome/css/font-awesome.css
INFO: [ app_init ] --START--
INFO: Run Behavior\BuildLiteBehavior [ RunTime:0.000072s ]
INFO: [ app_init ] --END-- [ RunTime:0.001464s ]
ERR: æ— æ³•åŠ è½½æ¨¡å—:Public

[ 2016-07-17T13:14:42+08:00 ] 127.0.0.1 /Public/stylesheets/theme.css
INFO: [ app_init ] --START--
INFO: Run Behavior\BuildLiteBehavior [ RunTime:0.000062s ]
INFO: [ app_init ] --END-- [ RunTime:0.001024s ]
ERR: æ— æ³•åŠ è½½æ¨¡å—:Public

[ 2016-07-17T13:14:42+08:00 ] 127.0.0.1 /Public/Js/login.js
INFO: [ app_init ] --START--
INFO: Run Behavior\BuildLiteBehavior [ RunTime:0.000064s ]
INFO: [ app_init ] --END-- [ RunTime:0.001130s ]
ERR: æ— æ³•åŠ è½½æ¨¡å—:Public

[ 2016-07-17T13:14:42+08:00 ] 127.0.0.1 /Public/layer/min.js
INFO: [ app_init ] --START--
INFO: Run Behavior\BuildLiteBehavior [ RunTime:0.000096s ]
INFO: [ app_init ] --END-- [ RunTime:0.001105s ]
ERR: æ— æ³•åŠ è½½æ¨¡å—:Public

[ 2016-07-17T13:14:42+08:00 ] 127.0.0.1 /Public/layer/extend/ext.js
INFO: [ app_init ] --START--
INFO: Run Behavior\BuildLiteBehavior [ RunTime:0.000060s ]
INFO: [ app_init ] --END-- [ RunTime:0.001765s ]
ERR: æ— æ³•åŠ è½½æ¨¡å—:Public

[ 2016-07-17T13:14:42+08:00 ] 127.0.0.1 /Public/layer/min.js
INFO: [ app_init ] --START--
INFO: Run Behavior\BuildLiteBehavior [ RunTime:0.000029s ]
INFO: [ app_init ] --END-- [ RunTime:0.000536s ]
ERR: æ— æ³•åŠ è½½æ¨¡å—:Public

[ 2016-07-17T13:14:42+08:00 ] 127.0.0.1 /Public/layer/extend/ext.js
INFO: [ app_init ] --START--
INFO: Run Behavior\BuildLiteBehavior [ RunTime:0.000031s ]
INFO: [ app_init ] --END-- [ RunTime:0.000542s ]
ERR: æ— æ³•åŠ è½½æ¨¡å—:Public

[ 2016-07-17T13:14:42+08:00 ] 127.0.0.1 /Public/Js/login.js
INFO: [ app_init ] --START--
INFO: Run Behavior\BuildLiteBehavior [ RunTime:0.000033s ]
INFO: [ app_init ] --END-- [ RunTime:0.000669s ]
ERR: æ— æ³•åŠ è½½æ¨¡å—:Public

[ 2016-07-17T13:16:43+08:00 ] 127.0.0.1 /Public/layer/min.js
INFO: [ app_init ] --START--
INFO: Run Behavior\BuildLiteBehavior [ RunTime:0.000057s ]
INFO: [ app_init ] --END-- [ RunTime:0.000956s ]
ERR: æ— æ³•åŠ è½½æ¨¡å—:Public

[ 2016-07-17T13:16:43+08:00 ] 127.0.0.1 /Public/font-awesome/css/font-awesome.css
INFO: [ app_init ] --START--
INFO: Run Behavior\BuildLiteBehavior [ RunTime:0.000065s ]
INFO: [ app_init ] --END-- [ RunTime:0.002492s ]
ERR: æ— æ³•åŠ è½½æ¨¡å—:Public

[ 2016-07-17T13:16:43+08:00 ] 127.0.0.1 /Public/Js/login.js
INFO: [ app_init ] --START--
INFO: Run Behavior\BuildLiteBehavior [ RunTime:0.000067s ]
INFO: [ app_init ] --END-- [ RunTime:0.001264s ]
ERR: æ— æ³•åŠ è½½æ¨¡å—:Public

[ 2016-07-17T13:16:43+08:00 ] 127.0.0.1 /Public/stylesheets/theme.css
INFO: [ app_init ] --START--
INFO: Run Behavior\BuildLiteBehavior [ RunTime:0.000067s ]
INFO: [ app_init ] --END-- [ RunTime:0.000969s ]
ERR: æ— æ³•åŠ è½½æ¨¡å—:Public

[ 2016-07-17T13:16:43+08:00 ] 127.0.0.1 /Public/layer/extend/ext.js
INFO: [ app_init ] --START--
INFO: Run Behavior\BuildLiteBehavior [ RunTime:0.000034s ]
INFO: [ app_init ] --END-- [ RunTime:0.000647s ]
ERR: æ— æ³•åŠ è½½æ¨¡å—:Public

[ 2016-07-17T13:16:43+08:00 ] 127.0.0.1 /Public/layer/min.js
INFO: [ app_init ] --START--
INFO: Run Behavior\BuildLiteBehavior [ RunTime:0.000031s ]
INFO: [ app_init ] --END-- [ RunTime:0.000542s ]
ERR: æ— æ³•åŠ è½½æ¨¡å—:Public

[ 2016-07-17T13:16:43+08:00 ] 127.0.0.1 /Public/layer/extend/ext.js
INFO: [ app_init ] --START--
INFO: Run Behavior\BuildLiteBehavior [ RunTime:0.000102s ]
INFO: [ app_init ] --END-- [ RunTime:0.001104s ]
ERR: æ— æ³•åŠ è½½æ¨¡å—:Public

[ 2016-07-17T13:16:43+08:00 ] 127.0.0.1 /Public/Js/login.js
INFO: [ app_init ] --START--
INFO: Run Behavior\BuildLiteBehavior [ RunTime:0.000067s ]
INFO: [ app_init ] --END-- [ RunTime:0.000985s ]
ERR: æ— æ³•åŠ è½½æ¨¡å—:Public

[ 2016-07-17T13:18:51+08:00 ] 127.0.0.1 /Public/stylesheets/theme.css
INFO: [ app_init ] --START--
INFO: Run Behavior\BuildLiteBehavior [ RunTime:0.000067s ]
INFO: [ app_init ] --END-- [ RunTime:0.000946s ]
ERR: æ— æ³•åŠ è½½æ¨¡å—:Public

[ 2016-07-17T13:18:51+08:00 ] 127.0.0.1 /Public/layer/extend/ext.js
INFO: [ app_init ] --START--
INFO: Run Behavior\BuildLiteBehavior [ RunTime:0.000072s ]
INFO: [ app_init ] --END-- [ RunTime:0.001034s ]
ERR: æ— æ³•åŠ è½½æ¨¡å—:Public

[ 2016-07-17T13:18:51+08:00 ] 127.0.0.1 /Public/font-awesome/css/font-awesome.css
INFO: [ app_init ] --START--
INFO: Run Behavior\BuildLiteBehavior [ RunTime:0.000067s ]
INFO: [ app_init ] --END-- [ RunTime:0.001074s ]
ERR: æ— æ³•åŠ è½½æ¨¡å—:Public

[ 2016-07-17T13:18:51+08:00 ] 127.0.0.1 /Public/Js/login.js
INFO: [ app_init ] --START--
INFO: Run Behavior\BuildLiteBehavior [ RunTime:0.000067s ]
INFO: [ app_init ] --END-- [ RunTime:0.001052s ]
ERR: æ— æ³•åŠ è½½æ¨¡å—:Public

[ 2016-07-17T13:18:51+08:00 ] 127.0.0.1 /Public/layer/min.js
INFO: [ app_init ] --START--
INFO: Run Behavior\BuildLiteBehavior [ RunTime:0.000070s ]
INFO: [ app_init ] --END-- [ RunTime:0.001103s ]
ERR: æ— æ³•åŠ è½½æ¨¡å—:Public

[ 2016-07-17T13:18:51+08:00 ] 127.0.0.1 /Public/layer/min.js
INFO: [ app_init ] --START--
INFO: Run Behavior\BuildLiteBehavior [ RunTime:0.000032s ]
INFO: [ app_init ] --END-- [ RunTime:0.000522s ]
ERR: æ— æ³•åŠ è½½æ¨¡å—:Public

[ 2016-07-17T13:18:51+08:00 ] 127.0.0.1 /Public/layer/extend/ext.js
INFO: [ app_init ] --START--
INFO: Run Behavior\BuildLiteBehavior [ RunTime:0.000062s ]
INFO: [ app_init ] --END-- [ RunTime:0.000825s ]
ERR: æ— æ³•åŠ è½½æ¨¡å—:Public

[ 2016-07-17T13:18:51+08:00 ] 127.0.0.1 /Public/Js/login.js
INFO: [ app_init ] --START--
INFO: Run Behavior\BuildLiteBehavior [ RunTime:0.000033s ]
INFO: [ app_init ] --END-- [ RunTime:0.000590s ]
ERR: æ— æ³•åŠ è½½æ¨¡å—:Public

[ 2016-07-17T13:20:43+08:00 ] 127.0.0.1 /Public/stylesheets/theme.css
INFO: [ app_init ] --START--
INFO: Run Behavior\BuildLiteBehavior [ RunTime:0.000063s ]
INFO: [ app_init ] --END-- [ RunTime:0.000957s ]
ERR: æ— æ³•åŠ è½½æ¨¡å—:Public

[ 2016-07-17T13:20:43+08:00 ] 127.0.0.1 /Public/font-awesome/css/font-awesome.css
INFO: [ app_init ] --START--
INFO: Run Behavior\BuildLiteBehavior [ RunTime:0.000114s ]
INFO: [ app_init ] --END-- [ RunTime:0.001075s ]
ERR: æ— æ³•åŠ è½½æ¨¡å—:Public

[ 2016-07-17T13:20:43+08:00 ] 127.0.0.1 /Public/layer/extend/ext.js
INFO: [ app_init ] --START--
INFO: Run Behavior\BuildLiteBehavior [ RunTime:0.000050s ]
INFO: [ app_init ] --END-- [ RunTime:0.000975s ]
ERR: æ— æ³•åŠ è½½æ¨¡å—:Public

[ 2016-07-17T13:20:43+08:00 ] 127.0.0.1 /Public/Js/login.js
INFO: [ app_init ] --START--
INFO: Run Behavior\BuildLiteBehavior [ RunTime:0.000066s ]
INFO: [ app_init ] --END-- [ RunTime:0.000988s ]
ERR: æ— æ³•åŠ è½½æ¨¡å—:Public

[ 2016-07-17T13:20:43+08:00 ] 127.0.0.1 /Public/layer/min.js
INFO: [ app_init ] --START--
INFO: Run Behavior\BuildLiteBehavior [ RunTime:0.000061s ]
INFO: [ app_init ] --END-- [ RunTime:0.001667s ]
ERR: æ— æ³•åŠ è½½æ¨¡å—:Public

[ 2016-07-17T13:20:43+08:00 ] 127.0.0.1 /Public/layer/min.js
INFO: [ app_init ] --START--
INFO: Run Behavior\BuildLiteBehavior [ RunTime:0.000031s ]
INFO: [ app_init ] --END-- [ RunTime:0.000530s ]
ERR: æ— æ³•åŠ è½½æ¨¡å—:Public

[ 2016-07-17T13:20:43+08:00 ] 127.0.0.1 /Public/layer/extend/ext.js
INFO: [ app_init ] --START--
INFO: Run Behavior\BuildLiteBehavior [ RunTime:0.000033s ]
INFO: [ app_init ] --END-- [ RunTime:0.000571s ]
ERR: æ— æ³•åŠ è½½æ¨¡å—:Public

[ 2016-07-17T13:20:43+08:00 ] 127.0.0.1 /Public/Js/login.js
INFO: [ app_init ] --START--
INFO: Run Behavior\BuildLiteBehavior [ RunTime:0.000033s ]
INFO: [ app_init ] --END-- [ RunTime:0.000573s ]
ERR: æ— æ³•åŠ è½½æ¨¡å—:Public

[ 2016-07-17T13:27:42+08:00 ] 127.0.0.1 /Public/stylesheets/theme.css
INFO: [ app_init ] --START--
INFO: Run Behavior\BuildLiteBehavior [ RunTime:0.000070s ]
INFO: [ app_init ] --END-- [ RunTime:0.001059s ]
ERR: æ— æ³•åŠ è½½æ¨¡å—:Public

[ 2016-07-17T13:27:42+08:00 ] 127.0.0.1 /Public/font-awesome/css/font-awesome.css
INFO: [ app_init ] --START--
INFO: Run Behavior\BuildLiteBehavior [ RunTime:0.000061s ]
INFO: [ app_init ] --END-- [ RunTime:0.001329s ]
ERR: æ— æ³•åŠ è½½æ¨¡å—:Public

[ 2016-07-17T13:27:42+08:00 ] 127.0.0.1 /Public/Js/login.js
INFO: [ app_init ] --START--
INFO: Run Behavior\BuildLiteBehavior [ RunTime:0.000066s ]
INFO: [ app_init ] --END-- [ RunTime:0.001097s ]
ERR: æ— æ³•åŠ è½½æ¨¡å—:Public

[ 2016-07-17T13:27:42+08:00 ] 127.0.0.1 /Public/layer/extend/ext.js
INFO: [ app_init ] --START--
INFO: Run Behavior\BuildLiteBehavior [ RunTime:0.000067s ]
INFO: [ app_init ] --END-- [ RunTime:0.000981s ]
ERR: æ— æ³•åŠ è½½æ¨¡å—:Public

[ 2016-07-17T13:27:42+08:00 ] 127.0.0.1 /Public/layer/min.js
INFO: [ app_init ] --START--
INFO: Run Behavior\BuildLiteBehavior [ RunTime:0.000110s ]
INFO: [ app_init ] --END-- [ RunTime:0.001201s ]
ERR: æ— æ³•åŠ è½½æ¨¡å—:Public

[ 2016-07-17T13:27:42+08:00 ] 127.0.0.1 /Public/layer/min.js
INFO: [ app_init ] --START--
INFO: Run Behavior\BuildLiteBehavior [ RunTime:0.000032s ]
INFO: [ app_init ] --END-- [ RunTime:0.000518s ]
ERR: æ— æ³•åŠ è½½æ¨¡å—:Public

[ 2016-07-17T13:27:42+08:00 ] 127.0.0.1 /Public/layer/extend/ext.js
INFO: [ app_init ] --START--
INFO: Run Behavior\BuildLiteBehavior [ RunTime:0.000212s ]
INFO: [ app_init ] --END-- [ RunTime:0.001734s ]
ERR: æ— æ³•åŠ è½½æ¨¡å—:Public

[ 2016-07-17T13:27:42+08:00 ] 127.0.0.1 /Public/Js/login.js
INFO: [ app_init ] --START--
INFO: Run Behavior\BuildLiteBehavior [ RunTime:0.000067s ]
INFO: [ app_init ] --END-- [ RunTime:0.000978s ]
ERR: æ— æ³•åŠ è½½æ¨¡å—:Public

[ 2016-07-17T13:28:29+08:00 ] 127.0.0.1 /Public/stylesheets/theme.css
INFO: [ app_init ] --START--
INFO: Run Behavior\BuildLiteBehavior [ RunTime:0.000073s ]
INFO: [ app_init ] --END-- [ RunTime:0.001056s ]
ERR: æ— æ³•åŠ è½½æ¨¡å—:Public

[ 2016-07-17T13:28:29+08:00 ] 127.0.0.1 /Public/font-awesome/css/font-awesome.css
INFO: [ app_init ] --START--
INFO: Run Behavior\BuildLiteBehavior [ RunTime:0.000068s ]
INFO: [ app_init ] --END-- [ RunTime:0.000991s ]
ERR: æ— æ³•åŠ è½½æ¨¡å—:Public

[ 2016-07-17T13:28:29+08:00 ] 127.0.0.1 /Public/layer/min.js
INFO: [ app_init ] --START--
INFO: Run Behavior\BuildLiteBehavior [ RunTime:0.000064s ]
INFO: [ app_init ] --END-- [ RunTime:0.000990s ]
ERR: æ— æ³•åŠ è½½æ¨¡å—:Public

[ 2016-07-17T13:28:29+08:00 ] 127.0.0.1 /Public/layer/extend/ext.js
INFO: [ app_init ] --START--
INFO: Run Behavior\BuildLiteBehavior [ RunTime:0.000062s ]
INFO: [ app_init ] --END-- [ RunTime:0.000920s ]
ERR: æ— æ³•åŠ è½½æ¨¡å—:Public

[ 2016-07-17T13:28:29+08:00 ] 127.0.0.1 /Public/Js/login.js
INFO: [ app_init ] --START--
INFO: Run Behavior\BuildLiteBehavior [ RunTime:0.000072s ]
INFO: [ app_init ] --END-- [ RunTime:0.001039s ]
ERR: æ— æ³•åŠ è½½æ¨¡å—:Public

[ 2016-07-17T13:28:29+08:00 ] 127.0.0.1 /Public/layer/min.js
INFO: [ app_init ] --START--
INFO: Run Behavior\BuildLiteBehavior [ RunTime:0.000034s ]
INFO: [ app_init ] --END-- [ RunTime:0.000577s ]
ERR: æ— æ³•åŠ è½½æ¨¡å—:Public

[ 2016-07-17T13:28:29+08:00 ] 127.0.0.1 /Public/layer/extend/ext.js
INFO: [ app_init ] --START--
INFO: Run Behavior\BuildLiteBehavior [ RunTime:0.000064s ]
INFO: [ app_init ] --END-- [ RunTime:0.001216s ]
ERR: æ— æ³•åŠ è½½æ¨¡å—:Public

[ 2016-07-17T13:28:29+08:00 ] 127.0.0.1 /Public/Js/login.js
INFO: [ app_init ] --START--
INFO: Run Behavior\BuildLiteBehavior [ RunTime:0.000066s ]
INFO: [ app_init ] --END-- [ RunTime:0.001008s ]
ERR: æ— æ³•åŠ è½½æ¨¡å—:Public

[ 2016-07-17T13:29:43+08:00 ] 127.0.0.1 /Public/stylesheets/theme.css
INFO: [ app_init ] --START--
INFO: Run Behavior\BuildLiteBehavior [ RunTime:0.000063s ]
INFO: [ app_init ] --END-- [ RunTime:0.001007s ]
ERR: æ— æ³•åŠ è½½æ¨¡å—:Public

[ 2016-07-17T13:29:43+08:00 ] 127.0.0.1 /Public/layer/min.js
INFO: [ app_init ] --START--
INFO: Run Behavior\BuildLiteBehavior [ RunTime:0.000073s ]
INFO: [ app_init ] --END-- [ RunTime:0.000982s ]
ERR: æ— æ³•åŠ è½½æ¨¡å—:Public

[ 2016-07-17T13:29:43+08:00 ] 127.0.0.1 /Public/font-awesome/css/font-awesome.css
INFO: [ app_init ] --START--
INFO: Run Behavior\BuildLiteBehavior [ RunTime:0.000065s ]
INFO: [ app_init ] --END-- [ RunTime:0.000969s ]
ERR: æ— æ³•åŠ è½½æ¨¡å—:Public

[ 2016-07-17T13:29:43+08:00 ] 127.0.0.1 /Public/layer/extend/ext.js
INFO: [ app_init ] --START--
INFO: Run Behavior\BuildLiteBehavior [ RunTime:0.000065s ]
INFO: [ app_init ] --END-- [ RunTime:0.001184s ]
ERR: æ— æ³•åŠ è½½æ¨¡å—:Public

[ 2016-07-17T13:29:43+08:00 ] 127.0.0.1 /Public/Js/login.js
INFO: [ app_init ] --START--
INFO: Run Behavior\BuildLiteBehavior [ RunTime:0.000088s ]
INFO: [ app_init ] --END-- [ RunTime:0.002308s ]
ERR: æ— æ³•åŠ è½½æ¨¡å—:Public

[ 2016-07-17T13:29:44+08:00 ] 127.0.0.1 /Public/layer/min.js
INFO: [ app_init ] --START--
INFO: Run Behavior\BuildLiteBehavior [ RunTime:0.000033s ]
INFO: [ app_init ] --END-- [ RunTime:0.000584s ]
ERR: æ— æ³•åŠ è½½æ¨¡å—:Public

[ 2016-07-17T13:29:44+08:00 ] 127.0.0.1 /Public/layer/extend/ext.js
INFO: [ app_init ] --START--
INFO: Run Behavior\BuildLiteBehavior [ RunTime:0.000032s ]
INFO: [ app_init ] --END-- [ RunTime:0.000556s ]
ERR: æ— æ³•åŠ è½½æ¨¡å—:Public

[ 2016-07-17T13:29:44+08:00 ] 127.0.0.1 /Public/Js/login.js
INFO: [ app_init ] --START--
INFO: Run Behavior\BuildLiteBehavior [ RunTime:0.000032s ]
INFO: [ app_init ] --END-- [ RunTime:0.000564s ]
ERR: æ— æ³•åŠ è½½æ¨¡å—:Public

[ 2016-07-17T13:30:08+08:00 ] 127.0.0.1 /Public/stylesheets/theme.css
INFO: [ app_init ] --START--
INFO: Run Behavior\BuildLiteBehavior [ RunTime:0.000062s ]
INFO: [ app_init ] --END-- [ RunTime:0.000999s ]
ERR: æ— æ³•åŠ è½½æ¨¡å—:Public

[ 2016-07-17T13:30:08+08:00 ] 127.0.0.1 /Public/layer/min.js
INFO: [ app_init ] --START--
INFO: Run Behavior\BuildLiteBehavior [ RunTime:0.000055s ]
INFO: [ app_init ] --END-- [ RunTime:0.000985s ]
ERR: æ— æ³•åŠ è½½æ¨¡å—:Public

[ 2016-07-17T13:30:08+08:00 ] 127.0.0.1 /Public/layer/extend/ext.js
INFO: [ app_init ] --START--
INFO: Run Behavior\BuildLiteBehavior [ RunTime:0.000063s ]
INFO: [ app_init ] --END-- [ RunTime:0.001365s ]
ERR: æ— æ³•åŠ è½½æ¨¡å—:Public

[ 2016-07-17T13:30:08+08:00 ] 127.0.0.1 /Public/font-awesome/css/font-awesome.css
INFO: [ app_init ] --START--
INFO: Run Behavior\BuildLiteBehavior [ RunTime:0.000032s ]
INFO: [ app_init ] --END-- [ RunTime:0.000576s ]
ERR: æ— æ³•åŠ è½½æ¨¡å—:Public

[ 2016-07-17T13:30:08+08:00 ] 127.0.0.1 /Public/Js/login.js
INFO: [ app_init ] --START--
INFO: Run Behavior\BuildLiteBehavior [ RunTime:0.000061s ]
INFO: [ app_init ] --END-- [ RunTime:0.001491s ]
ERR: æ— æ³•åŠ è½½æ¨¡å—:Public

[ 2016-07-17T13:30:08+08:00 ] 127.0.0.1 /Public/layer/min.js
INFO: [ app_init ] --START--
INFO: Run Behavior\BuildLiteBehavior [ RunTime:0.000030s ]
INFO: [ app_init ] --END-- [ RunTime:0.000514s ]
ERR: æ— æ³•åŠ è½½æ¨¡å—:Public

[ 2016-07-17T13:30:09+08:00 ] 127.0.0.1 /Public/layer/extend/ext.js
INFO: [ app_init ] --START--
INFO: Run Behavior\BuildLiteBehavior [ RunTime:0.000051s ]
INFO: [ app_init ] --END-- [ RunTime:0.000621s ]
ERR: æ— æ³•åŠ è½½æ¨¡å—:Public

[ 2016-07-17T13:30:09+08:00 ] 127.0.0.1 /Public/Js/login.js
INFO: [ app_init ] --START--
INFO: Run Behavior\BuildLiteBehavior [ RunTime:0.000032s ]
INFO: [ app_init ] --END-- [ RunTime:0.000583s ]
ERR: æ— æ³•åŠ è½½æ¨¡å—:Public

[ 2016-07-17T13:30:34+08:00 ] 127.0.0.1 /Public/stylesheets/theme.css
INFO: [ app_init ] --START--
INFO: Run Behavior\BuildLiteBehavior [ RunTime:0.000068s ]
INFO: [ app_init ] --END-- [ RunTime:0.000986s ]
ERR: æ— æ³•åŠ è½½æ¨¡å—:Public

[ 2016-07-17T13:30:34+08:00 ] 127.0.0.1 /Public/font-awesome/css/font-awesome.css
INFO: [ app_init ] --START--
INFO: Run Behavior\BuildLiteBehavior [ RunTime:0.000065s ]
INFO: [ app_init ] --END-- [ RunTime:0.004883s ]
ERR: æ— æ³•åŠ è½½æ¨¡å—:Public

[ 2016-07-17T13:30:34+08:00 ] 127.0.0.1 /Public/layer/min.js
INFO: [ app_init ] --START--
INFO: Run Behavior\BuildLiteBehavior [ RunTime:0.000058s ]
INFO: [ app_init ] --END-- [ RunTime:0.000917s ]
ERR: æ— æ³•åŠ è½½æ¨¡å—:Public

[ 2016-07-17T13:30:34+08:00 ] 127.0.0.1 /Public/layer/extend/ext.js
INFO: [ app_init ] --START--
INFO: Run Behavior\BuildLiteBehavior [ RunTime:0.000061s ]
INFO: [ app_init ] --END-- [ RunTime:0.000943s ]
ERR: æ— æ³•åŠ è½½æ¨¡å—:Public

[ 2016-07-17T13:30:34+08:00 ] 127.0.0.1 /Public/layer/min.js
INFO: [ app_init ] --START--
INFO: Run Behavior\BuildLiteBehavior [ RunTime:0.000056s ]
INFO: [ app_init ] --END-- [ RunTime:0.001023s ]
ERR: æ— æ³•åŠ è½½æ¨¡å—:Public

[ 2016-07-17T13:30:34+08:00 ] 127.0.0.1 /Public/layer/extend/ext.js
INFO: [ app_init ] --START--
INFO: Run Behavior\BuildLiteBehavior [ RunTime:0.000056s ]
INFO: [ app_init ] --END-- [ RunTime:0.000735s ]
ERR: æ— æ³•åŠ è½½æ¨¡å—:Public

[ 2016-07-17T13:30:34+08:00 ] 127.0.0.1 /Public/Js/login.js
INFO: [ app_init ] --START--
INFO: Run Behavior\BuildLiteBehavior [ RunTime:0.000032s ]
INFO: [ app_init ] --END-- [ RunTime:0.000652s ]
ERR: æ— æ³•åŠ è½½æ¨¡å—:Public

[ 2016-07-17T16:04:14+08:00 ] 127.0.0.1 /Public/stylesheets/theme.css
INFO: [ app_init ] --START--
INFO: Run Behavior\BuildLiteBehavior [ RunTime:0.000061s ]
INFO: [ app_init ] --END-- [ RunTime:0.000992s ]
ERR: æ— æ³•åŠ è½½æ¨¡å—:Public

[ 2016-07-17T16:04:14+08:00 ] 127.0.0.1 /Public/layer/min.js
INFO: [ app_init ] --START--
INFO: Run Behavior\BuildLiteBehavior [ RunTime:0.000070s ]
INFO: [ app_init ] --END-- [ RunTime:0.001271s ]
ERR: æ— æ³•åŠ è½½æ¨¡å—:Public

[ 2016-07-17T16:04:14+08:00 ] 127.0.0.1 /Public/font-awesome/css/font-awesome.css
INFO: [ app_init ] --START--
INFO: Run Behavior\BuildLiteBehavior [ RunTime:0.000067s ]
INFO: [ app_init ] --END-- [ RunTime:0.009944s ]
ERR: æ— æ³•åŠ è½½æ¨¡å—:Public

[ 2016-07-17T16:04:14+08:00 ] 127.0.0.1 /Public/layer/extend/ext.js
INFO: [ app_init ] --START--
INFO: Run Behavior\BuildLiteBehavior [ RunTime:0.000065s ]
INFO: [ app_init ] --END-- [ RunTime:0.001671s ]
ERR: æ— æ³•åŠ è½½æ¨¡å—:Public

[ 2016-07-17T16:04:14+08:00 ] 127.0.0.1 /Public/Js/login.js
INFO: [ app_init ] --START--
INFO: Run Behavior\BuildLiteBehavior [ RunTime:0.000059s ]
INFO: [ app_init ] --END-- [ RunTime:0.007033s ]
ERR: æ— æ³•åŠ è½½æ¨¡å—:Public

[ 2016-07-17T16:04:14+08:00 ] 127.0.0.1 /Public/layer/min.js
INFO: [ app_init ] --START--
INFO: Run Behavior\BuildLiteBehavior [ RunTime:0.000034s ]
INFO: [ app_init ] --END-- [ RunTime:0.000627s ]
ERR: æ— æ³•åŠ è½½æ¨¡å—:Public

[ 2016-07-17T16:04:14+08:00 ] 127.0.0.1 /Public/layer/extend/ext.js
INFO: [ app_init ] --START--
INFO: Run Behavior\BuildLiteBehavior [ RunTime:0.000033s ]
INFO: [ app_init ] --END-- [ RunTime:0.000587s ]
ERR: æ— æ³•åŠ è½½æ¨¡å—:Public

[ 2016-07-17T16:04:14+08:00 ] 127.0.0.1 /Public/Js/login.js
INFO: [ app_init ] --START--
INFO: Run Behavior\BuildLiteBehavior [ RunTime:0.000036s ]
INFO: [ app_init ] --END-- [ RunTime:0.000677s ]
ERR: æ— æ³•åŠ è½½æ¨¡å—:Public

